<?xml version="1.0" encoding="UTF-8" standalone="yes"?><!DOCTYPE report PUBLIC "-//JACOCO//DTD Report 1.1//EN" "report.dtd"><report name="avalon"><sessioninfo id="runnervmrg6be-e4964f87" start="1774522147097" dump="1774522156766"/><sessioninfo id="runnervmrg6be-884a9f33" start="1774522146569" dump="1774522172708"/><sessioninfo id="runnervmrg6be-8001dfc0" start="1774522164873" dump="1774522180458"/><sessioninfo id="runnervmrg6be-51177612" start="1774522177802" dump="1774522184126"/><sessioninfo id="runnervmrg6be-c8dcdd01" start="1774522186468" dump="1774522196667"/><sessioninfo id="runnervmrg6be-e1d95a63" start="1774522199332" dump="1774522209772"/><sessioninfo id="runnervmrg6be-5676ae7f" start="1774522189865" dump="1774522212141"/><sessioninfo id="runnervmrg6be-414a766c" start="1774522220816" dump="1774522266554"/><sessioninfo id="runnervm46oaq-b00331cd" start="1774527705212" dump="1774527712826"/><sessioninfo id="runnervm46oaq-9777a41" start="1774527704173" dump="1774527715164"/><sessioninfo id="runnervm46oaq-be73de9b" start="1774527701009" dump="1774527733957"/><package name="io/github/lishangbu/avalon/web/exception"><class name="io/github/lishangbu/avalon/web/exception/GlobalExceptionHandler$Companion" sourcefilename="GlobalExceptionHandler.kt"/><class name="io/github/lishangbu/avalon/web/exception/GlobalExceptionHandler" sourcefilename="GlobalExceptionHandler.kt"><method name="&lt;init&gt;" desc="()V" line="27"><counter type="INSTRUCTION" missed="0" covered="3"/><counter type="LINE" missed="0" covered="1"/><counter type="COMPLEXITY" missed="0" covered="1"/><counter type="METHOD" missed="0" covered="1"/></method><method name="handleGlobalException" desc="(Ljava/lang/Exception;)Lio/github/lishangbu/avalon/web/result/ApiResult;" line="34"><counter type="INSTRUCTION" missed="0" covered="24"/><counter type="BRANCH" missed="0" covered="2"/><counter type="LINE" missed="0" covered="2"/><counter type="COMPLEXITY" missed="0" covered="2"/><counter type="METHOD" missed="0" covered="1"/></method><method name="handleRuntimeException" desc="(Ljava/lang/RuntimeException;)Lio/github/lishangbu/avalon/web/result/ApiResult;" line="42"><counter type="INSTRUCTION" missed="0" covered="24"/><counter type="BRANCH" missed="0" covered="2"/><counter type="LINE" missed="0" covered="2"/><counter type="COMPLEXITY" missed="0" covered="2"/><counter type="METHOD" missed="0" covered="1"/></method><method name="handleHttpMessageNotWritableException" desc="(Lorg/springframework/http/converter/HttpMessageNotWritableException;)Lio/github/lishangbu/avalon/web/result/ApiResult;" line="52"><counter type="INSTRUCTION" missed="0" covered="24"/><counter type="BRANCH" missed="0" covered="2"/><counter type="LINE" missed="0" covered="2"/><counter type="COMPLEXITY" missed="0" covered="2"/><counter type="METHOD" missed="0" covered="1"/></method><method name="handleBodyValidException" desc="(Ljava/lang/Exception;)Lio/github/lishangbu/avalon/web/result/ApiResult;" line="60"><counter type="INSTRUCTION" missed="0" covered="56"/><counter type="BRANCH" missed="0" covered="4"/><counter type="LINE" missed="0" covered="8"/><counter type="COMPLEXITY" missed="0" covered="3"/><counter type="METHOD" missed="0" covered="1"/></method><method name="handleIllegalArgumentException" desc="(Ljava/lang/IllegalArgumentException;)Lio/github/lishangbu/avalon/web/result/ApiResult;" line="75"><counter type="INSTRUCTION" missed="0" covered="23"/><counter type="BRANCH" missed="0" covered="2"/><counter type="LINE" missed="0" covered="2"/><counter type="COMPLEXITY" missed="0" covered="2"/><counter type="METHOD" missed="0" covered="1"/></method><method name="handleIllegalStateException" desc="(Ljava/lang/IllegalStateException;)Lio/github/lishangbu/avalon/web/result/ApiResult;" line="83"><counter type="INSTRUCTION" missed="0" covered="23"/><counter type="BRANCH" missed="0" covered="2"/><counter type="LINE" missed="0" covered="2"/><counter type="COMPLEXITY" missed="0" covered="2"/><counter type="METHOD" missed="0" covered="1"/></method><method name="handleSQLException" desc="(Ljava/sql/SQLException;)Lio/github/lishangbu/avalon/web/result/ApiResult;" line="91"><counter type="INSTRUCTION" missed="0" covered="19"/><counter type="LINE" missed="0" covered="2"/><counter type="COMPLEXITY" missed="0" covered="1"/><counter type="METHOD" missed="0" covered="1"/></method><method name="handleUnsupportedOperationException" desc="(Ljava/lang/UnsupportedOperationException;)Lio/github/lishangbu/avalon/web/result/ApiResult;" line="101"><counter type="INSTRUCTION" missed="0" covered="23"/><counter type="BRANCH" missed="0" covered="2"/><counter type="LINE" missed="0" covered="2"/><counter type="COMPLEXITY" missed="0" covered="2"/><counter type="METHOD" missed="0" covered="1"/></method><method name="handleNoResourceFoundException" desc="(Lorg/springframework/web/servlet/resource/NoResourceFoundException;)Lio/github/lishangbu/avalon/web/result/ApiResult;" line="109"><counter type="INSTRUCTION" missed="0" covered="22"/><counter type="LINE" missed="0" covered="4"/><counter type="COMPLEXITY" missed="0" covered="1"/><counter type="METHOD" missed="0" covered="1"/></method><method name="handleHttpRequestMethodNotSupportedException" desc="(Lorg/springframework/web/HttpRequestMethodNotSupportedException;)Lio/github/lishangbu/avalon/web/result/ApiResult;" line="122"><counter type="INSTRUCTION" missed="0" covered="15"/><counter type="LINE" missed="0" covered="4"/><counter type="COMPLEXITY" missed="0" covered="1"/><counter type="METHOD" missed="0" covered="1"/></method><method name="handleBodyValidException$lambda$0" desc="(Lorg/springframework/validation/FieldError;)Ljava/lang/CharSequence;" line="66"><counter type="INSTRUCTION" missed="0" covered="8"/><counter type="BRANCH" missed="0" covered="2"/><counter type="LINE" missed="0" covered="1"/><counter type="COMPLEXITY" missed="0" covered="2"/><counter type="METHOD" missed="0" covered="1"/></method><method name="&lt;clinit&gt;" desc="()V" line="129"><counter type="INSTRUCTION" missed="0" covered="4"/><counter type="LINE" missed="0" covered="1"/><counter type="COMPLEXITY" missed="0" covered="1"/><counter type="METHOD" missed="0" covered="1"/></method><counter type="INSTRUCTION" missed="0" covered="268"/><counter type="BRANCH" missed="0" covered="18"/><counter type="LINE" missed="0" covered="32"/><counter type="COMPLEXITY" missed="0" covered="22"/><counter type="METHOD" missed="0" covered="13"/><counter type="CLASS" missed="0" covered="1"/></class><sourcefile name="GlobalExceptionHandler.kt"><line nr="27" mi="0" ci="3" mb="0" cb="0"/><line nr="34" mi="0" ci="6" mb="0" cb="0"/><line nr="35" mi="0" ci="18" mb="0" cb="2"/><line nr="42" mi="0" ci="6" mb="0" cb="0"/><line nr="43" mi="0" ci="18" mb="0" cb="2"/><line nr="52" mi="0" ci="6" mb="0" cb="0"/><line nr="53" mi="0" ci="18" mb="0" cb="2"/><line nr="60" mi="0" ci="1" mb="0" cb="0"/><line nr="61" mi="0" ci="2" mb="0" cb="0"/><line nr="62" mi="0" ci="11" mb="0" cb="2"/><line nr="63" mi="0" ci="11" mb="0" cb="2"/><line nr="64" mi="0" ci="1" mb="0" cb="0"/><line nr="66" mi="0" ci="21" mb="0" cb="2"/><line nr="67" mi="0" ci="4" mb="0" cb="0"/><line nr="68" mi="0" ci="13" mb="0" cb="0"/><line nr="75" mi="0" ci="5" mb="0" cb="0"/><line nr="76" mi="0" ci="18" mb="0" cb="2"/><line nr="83" mi="0" ci="5" mb="0" cb="0"/><line nr="84" mi="0" ci="18" mb="0" cb="2"/><line nr="91" mi="0" ci="6" mb="0" cb="0"/><line nr="92" mi="0" ci="13" mb="0" cb="0"/><line nr="101" mi="0" ci="5" mb="0" cb="0"/><line nr="102" mi="0" ci="18" mb="0" cb="2"/><line nr="109" mi="0" ci="7" mb="0" cb="0"/><line nr="110" mi="0" ci="3" mb="0" cb="0"/><line nr="111" mi="0" ci="2" mb="0" cb="0"/><line nr="112" mi="0" ci="10" mb="0" cb="0"/><line nr="122" mi="0" ci="2" mb="0" cb="0"/><line nr="123" mi="0" ci="2" mb="0" cb="0"/><line nr="124" mi="0" ci="10" mb="0" cb="0"/><line nr="125" mi="0" ci="1" mb="0" cb="0"/><line nr="129" mi="0" ci="4" mb="0" cb="0"/><counter type="INSTRUCTION" missed="0" covered="268"/><counter type="BRANCH" missed="0" covered="18"/><counter type="LINE" missed="0" covered="32"/><counter type="COMPLEXITY" missed="0" covered="22"/><counter type="METHOD" missed="0" covered="13"/><counter type="CLASS" missed="0" covered="1"/></sourcefile><counter type="INSTRUCTION" missed="0" covered="268"/><counter type="BRANCH" missed="0" covered="18"/><counter type="LINE" missed="0" covered="32"/><counter type="COMPLEXITY" missed="0" covered="22"/><counter type="METHOD" missed="0" covered="13"/><counter type="CLASS" missed="0" covered="1"/></package><package name="io/github/lishangbu/avalon/dataset/repository"><class name="io/github/lishangbu/avalon/dataset/repository/BerryRepository" sourcefilename="BerryRepository.kt"/><class name="io/github/lishangbu/avalon/dataset/repository/GrowthRateRepositoryImpl" sourcefilename="GrowthRateRepositoryImpl.kt"><method name="&lt;init&gt;" desc="(Lorg/babyfish/jimmer/sql/kt/KSqlClient;)V" line="11"><counter type="INSTRUCTION" missed="0" covered="6"/><counter type="LINE" missed="0" covered="3"/><counter type="COMPLEXITY" missed="0" covered="1"/><counter type="METHOD" missed="0" covered="1"/></method><method name="findAll" desc="()Ljava/util/List;" line="18"><counter type="INSTRUCTION" missed="0" covered="13"/><counter type="LINE" missed="0" covered="3"/><counter type="COMPLEXITY" missed="0" covered="1"/><counter type="METHOD" missed="0" covered="1"/></method><method name="findAll" desc="(Lio/github/lishangbu/avalon/dataset/entity/dto/GrowthRateSpecification;)Ljava/util/List;" line="25"><counter type="INSTRUCTION" missed="0" covered="14"/><counter type="LINE" missed="0" covered="3"/><counter type="COMPLEXITY" missed="0" covered="1"/><counter type="METHOD" missed="0" covered="1"/></method><method name="findById" desc="(J)Lio/github/lishangbu/avalon/dataset/entity/GrowthRate;" line="32"><counter type="INSTRUCTION" missed="0" covered="9"/><counter type="LINE" missed="0" covered="1"/><counter type="COMPLEXITY" missed="0" covered="1"/><counter type="METHOD" missed="0" covered="1"/></method><method name="save" desc="(Lio/github/lishangbu/avalon/dataset/entity/GrowthRate;)Lio/github/lishangbu/avalon/dataset/entity/GrowthRate;" line="36"><counter type="INSTRUCTION" missed="0" covered="9"/><counter type="LINE" missed="0" covered="3"/><counter type="COMPLEXITY" missed="0" covered="1"/><counter type="METHOD" missed="0" covered="1"/></method><method name="saveAndFlush" desc="(Lio/github/lishangbu/avalon/dataset/entity/GrowthRate;)Lio/github/lishangbu/avalon/dataset/entity/GrowthRate;" line="43"><counter type="INSTRUCTION" missed="0" covered="4"/><counter type="LINE" missed="0" covered="1"/><counter type="COMPLEXITY" missed="0" covered="1"/><counter type="METHOD" missed="0" covered="1"/></method><method name="deleteById" desc="(J)V" line="47"><counter type="INSTRUCTION" missed="0" covered="13"/><counter type="LINE" missed="0" covered="4"/><counter type="COMPLEXITY" missed="0" covered="1"/><counter type="METHOD" missed="0" covered="1"/></method><method name="flush" desc="()V" line="55"><counter type="INSTRUCTION" missed="0" covered="1"/><counter type="LINE" missed="0" covered="1"/><counter type="COMPLEXITY" missed="0" covered="1"/><counter type="METHOD" missed="0" covered="1"/></method><method name="findAll$lambda$0" desc="(Lorg/babyfish/jimmer/sql/kt/ast/query/KMutableRootQuery$ForEntity;)Lorg/babyfish/jimmer/sql/kt/ast/query/KConfigurableRootQuery;" line="20"><counter type="INSTRUCTION" missed="0" covered="6"/><counter type="LINE" missed="0" covered="1"/><counter type="COMPLEXITY" missed="0" covered="1"/><counter type="METHOD" missed="0" covered="1"/></method><method name="findAll$lambda$1" desc="(Lio/github/lishangbu/avalon/dataset/entity/dto/GrowthRateSpecification;Lorg/babyfish/jimmer/sql/kt/ast/query/KMutableRootQuery$ForEntity;)Lorg/babyfish/jimmer/sql/kt/ast/query/KConfigurableRootQuery;" line="27"><counter type="INSTRUCTION" missed="2" covered="15"/><counter type="BRANCH" missed="1" covered="1"/><counter type="LINE" missed="0" covered="2"/><counter type="COMPLEXITY" missed="1" covered="1"/><counter type="METHOD" missed="0" covered="1"/></method><method name="save$lambda$0" desc="(Lio/github/lishangbu/avalon/dataset/entity/GrowthRate;Lorg/babyfish/jimmer/sql/kt/ast/mutation/KSaveCommandDsl;)Lkotlin/Unit;" line="38"><counter type="INSTRUCTION" missed="0" covered="24"/><counter type="BRANCH" missed="0" covered="4"/><counter type="LINE" missed="0" covered="3"/><counter type="COMPLEXITY" missed="0" covered="3"/><counter type="METHOD" missed="0" covered="1"/></method><method name="deleteById$lambda$0" desc="(JLorg/babyfish/jimmer/sql/kt/ast/mutation/KMutableDelete;)Lkotlin/Unit;" line="49"><counter type="INSTRUCTION" missed="0" covered="21"/><counter type="LINE" missed="0" covered="3"/><counter type="COMPLEXITY" missed="0" covered="1"/><counter type="METHOD" missed="0" covered="1"/></method><counter type="INSTRUCTION" missed="2" covered="135"/><counter type="BRANCH" missed="1" covered="5"/><counter type="LINE" missed="0" covered="26"/><counter type="COMPLEXITY" missed="1" covered="14"/><counter type="METHOD" missed="0" covered="12"/><counter type="CLASS" missed="0" covered="1"/></class><class name="io/github/lishangbu/avalon/dataset/repository/ItemAttributeRepository" sourcefilename="ItemAttributeRepository.kt"/><class name="io/github/lishangbu/avalon/dataset/repository/EggGroupRepository" sourcefilename="EggGroupRepository.kt"/><class name="io/github/lishangbu/avalon/dataset/repository/NatureRepository" sourcefilename="NatureRepository.kt"/><class name="io/github/lishangbu/avalon/dataset/repository/ItemFlingEffectRepository" sourcefilename="ItemFlingEffectRepository.kt"/><class name="io/github/lishangbu/avalon/dataset/repository/PokemonRepository" sourcefilename="PokemonRepository.kt"/><class name="io/github/lishangbu/avalon/dataset/repository/TypeEffectivenessEntryRepositoryImpl" sourcefilename="TypeEffectivenessEntryRepositoryImpl.kt"><method name="&lt;init&gt;" desc="(Lorg/babyfish/jimmer/sql/kt/KSqlClient;)V" line="10"><counter type="INSTRUCTION" missed="0" covered="6"/><counter type="LINE" missed="0" covered="3"/><counter type="COMPLEXITY" missed="0" covered="1"/><counter type="METHOD" missed="0" covered="1"/></method><method name="findAll" desc="(Ljava/lang/Long;Ljava/lang/Long;Ljava/lang/Integer;)Ljava/util/List;" line="21"><counter type="INSTRUCTION" missed="0" covered="16"/><counter type="LINE" missed="0" covered="3"/><counter type="COMPLEXITY" missed="0" covered="1"/><counter type="METHOD" missed="0" covered="1"/></method><method name="findPage" desc="(Ljava/lang/Long;Ljava/lang/Long;Ljava/lang/Integer;Lorg/springframework/data/domain/Pageable;)Lorg/babyfish/jimmer/Page;" line="36"><counter type="INSTRUCTION" missed="0" covered="18"/><counter type="LINE" missed="0" covered="3"/><counter type="COMPLEXITY" missed="0" covered="1"/><counter type="METHOD" missed="0" covered="1"/></method><method name="save" desc="(Lio/github/lishangbu/avalon/dataset/entity/TypeEffectivenessEntry;)Lio/github/lishangbu/avalon/dataset/entity/TypeEffectivenessEntry;" line="45"><counter type="INSTRUCTION" missed="0" covered="11"/><counter type="LINE" missed="0" covered="1"/><counter type="COMPLEXITY" missed="0" covered="1"/><counter type="METHOD" missed="0" covered="1"/></method><method name="deleteById" desc="(Lio/github/lishangbu/avalon/dataset/entity/TypeEffectivenessEntryId;)V" line="49"><counter type="INSTRUCTION" missed="0" covered="13"/><counter type="LINE" missed="0" covered="4"/><counter type="COMPLEXITY" missed="0" covered="1"/><counter type="METHOD" missed="0" covered="1"/></method><method name="findAll$lambda$0" desc="(Ljava/lang/Long;Ljava/lang/Long;Ljava/lang/Integer;Lorg/babyfish/jimmer/sql/kt/ast/query/KMutableRootQuery$ForEntity;)Lorg/babyfish/jimmer/sql/kt/ast/query/KConfigurableRootQuery;" line="23"><counter type="INSTRUCTION" missed="4" covered="82"/><counter type="BRANCH" missed="2" covered="4"/><counter type="LINE" missed="0" covered="4"/><counter type="COMPLEXITY" missed="2" covered="2"/><counter type="METHOD" missed="0" covered="1"/></method><method name="findPage$lambda$0" desc="(Ljava/lang/Long;Ljava/lang/Long;Ljava/lang/Integer;Lorg/babyfish/jimmer/sql/kt/ast/query/KMutableRootQuery$ForEntity;)Lorg/babyfish/jimmer/sql/kt/ast/query/KConfigurableRootQuery;" line="38"><counter type="INSTRUCTION" missed="26" covered="60"/><counter type="BRANCH" missed="3" covered="3"/><counter type="LINE" missed="0" covered="4"/><counter type="COMPLEXITY" missed="3" covered="1"/><counter type="METHOD" missed="0" covered="1"/></method><method name="deleteById$lambda$0" desc="(Lio/github/lishangbu/avalon/dataset/entity/TypeEffectivenessEntryId;Lorg/babyfish/jimmer/sql/kt/ast/mutation/KMutableDelete;)Lkotlin/Unit;" line="51"><counter type="INSTRUCTION" missed="0" covered="42"/><counter type="LINE" missed="0" covered="4"/><counter type="COMPLEXITY" missed="0" covered="1"/><counter type="METHOD" missed="0" covered="1"/></method><counter type="INSTRUCTION" missed="30" covered="248"/><counter type="BRANCH" missed="5" covered="7"/><counter type="LINE" missed="0" covered="25"/><counter type="COMPLEXITY" missed="5" covered="9"/><counter type="METHOD" missed="0" covered="8"/><counter type="CLASS" missed="0" covered="1"/></class><class name="io/github/lishangbu/avalon/dataset/repository/GenderRepository" sourcefilename="GenderRepository.kt"/><class name="io/github/lishangbu/avalon/dataset/repository/ItemPocketRepository" sourcefilename="ItemPocketRepository.kt"/><class name="io/github/lishangbu/avalon/dataset/repository/TypeRepository" sourcefilename="TypeRepository.kt"/><class name="io/github/lishangbu/avalon/dataset/repository/PokemonShapeRepository" sourcefilename="PokemonShapeRepository.kt"/><class name="io/github/lishangbu/avalon/dataset/repository/MoveRepository" sourcefilename="MoveRepository.kt"/><class name="io/github/lishangbu/avalon/dataset/repository/BerryRepositoryImpl" sourcefilename="BerryRepositoryImpl.kt"><method name="&lt;init&gt;" desc="(Lorg/babyfish/jimmer/sql/kt/KSqlClient;)V" line="16"><counter type="INSTRUCTION" missed="0" covered="6"/><counter type="LINE" missed="0" covered="3"/><counter type="COMPLEXITY" missed="0" covered="1"/><counter type="METHOD" missed="0" covered="1"/></method><method name="findAll" desc="(Lio/github/lishangbu/avalon/dataset/entity/dto/BerrySpecification;)Ljava/util/List;" line="23"><counter type="INSTRUCTION" missed="0" covered="14"/><counter type="LINE" missed="0" covered="3"/><counter type="COMPLEXITY" missed="0" covered="1"/><counter type="METHOD" missed="0" covered="1"/></method><method name="findAll" desc="(Lio/github/lishangbu/avalon/dataset/entity/dto/BerrySpecification;Lorg/springframework/data/domain/Pageable;)Lorg/babyfish/jimmer/Page;" line="34"><counter type="INSTRUCTION" missed="0" covered="16"/><counter type="LINE" missed="0" covered="3"/><counter type="COMPLEXITY" missed="0" covered="1"/><counter type="METHOD" missed="0" covered="1"/></method><method name="findById" desc="(J)Lio/github/lishangbu/avalon/dataset/entity/Berry;" line="41"><counter type="INSTRUCTION" missed="0" covered="9"/><counter type="LINE" missed="0" covered="1"/><counter type="COMPLEXITY" missed="0" covered="1"/><counter type="METHOD" missed="0" covered="1"/></method><method name="save" desc="(Lio/github/lishangbu/avalon/dataset/entity/Berry;)Lio/github/lishangbu/avalon/dataset/entity/Berry;" line="44"><counter type="INSTRUCTION" missed="0" covered="11"/><counter type="LINE" missed="0" covered="1"/><counter type="COMPLEXITY" missed="0" covered="1"/><counter type="METHOD" missed="0" covered="1"/></method><method name="saveAndFlush" desc="(Lio/github/lishangbu/avalon/dataset/entity/Berry;)Lio/github/lishangbu/avalon/dataset/entity/Berry;" line="47"><counter type="INSTRUCTION" missed="0" covered="4"/><counter type="LINE" missed="0" covered="1"/><counter type="COMPLEXITY" missed="0" covered="1"/><counter type="METHOD" missed="0" covered="1"/></method><method name="deleteById" desc="(J)V" line="51"><counter type="INSTRUCTION" missed="0" covered="13"/><counter type="LINE" missed="0" covered="4"/><counter type="COMPLEXITY" missed="0" covered="1"/><counter type="METHOD" missed="0" covered="1"/></method><method name="flush" desc="()V" line="59"><counter type="INSTRUCTION" missed="0" covered="1"/><counter type="LINE" missed="0" covered="1"/><counter type="COMPLEXITY" missed="0" covered="1"/><counter type="METHOD" missed="0" covered="1"/></method><method name="findAll$lambda$0" desc="(Lio/github/lishangbu/avalon/dataset/entity/dto/BerrySpecification;Lorg/babyfish/jimmer/sql/kt/ast/query/KMutableRootQuery$ForEntity;)Lorg/babyfish/jimmer/sql/kt/ast/query/KConfigurableRootQuery;" line="25"><counter type="INSTRUCTION" missed="2" covered="15"/><counter type="BRANCH" missed="1" covered="1"/><counter type="LINE" missed="0" covered="2"/><counter type="COMPLEXITY" missed="1" covered="1"/><counter type="METHOD" missed="0" covered="1"/></method><method name="findAll$lambda$1" desc="(Lio/github/lishangbu/avalon/dataset/entity/dto/BerrySpecification;Lorg/babyfish/jimmer/sql/kt/ast/query/KMutableRootQuery$ForEntity;)Lorg/babyfish/jimmer/sql/kt/ast/query/KConfigurableRootQuery;" line="36"><counter type="INSTRUCTION" missed="2" covered="15"/><counter type="BRANCH" missed="1" covered="1"/><counter type="LINE" missed="0" covered="2"/><counter type="COMPLEXITY" missed="1" covered="1"/><counter type="METHOD" missed="0" covered="1"/></method><method name="deleteById$lambda$0" desc="(JLorg/babyfish/jimmer/sql/kt/ast/mutation/KMutableDelete;)Lkotlin/Unit;" line="53"><counter type="INSTRUCTION" missed="0" covered="21"/><counter type="LINE" missed="0" covered="3"/><counter type="COMPLEXITY" missed="0" covered="1"/><counter type="METHOD" missed="0" covered="1"/></method><counter type="INSTRUCTION" missed="4" covered="125"/><counter type="BRANCH" missed="2" covered="2"/><counter type="LINE" missed="0" covered="23"/><counter type="COMPLEXITY" missed="2" covered="11"/><counter type="METHOD" missed="0" covered="11"/><counter type="CLASS" missed="0" covered="1"/></class><class name="io/github/lishangbu/avalon/dataset/repository/BerryFirmnessRepository" sourcefilename="BerryFirmnessRepository.kt"/><class name="io/github/lishangbu/avalon/dataset/repository/ItemCategoryRepository" sourcefilename="ItemCategoryRepository.kt"/><class name="io/github/lishangbu/avalon/dataset/repository/MoveLearnMethodRepository" sourcefilename="MoveLearnMethodRepository.kt"/><class name="io/github/lishangbu/avalon/dataset/repository/MoveCategoryRepository" sourcefilename="MoveCategoryRepository.kt"/><class name="io/github/lishangbu/avalon/dataset/repository/BerryFirmnessRepositoryImpl" sourcefilename="BerryFirmnessRepositoryImpl.kt"><method name="&lt;init&gt;" desc="(Lorg/babyfish/jimmer/sql/kt/KSqlClient;)V" line="13"><counter type="INSTRUCTION" missed="0" covered="6"/><counter type="LINE" missed="0" covered="3"/><counter type="COMPLEXITY" missed="0" covered="1"/><counter type="METHOD" missed="0" covered="1"/></method><method name="findAll" desc="()Ljava/util/List;" line="20"><counter type="INSTRUCTION" missed="0" covered="13"/><counter type="LINE" missed="0" covered="3"/><counter type="COMPLEXITY" missed="0" covered="1"/><counter type="METHOD" missed="0" covered="1"/></method><method name="findAll" desc="(Lio/github/lishangbu/avalon/dataset/entity/dto/BerryFirmnessSpecification;)Ljava/util/List;" line="27"><counter type="INSTRUCTION" missed="0" covered="14"/><counter type="LINE" missed="0" covered="3"/><counter type="COMPLEXITY" missed="0" covered="1"/><counter type="METHOD" missed="0" covered="1"/></method><method name="findAll" desc="(Lio/github/lishangbu/avalon/dataset/entity/dto/BerryFirmnessSpecification;Lorg/springframework/data/domain/Pageable;)Lorg/babyfish/jimmer/Page;" line="38"><counter type="INSTRUCTION" missed="0" covered="16"/><counter type="LINE" missed="0" covered="3"/><counter type="COMPLEXITY" missed="0" covered="1"/><counter type="METHOD" missed="0" covered="1"/></method><method name="findById" desc="(J)Lio/github/lishangbu/avalon/dataset/entity/BerryFirmness;" line="45"><counter type="INSTRUCTION" missed="0" covered="9"/><counter type="LINE" missed="0" covered="1"/><counter type="COMPLEXITY" missed="0" covered="1"/><counter type="METHOD" missed="0" covered="1"/></method><method name="save" desc="(Lio/github/lishangbu/avalon/dataset/entity/BerryFirmness;)Lio/github/lishangbu/avalon/dataset/entity/BerryFirmness;" line="49"><counter type="INSTRUCTION" missed="0" covered="9"/><counter type="LINE" missed="0" covered="3"/><counter type="COMPLEXITY" missed="0" covered="1"/><counter type="METHOD" missed="0" covered="1"/></method><method name="saveAndFlush" desc="(Lio/github/lishangbu/avalon/dataset/entity/BerryFirmness;)Lio/github/lishangbu/avalon/dataset/entity/BerryFirmness;" line="56"><counter type="INSTRUCTION" missed="0" covered="4"/><counter type="LINE" missed="0" covered="1"/><counter type="COMPLEXITY" missed="0" covered="1"/><counter type="METHOD" missed="0" covered="1"/></method><method name="deleteById" desc="(J)V" line="60"><counter type="INSTRUCTION" missed="0" covered="13"/><counter type="LINE" missed="0" covered="4"/><counter type="COMPLEXITY" missed="0" covered="1"/><counter type="METHOD" missed="0" covered="1"/></method><method name="flush" desc="()V" line="68"><counter type="INSTRUCTION" missed="0" covered="1"/><counter type="LINE" missed="0" covered="1"/><counter type="COMPLEXITY" missed="0" covered="1"/><counter type="METHOD" missed="0" covered="1"/></method><method name="findAll$lambda$0" desc="(Lorg/babyfish/jimmer/sql/kt/ast/query/KMutableRootQuery$ForEntity;)Lorg/babyfish/jimmer/sql/kt/ast/query/KConfigurableRootQuery;" line="22"><counter type="INSTRUCTION" missed="0" covered="6"/><counter type="LINE" missed="0" covered="1"/><counter type="COMPLEXITY" missed="0" covered="1"/><counter type="METHOD" missed="0" covered="1"/></method><method name="findAll$lambda$1" desc="(Lio/github/lishangbu/avalon/dataset/entity/dto/BerryFirmnessSpecification;Lorg/babyfish/jimmer/sql/kt/ast/query/KMutableRootQuery$ForEntity;)Lorg/babyfish/jimmer/sql/kt/ast/query/KConfigurableRootQuery;" line="29"><counter type="INSTRUCTION" missed="2" covered="15"/><counter type="BRANCH" missed="1" covered="1"/><counter type="LINE" missed="0" covered="2"/><counter type="COMPLEXITY" missed="1" covered="1"/><counter type="METHOD" missed="0" covered="1"/></method><method name="findAll$lambda$2" desc="(Lio/github/lishangbu/avalon/dataset/entity/dto/BerryFirmnessSpecification;Lorg/babyfish/jimmer/sql/kt/ast/query/KMutableRootQuery$ForEntity;)Lorg/babyfish/jimmer/sql/kt/ast/query/KConfigurableRootQuery;" line="40"><counter type="INSTRUCTION" missed="2" covered="15"/><counter type="BRANCH" missed="1" covered="1"/><counter type="LINE" missed="0" covered="2"/><counter type="COMPLEXITY" missed="1" covered="1"/><counter type="METHOD" missed="0" covered="1"/></method><method name="save$lambda$0" desc="(Lio/github/lishangbu/avalon/dataset/entity/BerryFirmness;Lorg/babyfish/jimmer/sql/kt/ast/mutation/KSaveCommandDsl;)Lkotlin/Unit;" line="51"><counter type="INSTRUCTION" missed="0" covered="24"/><counter type="BRANCH" missed="0" covered="4"/><counter type="LINE" missed="0" covered="3"/><counter type="COMPLEXITY" missed="0" covered="3"/><counter type="METHOD" missed="0" covered="1"/></method><method name="deleteById$lambda$0" desc="(JLorg/babyfish/jimmer/sql/kt/ast/mutation/KMutableDelete;)Lkotlin/Unit;" line="62"><counter type="INSTRUCTION" missed="0" covered="21"/><counter type="LINE" missed="0" covered="3"/><counter type="COMPLEXITY" missed="0" covered="1"/><counter type="METHOD" missed="0" covered="1"/></method><counter type="INSTRUCTION" missed="4" covered="166"/><counter type="BRANCH" missed="2" covered="6"/><counter type="LINE" missed="0" covered="31"/><counter type="COMPLEXITY" missed="2" covered="16"/><counter type="METHOD" missed="0" covered="14"/><counter type="CLASS" missed="0" covered="1"/></class><class name="io/github/lishangbu/avalon/dataset/repository/BerryFlavorRepositoryImpl" sourcefilename="BerryFlavorRepositoryImpl.kt"><method name="&lt;init&gt;" desc="(Lorg/babyfish/jimmer/sql/kt/KSqlClient;)V" line="11"><counter type="INSTRUCTION" missed="0" covered="6"/><counter type="LINE" missed="0" covered="3"/><counter type="COMPLEXITY" missed="0" covered="1"/><counter type="METHOD" missed="0" covered="1"/></method><method name="findAll" desc="()Ljava/util/List;" line="18"><counter type="INSTRUCTION" missed="0" covered="13"/><counter type="LINE" missed="0" covered="3"/><counter type="COMPLEXITY" missed="0" covered="1"/><counter type="METHOD" missed="0" covered="1"/></method><method name="findAll" desc="(Lio/github/lishangbu/avalon/dataset/entity/dto/BerryFlavorSpecification;)Ljava/util/List;" line="25"><counter type="INSTRUCTION" missed="0" covered="14"/><counter type="LINE" missed="0" covered="3"/><counter type="COMPLEXITY" missed="0" covered="1"/><counter type="METHOD" missed="0" covered="1"/></method><method name="findById" desc="(J)Lio/github/lishangbu/avalon/dataset/entity/BerryFlavor;" line="32"><counter type="INSTRUCTION" missed="0" covered="9"/><counter type="LINE" missed="0" covered="1"/><counter type="COMPLEXITY" missed="0" covered="1"/><counter type="METHOD" missed="0" covered="1"/></method><method name="save" desc="(Lio/github/lishangbu/avalon/dataset/entity/BerryFlavor;)Lio/github/lishangbu/avalon/dataset/entity/BerryFlavor;" line="36"><counter type="INSTRUCTION" missed="0" covered="9"/><counter type="LINE" missed="0" covered="3"/><counter type="COMPLEXITY" missed="0" covered="1"/><counter type="METHOD" missed="0" covered="1"/></method><method name="saveAndFlush" desc="(Lio/github/lishangbu/avalon/dataset/entity/BerryFlavor;)Lio/github/lishangbu/avalon/dataset/entity/BerryFlavor;" line="43"><counter type="INSTRUCTION" missed="0" covered="4"/><counter type="LINE" missed="0" covered="1"/><counter type="COMPLEXITY" missed="0" covered="1"/><counter type="METHOD" missed="0" covered="1"/></method><method name="deleteById" desc="(J)V" line="47"><counter type="INSTRUCTION" missed="0" covered="13"/><counter type="LINE" missed="0" covered="4"/><counter type="COMPLEXITY" missed="0" covered="1"/><counter type="METHOD" missed="0" covered="1"/></method><method name="flush" desc="()V" line="55"><counter type="INSTRUCTION" missed="0" covered="1"/><counter type="LINE" missed="0" covered="1"/><counter type="COMPLEXITY" missed="0" covered="1"/><counter type="METHOD" missed="0" covered="1"/></method><method name="findAll$lambda$0" desc="(Lorg/babyfish/jimmer/sql/kt/ast/query/KMutableRootQuery$ForEntity;)Lorg/babyfish/jimmer/sql/kt/ast/query/KConfigurableRootQuery;" line="20"><counter type="INSTRUCTION" missed="0" covered="6"/><counter type="LINE" missed="0" covered="1"/><counter type="COMPLEXITY" missed="0" covered="1"/><counter type="METHOD" missed="0" covered="1"/></method><method name="findAll$lambda$1" desc="(Lio/github/lishangbu/avalon/dataset/entity/dto/BerryFlavorSpecification;Lorg/babyfish/jimmer/sql/kt/ast/query/KMutableRootQuery$ForEntity;)Lorg/babyfish/jimmer/sql/kt/ast/query/KConfigurableRootQuery;" line="27"><counter type="INSTRUCTION" missed="2" covered="15"/><counter type="BRANCH" missed="1" covered="1"/><counter type="LINE" missed="0" covered="2"/><counter type="COMPLEXITY" missed="1" covered="1"/><counter type="METHOD" missed="0" covered="1"/></method><method name="save$lambda$0" desc="(Lio/github/lishangbu/avalon/dataset/entity/BerryFlavor;Lorg/babyfish/jimmer/sql/kt/ast/mutation/KSaveCommandDsl;)Lkotlin/Unit;" line="38"><counter type="INSTRUCTION" missed="0" covered="24"/><counter type="BRANCH" missed="0" covered="4"/><counter type="LINE" missed="0" covered="3"/><counter type="COMPLEXITY" missed="0" covered="3"/><counter type="METHOD" missed="0" covered="1"/></method><method name="deleteById$lambda$0" desc="(JLorg/babyfish/jimmer/sql/kt/ast/mutation/KMutableDelete;)Lkotlin/Unit;" line="49"><counter type="INSTRUCTION" missed="0" covered="21"/><counter type="LINE" missed="0" covered="3"/><counter type="COMPLEXITY" missed="0" covered="1"/><counter type="METHOD" missed="0" covered="1"/></method><counter type="INSTRUCTION" missed="2" covered="135"/><counter type="BRANCH" missed="1" covered="5"/><counter type="LINE" missed="0" covered="26"/><counter type="COMPLEXITY" missed="1" covered="14"/><counter type="METHOD" missed="0" covered="12"/><counter type="CLASS" missed="0" covered="1"/></class><class name="io/github/lishangbu/avalon/dataset/repository/MachineRepository" sourcefilename="MachineRepository.kt"/><class name="io/github/lishangbu/avalon/dataset/repository/PokemonColorRepository" sourcefilename="PokemonColorRepository.kt"/><class name="io/github/lishangbu/avalon/dataset/repository/TypeEffectivenessEntryRepository" sourcefilename="TypeEffectivenessEntryRepository.kt"/><class name="io/github/lishangbu/avalon/dataset/repository/GenderRepositoryImpl" sourcefilename="GenderRepositoryImpl.kt"><method name="&lt;init&gt;" desc="(Lorg/babyfish/jimmer/sql/kt/KSqlClient;)V" line="11"><counter type="INSTRUCTION" missed="0" covered="6"/><counter type="LINE" missed="0" covered="3"/><counter type="COMPLEXITY" missed="0" covered="1"/><counter type="METHOD" missed="0" covered="1"/></method><method name="findAll" desc="()Ljava/util/List;" line="18"><counter type="INSTRUCTION" missed="0" covered="13"/><counter type="LINE" missed="0" covered="3"/><counter type="COMPLEXITY" missed="0" covered="1"/><counter type="METHOD" missed="0" covered="1"/></method><method name="findAll" desc="(Lio/github/lishangbu/avalon/dataset/entity/dto/GenderSpecification;)Ljava/util/List;" line="25"><counter type="INSTRUCTION" missed="0" covered="14"/><counter type="LINE" missed="0" covered="3"/><counter type="COMPLEXITY" missed="0" covered="1"/><counter type="METHOD" missed="0" covered="1"/></method><method name="findById" desc="(J)Lio/github/lishangbu/avalon/dataset/entity/Gender;" line="32"><counter type="INSTRUCTION" missed="0" covered="9"/><counter type="LINE" missed="0" covered="1"/><counter type="COMPLEXITY" missed="0" covered="1"/><counter type="METHOD" missed="0" covered="1"/></method><method name="save" desc="(Lio/github/lishangbu/avalon/dataset/entity/Gender;)Lio/github/lishangbu/avalon/dataset/entity/Gender;" line="36"><counter type="INSTRUCTION" missed="0" covered="9"/><counter type="LINE" missed="0" covered="3"/><counter type="COMPLEXITY" missed="0" covered="1"/><counter type="METHOD" missed="0" covered="1"/></method><method name="saveAndFlush" desc="(Lio/github/lishangbu/avalon/dataset/entity/Gender;)Lio/github/lishangbu/avalon/dataset/entity/Gender;" line="43"><counter type="INSTRUCTION" missed="0" covered="4"/><counter type="LINE" missed="0" covered="1"/><counter type="COMPLEXITY" missed="0" covered="1"/><counter type="METHOD" missed="0" covered="1"/></method><method name="deleteById" desc="(J)V" line="47"><counter type="INSTRUCTION" missed="0" covered="13"/><counter type="LINE" missed="0" covered="4"/><counter type="COMPLEXITY" missed="0" covered="1"/><counter type="METHOD" missed="0" covered="1"/></method><method name="flush" desc="()V" line="55"><counter type="INSTRUCTION" missed="0" covered="1"/><counter type="LINE" missed="0" covered="1"/><counter type="COMPLEXITY" missed="0" covered="1"/><counter type="METHOD" missed="0" covered="1"/></method><method name="findAll$lambda$0" desc="(Lorg/babyfish/jimmer/sql/kt/ast/query/KMutableRootQuery$ForEntity;)Lorg/babyfish/jimmer/sql/kt/ast/query/KConfigurableRootQuery;" line="20"><counter type="INSTRUCTION" missed="0" covered="6"/><counter type="LINE" missed="0" covered="1"/><counter type="COMPLEXITY" missed="0" covered="1"/><counter type="METHOD" missed="0" covered="1"/></method><method name="findAll$lambda$1" desc="(Lio/github/lishangbu/avalon/dataset/entity/dto/GenderSpecification;Lorg/babyfish/jimmer/sql/kt/ast/query/KMutableRootQuery$ForEntity;)Lorg/babyfish/jimmer/sql/kt/ast/query/KConfigurableRootQuery;" line="27"><counter type="INSTRUCTION" missed="2" covered="15"/><counter type="BRANCH" missed="1" covered="1"/><counter type="LINE" missed="0" covered="2"/><counter type="COMPLEXITY" missed="1" covered="1"/><counter type="METHOD" missed="0" covered="1"/></method><method name="save$lambda$0" desc="(Lio/github/lishangbu/avalon/dataset/entity/Gender;Lorg/babyfish/jimmer/sql/kt/ast/mutation/KSaveCommandDsl;)Lkotlin/Unit;" line="38"><counter type="INSTRUCTION" missed="0" covered="24"/><counter type="BRANCH" missed="0" covered="4"/><counter type="LINE" missed="0" covered="3"/><counter type="COMPLEXITY" missed="0" covered="3"/><counter type="METHOD" missed="0" covered="1"/></method><method name="deleteById$lambda$0" desc="(JLorg/babyfish/jimmer/sql/kt/ast/mutation/KMutableDelete;)Lkotlin/Unit;" line="49"><counter type="INSTRUCTION" missed="0" covered="21"/><counter type="LINE" missed="0" covered="3"/><counter type="COMPLEXITY" missed="0" covered="1"/><counter type="METHOD" missed="0" covered="1"/></method><counter type="INSTRUCTION" missed="2" covered="135"/><counter type="BRANCH" missed="1" covered="5"/><counter type="LINE" missed="0" covered="26"/><counter type="COMPLEXITY" missed="1" covered="14"/><counter type="METHOD" missed="0" covered="12"/><counter type="CLASS" missed="0" covered="1"/></class><class name="io/github/lishangbu/avalon/dataset/repository/PokemonStatRepository" sourcefilename="PokemonStatRepository.kt"/><class name="io/github/lishangbu/avalon/dataset/repository/TypeRepositoryImpl" sourcefilename="TypeRepositoryImpl.kt"><method name="&lt;init&gt;" desc="(Lorg/babyfish/jimmer/sql/kt/KSqlClient;)V" line="11"><counter type="INSTRUCTION" missed="0" covered="6"/><counter type="LINE" missed="0" covered="3"/><counter type="COMPLEXITY" missed="0" covered="1"/><counter type="METHOD" missed="0" covered="1"/></method><method name="findAll" desc="()Ljava/util/List;" line="18"><counter type="INSTRUCTION" missed="0" covered="13"/><counter type="LINE" missed="0" covered="3"/><counter type="COMPLEXITY" missed="0" covered="1"/><counter type="METHOD" missed="0" covered="1"/></method><method name="findAll" desc="(Lio/github/lishangbu/avalon/dataset/entity/dto/TypeSpecification;)Ljava/util/List;" line="25"><counter type="INSTRUCTION" missed="0" covered="14"/><counter type="LINE" missed="0" covered="3"/><counter type="COMPLEXITY" missed="0" covered="1"/><counter type="METHOD" missed="0" covered="1"/></method><method name="findById" desc="(J)Lio/github/lishangbu/avalon/dataset/entity/Type;" line="32"><counter type="INSTRUCTION" missed="0" covered="9"/><counter type="LINE" missed="0" covered="1"/><counter type="COMPLEXITY" missed="0" covered="1"/><counter type="METHOD" missed="0" covered="1"/></method><method name="save" desc="(Lio/github/lishangbu/avalon/dataset/entity/Type;)Lio/github/lishangbu/avalon/dataset/entity/Type;" line="36"><counter type="INSTRUCTION" missed="0" covered="9"/><counter type="LINE" missed="0" covered="3"/><counter type="COMPLEXITY" missed="0" covered="1"/><counter type="METHOD" missed="0" covered="1"/></method><method name="saveAndFlush" desc="(Lio/github/lishangbu/avalon/dataset/entity/Type;)Lio/github/lishangbu/avalon/dataset/entity/Type;" line="43"><counter type="INSTRUCTION" missed="0" covered="4"/><counter type="LINE" missed="0" covered="1"/><counter type="COMPLEXITY" missed="0" covered="1"/><counter type="METHOD" missed="0" covered="1"/></method><method name="deleteById" desc="(J)V" line="47"><counter type="INSTRUCTION" missed="0" covered="13"/><counter type="LINE" missed="0" covered="4"/><counter type="COMPLEXITY" missed="0" covered="1"/><counter type="METHOD" missed="0" covered="1"/></method><method name="flush" desc="()V" line="55"><counter type="INSTRUCTION" missed="0" covered="1"/><counter type="LINE" missed="0" covered="1"/><counter type="COMPLEXITY" missed="0" covered="1"/><counter type="METHOD" missed="0" covered="1"/></method><method name="findAll$lambda$0" desc="(Lorg/babyfish/jimmer/sql/kt/ast/query/KMutableRootQuery$ForEntity;)Lorg/babyfish/jimmer/sql/kt/ast/query/KConfigurableRootQuery;" line="20"><counter type="INSTRUCTION" missed="0" covered="6"/><counter type="LINE" missed="0" covered="1"/><counter type="COMPLEXITY" missed="0" covered="1"/><counter type="METHOD" missed="0" covered="1"/></method><method name="findAll$lambda$1" desc="(Lio/github/lishangbu/avalon/dataset/entity/dto/TypeSpecification;Lorg/babyfish/jimmer/sql/kt/ast/query/KMutableRootQuery$ForEntity;)Lorg/babyfish/jimmer/sql/kt/ast/query/KConfigurableRootQuery;" line="27"><counter type="INSTRUCTION" missed="2" covered="15"/><counter type="BRANCH" missed="1" covered="1"/><counter type="LINE" missed="0" covered="2"/><counter type="COMPLEXITY" missed="1" covered="1"/><counter type="METHOD" missed="0" covered="1"/></method><method name="save$lambda$0" desc="(Lio/github/lishangbu/avalon/dataset/entity/Type;Lorg/babyfish/jimmer/sql/kt/ast/mutation/KSaveCommandDsl;)Lkotlin/Unit;" line="38"><counter type="INSTRUCTION" missed="0" covered="24"/><counter type="BRANCH" missed="0" covered="4"/><counter type="LINE" missed="0" covered="3"/><counter type="COMPLEXITY" missed="0" covered="3"/><counter type="METHOD" missed="0" covered="1"/></method><method name="deleteById$lambda$0" desc="(JLorg/babyfish/jimmer/sql/kt/ast/mutation/KMutableDelete;)Lkotlin/Unit;" line="49"><counter type="INSTRUCTION" missed="0" covered="21"/><counter type="LINE" missed="0" covered="3"/><counter type="COMPLEXITY" missed="0" covered="1"/><counter type="METHOD" missed="0" covered="1"/></method><counter type="INSTRUCTION" missed="2" covered="135"/><counter type="BRANCH" missed="1" covered="5"/><counter type="LINE" missed="0" covered="26"/><counter type="COMPLEXITY" missed="1" covered="14"/><counter type="METHOD" missed="0" covered="12"/><counter type="CLASS" missed="0" covered="1"/></class><class name="io/github/lishangbu/avalon/dataset/repository/StatRepository" sourcefilename="StatRepository.kt"/><class name="io/github/lishangbu/avalon/dataset/repository/BerryFlavorRepository" sourcefilename="BerryFlavorRepository.kt"/><class name="io/github/lishangbu/avalon/dataset/repository/PokemonSpeciesRepository" sourcefilename="PokemonSpeciesRepository.kt"/><class name="io/github/lishangbu/avalon/dataset/repository/MoveAilmentRepository" sourcefilename="MoveAilmentRepository.kt"/><class name="io/github/lishangbu/avalon/dataset/repository/EvolutionTriggerRepository" sourcefilename="EvolutionTriggerRepository.kt"/><class name="io/github/lishangbu/avalon/dataset/repository/GrowthRateRepository" sourcefilename="GrowthRateRepository.kt"/><class name="io/github/lishangbu/avalon/dataset/repository/PokemonAbilityRepository" sourcefilename="PokemonAbilityRepository.kt"/><class name="io/github/lishangbu/avalon/dataset/repository/MoveTargetRepository" sourcefilename="MoveTargetRepository.kt"/><class name="io/github/lishangbu/avalon/dataset/repository/EncounterConditionRepository" sourcefilename="EncounterConditionRepository.kt"/><class name="io/github/lishangbu/avalon/dataset/repository/ItemRepository" sourcefilename="ItemRepository.kt"/><class name="io/github/lishangbu/avalon/dataset/repository/EncounterMethodRepository" sourcefilename="EncounterMethodRepository.kt"/><class name="io/github/lishangbu/avalon/dataset/repository/EvolutionChainRepository" sourcefilename="EvolutionChainRepository.kt"/><class name="io/github/lishangbu/avalon/dataset/repository/PokemonTypeRepository" sourcefilename="PokemonTypeRepository.kt"/><class name="io/github/lishangbu/avalon/dataset/repository/RepositorySupportKt" sourcefilename="RepositorySupport.kt"><method name="takeFilter" desc="(Ljava/lang/String;)Ljava/lang/String;" line="6"><counter type="INSTRUCTION" missed="0" covered="27"/><counter type="BRANCH" missed="0" covered="8"/><counter type="LINE" missed="0" covered="1"/><counter type="COMPLEXITY" missed="0" covered="5"/><counter type="METHOD" missed="0" covered="1"/></method><method name="readOrNull" desc="(Ljava/lang/Object;Lkotlin/jvm/functions/Function1;)Ljava/lang/Object;" line="10"><counter type="INSTRUCTION" missed="0" covered="5"/><counter type="LINE" missed="0" covered="5"/><counter type="COMPLEXITY" missed="0" covered="1"/><counter type="METHOD" missed="0" covered="1"/></method><counter type="INSTRUCTION" missed="0" covered="32"/><counter type="BRANCH" missed="0" covered="8"/><counter type="LINE" missed="0" covered="6"/><counter type="COMPLEXITY" missed="0" covered="6"/><counter type="METHOD" missed="0" covered="2"/><counter type="CLASS" missed="0" covered="1"/></class><class name="io/github/lishangbu/avalon/dataset/repository/PokemonHabitatRepository" sourcefilename="PokemonHabitatRepository.kt"/><class name="io/github/lishangbu/avalon/dataset/repository/AbilityRepository" sourcefilename="AbilityRepository.kt"/><class name="io/github/lishangbu/avalon/dataset/repository/EncounterConditionValueRepository" sourcefilename="EncounterConditionValueRepository.kt"/><class name="io/github/lishangbu/avalon/dataset/repository/StatRepositoryImpl" sourcefilename="StatRepositoryImpl.kt"><method name="&lt;init&gt;" desc="(Lorg/babyfish/jimmer/sql/kt/KSqlClient;)V" line="10"><counter type="INSTRUCTION" missed="0" covered="6"/><counter type="LINE" missed="0" covered="3"/><counter type="COMPLEXITY" missed="0" covered="1"/><counter type="METHOD" missed="0" covered="1"/></method><method name="findAll" desc="(Lio/github/lishangbu/avalon/dataset/entity/dto/StatSpecification;)Ljava/util/List;" line="17"><counter type="INSTRUCTION" missed="0" covered="14"/><counter type="LINE" missed="0" covered="3"/><counter type="COMPLEXITY" missed="0" covered="1"/><counter type="METHOD" missed="0" covered="1"/></method><method name="findById" desc="(J)Lio/github/lishangbu/avalon/dataset/entity/dto/StatView;" line="25"><counter type="INSTRUCTION" missed="0" covered="16"/><counter type="LINE" missed="0" covered="4"/><counter type="COMPLEXITY" missed="0" covered="1"/><counter type="METHOD" missed="0" covered="1"/></method><method name="save" desc="(Lio/github/lishangbu/avalon/dataset/entity/Stat;)Lio/github/lishangbu/avalon/dataset/entity/Stat;" line="33"><counter type="INSTRUCTION" missed="0" covered="11"/><counter type="LINE" missed="0" covered="1"/><counter type="COMPLEXITY" missed="0" covered="1"/><counter type="METHOD" missed="0" covered="1"/></method><method name="deleteById" desc="(J)V" line="37"><counter type="INSTRUCTION" missed="0" covered="13"/><counter type="LINE" missed="0" covered="4"/><counter type="COMPLEXITY" missed="0" covered="1"/><counter type="METHOD" missed="0" covered="1"/></method><method name="findAll$lambda$0" desc="(Lio/github/lishangbu/avalon/dataset/entity/dto/StatSpecification;Lorg/babyfish/jimmer/sql/kt/ast/query/KMutableRootQuery$ForEntity;)Lorg/babyfish/jimmer/sql/kt/ast/query/KConfigurableRootQuery;" line="19"><counter type="INSTRUCTION" missed="2" covered="18"/><counter type="BRANCH" missed="1" covered="1"/><counter type="LINE" missed="0" covered="2"/><counter type="COMPLEXITY" missed="1" covered="1"/><counter type="METHOD" missed="0" covered="1"/></method><method name="findById$lambda$0" desc="(JLorg/babyfish/jimmer/sql/kt/ast/query/KMutableRootQuery$ForEntity;)Lorg/babyfish/jimmer/sql/kt/ast/query/KConfigurableRootQuery;" line="27"><counter type="INSTRUCTION" missed="0" covered="26"/><counter type="LINE" missed="0" covered="2"/><counter type="COMPLEXITY" missed="0" covered="1"/><counter type="METHOD" missed="0" covered="1"/></method><method name="deleteById$lambda$0" desc="(JLorg/babyfish/jimmer/sql/kt/ast/mutation/KMutableDelete;)Lkotlin/Unit;" line="39"><counter type="INSTRUCTION" missed="0" covered="21"/><counter type="LINE" missed="0" covered="3"/><counter type="COMPLEXITY" missed="0" covered="1"/><counter type="METHOD" missed="0" covered="1"/></method><counter type="INSTRUCTION" missed="2" covered="125"/><counter type="BRANCH" missed="1" covered="1"/><counter type="LINE" missed="0" covered="21"/><counter type="COMPLEXITY" missed="1" covered="8"/><counter type="METHOD" missed="0" covered="8"/><counter type="CLASS" missed="0" covered="1"/></class><class name="io/github/lishangbu/avalon/dataset/repository/MoveDamageClassRepositoryImpl" sourcefilename="MoveDamageClassRepositoryImpl.kt"><method name="&lt;init&gt;" desc="(Lorg/babyfish/jimmer/sql/kt/KSqlClient;)V" line="11"><counter type="INSTRUCTION" missed="0" covered="6"/><counter type="LINE" missed="0" covered="3"/><counter type="COMPLEXITY" missed="0" covered="1"/><counter type="METHOD" missed="0" covered="1"/></method><method name="findAll" desc="(Lio/github/lishangbu/avalon/dataset/entity/dto/MoveDamageClassSpecification;)Ljava/util/List;" line="18"><counter type="INSTRUCTION" missed="0" covered="14"/><counter type="LINE" missed="0" covered="3"/><counter type="COMPLEXITY" missed="0" covered="1"/><counter type="METHOD" missed="0" covered="1"/></method><method name="findAll" desc="(Lio/github/lishangbu/avalon/dataset/entity/dto/MoveDamageClassSpecification;Lorg/springframework/data/domain/Pageable;)Lorg/babyfish/jimmer/Page;" line="29"><counter type="INSTRUCTION" missed="0" covered="16"/><counter type="LINE" missed="0" covered="3"/><counter type="COMPLEXITY" missed="0" covered="1"/><counter type="METHOD" missed="0" covered="1"/></method><method name="save" desc="(Lio/github/lishangbu/avalon/dataset/entity/MoveDamageClass;)Lio/github/lishangbu/avalon/dataset/entity/MoveDamageClass;" line="36"><counter type="INSTRUCTION" missed="0" covered="11"/><counter type="LINE" missed="0" covered="1"/><counter type="COMPLEXITY" missed="0" covered="1"/><counter type="METHOD" missed="0" covered="1"/></method><method name="deleteById" desc="(J)V" line="40"><counter type="INSTRUCTION" missed="0" covered="13"/><counter type="LINE" missed="0" covered="4"/><counter type="COMPLEXITY" missed="0" covered="1"/><counter type="METHOD" missed="0" covered="1"/></method><method name="findAll$lambda$0" desc="(Lio/github/lishangbu/avalon/dataset/entity/dto/MoveDamageClassSpecification;Lorg/babyfish/jimmer/sql/kt/ast/query/KMutableRootQuery$ForEntity;)Lorg/babyfish/jimmer/sql/kt/ast/query/KConfigurableRootQuery;" line="20"><counter type="INSTRUCTION" missed="2" covered="15"/><counter type="BRANCH" missed="1" covered="1"/><counter type="LINE" missed="0" covered="2"/><counter type="COMPLEXITY" missed="1" covered="1"/><counter type="METHOD" missed="0" covered="1"/></method><method name="findAll$lambda$1" desc="(Lio/github/lishangbu/avalon/dataset/entity/dto/MoveDamageClassSpecification;Lorg/babyfish/jimmer/sql/kt/ast/query/KMutableRootQuery$ForEntity;)Lorg/babyfish/jimmer/sql/kt/ast/query/KConfigurableRootQuery;" line="31"><counter type="INSTRUCTION" missed="2" covered="15"/><counter type="BRANCH" missed="1" covered="1"/><counter type="LINE" missed="0" covered="2"/><counter type="COMPLEXITY" missed="1" covered="1"/><counter type="METHOD" missed="0" covered="1"/></method><method name="deleteById$lambda$0" desc="(JLorg/babyfish/jimmer/sql/kt/ast/mutation/KMutableDelete;)Lkotlin/Unit;" line="42"><counter type="INSTRUCTION" missed="0" covered="21"/><counter type="LINE" missed="0" covered="3"/><counter type="COMPLEXITY" missed="0" covered="1"/><counter type="METHOD" missed="0" covered="1"/></method><counter type="INSTRUCTION" missed="4" covered="111"/><counter type="BRANCH" missed="2" covered="2"/><counter type="LINE" missed="0" covered="20"/><counter type="COMPLEXITY" missed="2" covered="8"/><counter type="METHOD" missed="0" covered="8"/><counter type="CLASS" missed="0" covered="1"/></class><class name="io/github/lishangbu/avalon/dataset/repository/MoveDamageClassRepository" sourcefilename="MoveDamageClassRepository.kt"/><sourcefile name="NatureRepository.kt"/><sourcefile name="MoveDamageClassRepositoryImpl.kt"><line nr="11" mi="0" ci="2" mb="0" cb="0"/><line nr="12" mi="0" ci="1" mb="0" cb="0"/><line nr="14" mi="0" ci="3" mb="0" cb="0"/><line nr="18" mi="0" ci="4" mb="0" cb="0"/><line nr="19" mi="0" ci="4" mb="0" cb="0"/><line nr="20" mi="2" ci="9" mb="1" cb="1"/><line nr="21" mi="0" ci="6" mb="0" cb="0"/><line nr="22" mi="0" ci="6" mb="0" cb="0"/><line nr="29" mi="0" ci="4" mb="0" cb="0"/><line nr="30" mi="0" ci="3" mb="0" cb="0"/><line nr="31" mi="2" ci="9" mb="1" cb="1"/><line nr="32" mi="0" ci="6" mb="0" cb="0"/><line nr="33" mi="0" ci="9" mb="0" cb="0"/><line nr="36" mi="0" ci="11" mb="0" cb="0"/><line nr="40" mi="0" ci="4" mb="0" cb="0"/><line nr="41" mi="0" ci="3" mb="0" cb="0"/><line nr="42" mi="0" ci="17" mb="0" cb="0"/><line nr="43" mi="0" ci="2" mb="0" cb="0"/><line nr="44" mi="0" ci="7" mb="0" cb="0"/><line nr="45" mi="0" ci="1" mb="0" cb="0"/><counter type="INSTRUCTION" missed="4" covered="111"/><counter type="BRANCH" missed="2" covered="2"/><counter type="LINE" missed="0" covered="20"/><counter type="COMPLEXITY" missed="2" covered="8"/><counter type="METHOD" missed="0" covered="8"/><counter type="CLASS" missed="0" covered="1"/></sourcefile><sourcefile name="GenderRepository.kt"/><sourcefile name="MoveLearnMethodRepository.kt"/><sourcefile name="ItemAttributeRepository.kt"/><sourcefile name="MoveDamageClassRepository.kt"/><sourcefile name="BerryRepositoryImpl.kt"><line nr="16" mi="0" ci="2" mb="0" cb="0"/><line nr="17" mi="0" ci="1" mb="0" cb="0"/><line nr="19" mi="0" ci="3" mb="0" cb="0"/><line nr="23" mi="0" ci="4" mb="0" cb="0"/><line nr="24" mi="0" ci="4" mb="0" cb="0"/><line nr="25" mi="2" ci="9" mb="1" cb="1"/><line nr="26" mi="0" ci="6" mb="0" cb="0"/><line nr="27" mi="0" ci="6" mb="0" cb="0"/><line nr="34" mi="0" ci="4" mb="0" cb="0"/><line nr="35" mi="0" ci="3" mb="0" cb="0"/><line nr="36" mi="2" ci="9" mb="1" cb="1"/><line nr="37" mi="0" ci="6" mb="0" cb="0"/><line nr="38" mi="0" ci="9" mb="0" cb="0"/><line nr="41" mi="0" ci="9" mb="0" cb="0"/><line nr="44" mi="0" ci="11" mb="0" cb="0"/><line nr="47" mi="0" ci="4" mb="0" cb="0"/><line nr="51" mi="0" ci="4" mb="0" cb="0"/><line nr="52" mi="0" ci="3" mb="0" cb="0"/><line nr="53" mi="0" ci="17" mb="0" cb="0"/><line nr="54" mi="0" ci="2" mb="0" cb="0"/><line nr="55" mi="0" ci="7" mb="0" cb="0"/><line nr="56" mi="0" ci="1" mb="0" cb="0"/><line nr="59" mi="0" ci="1" mb="0" cb="0"/><counter type="INSTRUCTION" missed="4" covered="125"/><counter type="BRANCH" missed="2" covered="2"/><counter type="LINE" missed="0" covered="23"/><counter type="COMPLEXITY" missed="2" covered="11"/><counter type="METHOD" missed="0" covered="11"/><counter type="CLASS" missed="0" covered="1"/></sourcefile><sourcefile name="PokemonColorRepository.kt"/><sourcefile name="PokemonStatRepository.kt"/><sourcefile name="RepositorySupport.kt"><line nr="6" mi="0" ci="27" mb="0" cb="8"/><line nr="10" mi="0" ci="1" mb="0" cb="0"/><line nr="11" mi="0" ci="1" mb="0" cb="0"/><line nr="12" mi="0" ci="1" mb="0" cb="0"/><line nr="13" mi="0" ci="1" mb="0" cb="0"/><line nr="14" mi="0" ci="1" mb="0" cb="0"/><counter type="INSTRUCTION" missed="0" covered="32"/><counter type="BRANCH" missed="0" covered="8"/><counter type="LINE" missed="0" covered="6"/><counter type="COMPLEXITY" missed="0" covered="6"/><counter type="METHOD" missed="0" covered="2"/><counter type="CLASS" missed="0" covered="1"/></sourcefile><sourcefile name="PokemonTypeRepository.kt"/><sourcefile name="GenderRepositoryImpl.kt"><line nr="11" mi="0" ci="2" mb="0" cb="0"/><line nr="12" mi="0" ci="1" mb="0" cb="0"/><line nr="14" mi="0" ci="3" mb="0" cb="0"/><line nr="18" mi="0" ci="5" mb="0" cb="0"/><line nr="19" mi="0" ci="2" mb="0" cb="0"/><line nr="20" mi="0" ci="6" mb="0" cb="0"/><line nr="21" mi="0" ci="6" mb="0" cb="0"/><line nr="25" mi="0" ci="4" mb="0" cb="0"/><line nr="26" mi="0" ci="4" mb="0" cb="0"/><line nr="27" mi="2" ci="9" mb="1" cb="1"/><line nr="28" mi="0" ci="6" mb="0" cb="0"/><line nr="29" mi="0" ci="6" mb="0" cb="0"/><line nr="32" mi="0" ci="9" mb="0" cb="0"/><line nr="36" mi="0" ci="2" mb="0" cb="0"/><line nr="37" mi="0" ci="4" mb="0" cb="0"/><line nr="38" mi="0" ci="19" mb="0" cb="4"/><line nr="39" mi="0" ci="3" mb="0" cb="0"/><line nr="40" mi="0" ci="5" mb="0" cb="0"/><line nr="43" mi="0" ci="4" mb="0" cb="0"/><line nr="47" mi="0" ci="4" mb="0" cb="0"/><line nr="48" mi="0" ci="3" mb="0" cb="0"/><line nr="49" mi="0" ci="17" mb="0" cb="0"/><line nr="50" mi="0" ci="2" mb="0" cb="0"/><line nr="51" mi="0" ci="7" mb="0" cb="0"/><line nr="52" mi="0" ci="1" mb="0" cb="0"/><line nr="55" mi="0" ci="1" mb="0" cb="0"/><counter type="INSTRUCTION" missed="2" covered="135"/><counter type="BRANCH" missed="1" covered="5"/><counter type="LINE" missed="0" covered="26"/><counter type="COMPLEXITY" missed="1" covered="14"/><counter type="METHOD" missed="0" covered="12"/><counter type="CLASS" missed="0" covered="1"/></sourcefile><sourcefile name="MoveAilmentRepository.kt"/><sourcefile name="AbilityRepository.kt"/><sourcefile name="PokemonSpeciesRepository.kt"/><sourcefile name="PokemonRepository.kt"/><sourcefile name="MoveRepository.kt"/><sourcefile name="PokemonAbilityRepository.kt"/><sourcefile name="PokemonHabitatRepository.kt"/><sourcefile name="BerryFirmnessRepository.kt"/><sourcefile name="ItemFlingEffectRepository.kt"/><sourcefile name="StatRepositoryImpl.kt"><line nr="10" mi="0" ci="2" mb="0" cb="0"/><line nr="11" mi="0" ci="1" mb="0" cb="0"/><line nr="13" mi="0" ci="3" mb="0" cb="0"/><line nr="17" mi="0" ci="4" mb="0" cb="0"/><line nr="18" mi="0" ci="4" mb="0" cb="0"/><line nr="19" mi="2" ci="9" mb="1" cb="1"/><line nr="20" mi="0" ci="9" mb="0" cb="0"/><line nr="21" mi="0" ci="6" mb="0" cb="0"/><line nr="25" mi="0" ci="4" mb="0" cb="0"/><line nr="26" mi="0" ci="4" mb="0" cb="0"/><line nr="27" mi="0" ci="17" mb="0" cb="0"/><line nr="28" mi="0" ci="9" mb="0" cb="0"/><line nr="29" mi="0" ci="5" mb="0" cb="0"/><line nr="30" mi="0" ci="3" mb="0" cb="0"/><line nr="33" mi="0" ci="11" mb="0" cb="0"/><line nr="37" mi="0" ci="4" mb="0" cb="0"/><line nr="38" mi="0" ci="3" mb="0" cb="0"/><line nr="39" mi="0" ci="17" mb="0" cb="0"/><line nr="40" mi="0" ci="2" mb="0" cb="0"/><line nr="41" mi="0" ci="7" mb="0" cb="0"/><line nr="42" mi="0" ci="1" mb="0" cb="0"/><counter type="INSTRUCTION" missed="2" covered="125"/><counter type="BRANCH" missed="1" covered="1"/><counter type="LINE" missed="0" covered="21"/><counter type="COMPLEXITY" missed="1" covered="8"/><counter type="METHOD" missed="0" covered="8"/><counter type="CLASS" missed="0" covered="1"/></sourcefile><sourcefile name="BerryFlavorRepository.kt"/><sourcefile name="BerryRepository.kt"/><sourcefile name="GrowthRateRepository.kt"/><sourcefile name="BerryFirmnessRepositoryImpl.kt"><line nr="13" mi="0" ci="2" mb="0" cb="0"/><line nr="14" mi="0" ci="1" mb="0" cb="0"/><line nr="16" mi="0" ci="3" mb="0" cb="0"/><line nr="20" mi="0" ci="5" mb="0" cb="0"/><line nr="21" mi="0" ci="2" mb="0" cb="0"/><line nr="22" mi="0" ci="6" mb="0" cb="0"/><line nr="23" mi="0" ci="6" mb="0" cb="0"/><line nr="27" mi="0" ci="4" mb="0" cb="0"/><line nr="28" mi="0" ci="4" mb="0" cb="0"/><line nr="29" mi="2" ci="9" mb="1" cb="1"/><line nr="30" mi="0" ci="6" mb="0" cb="0"/><line nr="31" mi="0" ci="6" mb="0" cb="0"/><line nr="38" mi="0" ci="4" mb="0" cb="0"/><line nr="39" mi="0" ci="3" mb="0" cb="0"/><line nr="40" mi="2" ci="9" mb="1" cb="1"/><line nr="41" mi="0" ci="6" mb="0" cb="0"/><line nr="42" mi="0" ci="9" mb="0" cb="0"/><line nr="45" mi="0" ci="9" mb="0" cb="0"/><line nr="49" mi="0" ci="2" mb="0" cb="0"/><line nr="50" mi="0" ci="4" mb="0" cb="0"/><line nr="51" mi="0" ci="19" mb="0" cb="4"/><line nr="52" mi="0" ci="3" mb="0" cb="0"/><line nr="53" mi="0" ci="5" mb="0" cb="0"/><line nr="56" mi="0" ci="4" mb="0" cb="0"/><line nr="60" mi="0" ci="4" mb="0" cb="0"/><line nr="61" mi="0" ci="3" mb="0" cb="0"/><line nr="62" mi="0" ci="17" mb="0" cb="0"/><line nr="63" mi="0" ci="2" mb="0" cb="0"/><line nr="64" mi="0" ci="7" mb="0" cb="0"/><line nr="65" mi="0" ci="1" mb="0" cb="0"/><line nr="68" mi="0" ci="1" mb="0" cb="0"/><counter type="INSTRUCTION" missed="4" covered="166"/><counter type="BRANCH" missed="2" covered="6"/><counter type="LINE" missed="0" covered="31"/><counter type="COMPLEXITY" missed="2" covered="16"/><counter type="METHOD" missed="0" covered="14"/><counter type="CLASS" missed="0" covered="1"/></sourcefile><sourcefile name="GrowthRateRepositoryImpl.kt"><line nr="11" mi="0" ci="2" mb="0" cb="0"/><line nr="12" mi="0" ci="1" mb="0" cb="0"/><line nr="14" mi="0" ci="3" mb="0" cb="0"/><line nr="18" mi="0" ci="5" mb="0" cb="0"/><line nr="19" mi="0" ci="2" mb="0" cb="0"/><line nr="20" mi="0" ci="6" mb="0" cb="0"/><line nr="21" mi="0" ci="6" mb="0" cb="0"/><line nr="25" mi="0" ci="4" mb="0" cb="0"/><line nr="26" mi="0" ci="4" mb="0" cb="0"/><line nr="27" mi="2" ci="9" mb="1" cb="1"/><line nr="28" mi="0" ci="6" mb="0" cb="0"/><line nr="29" mi="0" ci="6" mb="0" cb="0"/><line nr="32" mi="0" ci="9" mb="0" cb="0"/><line nr="36" mi="0" ci="2" mb="0" cb="0"/><line nr="37" mi="0" ci="4" mb="0" cb="0"/><line nr="38" mi="0" ci="19" mb="0" cb="4"/><line nr="39" mi="0" ci="3" mb="0" cb="0"/><line nr="40" mi="0" ci="5" mb="0" cb="0"/><line nr="43" mi="0" ci="4" mb="0" cb="0"/><line nr="47" mi="0" ci="4" mb="0" cb="0"/><line nr="48" mi="0" ci="3" mb="0" cb="0"/><line nr="49" mi="0" ci="17" mb="0" cb="0"/><line nr="50" mi="0" ci="2" mb="0" cb="0"/><line nr="51" mi="0" ci="7" mb="0" cb="0"/><line nr="52" mi="0" ci="1" mb="0" cb="0"/><line nr="55" mi="0" ci="1" mb="0" cb="0"/><counter type="INSTRUCTION" missed="2" covered="135"/><counter type="BRANCH" missed="1" covered="5"/><counter type="LINE" missed="0" covered="26"/><counter type="COMPLEXITY" missed="1" covered="14"/><counter type="METHOD" missed="0" covered="12"/><counter type="CLASS" missed="0" covered="1"/></sourcefile><sourcefile name="EvolutionChainRepository.kt"/><sourcefile name="ItemRepository.kt"/><sourcefile name="TypeEffectivenessEntryRepositoryImpl.kt"><line nr="10" mi="0" ci="2" mb="0" cb="0"/><line nr="11" mi="0" ci="1" mb="0" cb="0"/><line nr="13" mi="0" ci="3" mb="0" cb="0"/><line nr="21" mi="0" ci="4" mb="0" cb="0"/><line nr="22" mi="0" ci="6" mb="0" cb="0"/><line nr="23" mi="2" ci="25" mb="1" cb="1"/><line nr="24" mi="0" ci="27" mb="0" cb="2"/><line nr="25" mi="2" ci="24" mb="1" cb="1"/><line nr="26" mi="0" ci="6" mb="0" cb="0"/><line nr="27" mi="0" ci="6" mb="0" cb="0"/><line nr="36" mi="0" ci="4" mb="0" cb="0"/><line nr="37" mi="0" ci="5" mb="0" cb="0"/><line nr="38" mi="2" ci="25" mb="1" cb="1"/><line nr="39" mi="22" ci="5" mb="1" cb="1"/><line nr="40" mi="2" ci="24" mb="1" cb="1"/><line nr="41" mi="0" ci="6" mb="0" cb="0"/><line nr="42" mi="0" ci="9" mb="0" cb="0"/><line nr="45" mi="0" ci="11" mb="0" cb="0"/><line nr="49" mi="0" ci="4" mb="0" cb="0"/><line nr="50" mi="0" ci="3" mb="0" cb="0"/><line nr="51" mi="0" ci="19" mb="0" cb="0"/><line nr="52" mi="0" ci="19" mb="0" cb="0"/><line nr="53" mi="0" ci="2" mb="0" cb="0"/><line nr="54" mi="0" ci="7" mb="0" cb="0"/><line nr="55" mi="0" ci="1" mb="0" cb="0"/><counter type="INSTRUCTION" missed="30" covered="248"/><counter type="BRANCH" missed="5" covered="7"/><counter type="LINE" missed="0" covered="25"/><counter type="COMPLEXITY" missed="5" covered="9"/><counter type="METHOD" missed="0" covered="8"/><counter type="CLASS" missed="0" covered="1"/></sourcefile><sourcefile name="EggGroupRepository.kt"/><sourcefile name="EncounterConditionValueRepository.kt"/><sourcefile name="TypeRepository.kt"/><sourcefile name="StatRepository.kt"/><sourcefile name="EvolutionTriggerRepository.kt"/><sourcefile name="BerryFlavorRepositoryImpl.kt"><line nr="11" mi="0" ci="2" mb="0" cb="0"/><line nr="12" mi="0" ci="1" mb="0" cb="0"/><line nr="14" mi="0" ci="3" mb="0" cb="0"/><line nr="18" mi="0" ci="5" mb="0" cb="0"/><line nr="19" mi="0" ci="2" mb="0" cb="0"/><line nr="20" mi="0" ci="6" mb="0" cb="0"/><line nr="21" mi="0" ci="6" mb="0" cb="0"/><line nr="25" mi="0" ci="4" mb="0" cb="0"/><line nr="26" mi="0" ci="4" mb="0" cb="0"/><line nr="27" mi="2" ci="9" mb="1" cb="1"/><line nr="28" mi="0" ci="6" mb="0" cb="0"/><line nr="29" mi="0" ci="6" mb="0" cb="0"/><line nr="32" mi="0" ci="9" mb="0" cb="0"/><line nr="36" mi="0" ci="2" mb="0" cb="0"/><line nr="37" mi="0" ci="4" mb="0" cb="0"/><line nr="38" mi="0" ci="19" mb="0" cb="4"/><line nr="39" mi="0" ci="3" mb="0" cb="0"/><line nr="40" mi="0" ci="5" mb="0" cb="0"/><line nr="43" mi="0" ci="4" mb="0" cb="0"/><line nr="47" mi="0" ci="4" mb="0" cb="0"/><line nr="48" mi="0" ci="3" mb="0" cb="0"/><line nr="49" mi="0" ci="17" mb="0" cb="0"/><line nr="50" mi="0" ci="2" mb="0" cb="0"/><line nr="51" mi="0" ci="7" mb="0" cb="0"/><line nr="52" mi="0" ci="1" mb="0" cb="0"/><line nr="55" mi="0" ci="1" mb="0" cb="0"/><counter type="INSTRUCTION" missed="2" covered="135"/><counter type="BRANCH" missed="1" covered="5"/><counter type="LINE" missed="0" covered="26"/><counter type="COMPLEXITY" missed="1" covered="14"/><counter type="METHOD" missed="0" covered="12"/><counter type="CLASS" missed="0" covered="1"/></sourcefile><sourcefile name="ItemCategoryRepository.kt"/><sourcefile name="ItemPocketRepository.kt"/><sourcefile name="PokemonShapeRepository.kt"/><sourcefile name="MoveCategoryRepository.kt"/><sourcefile name="TypeRepositoryImpl.kt"><line nr="11" mi="0" ci="2" mb="0" cb="0"/><line nr="12" mi="0" ci="1" mb="0" cb="0"/><line nr="14" mi="0" ci="3" mb="0" cb="0"/><line nr="18" mi="0" ci="5" mb="0" cb="0"/><line nr="19" mi="0" ci="2" mb="0" cb="0"/><line nr="20" mi="0" ci="6" mb="0" cb="0"/><line nr="21" mi="0" ci="6" mb="0" cb="0"/><line nr="25" mi="0" ci="4" mb="0" cb="0"/><line nr="26" mi="0" ci="4" mb="0" cb="0"/><line nr="27" mi="2" ci="9" mb="1" cb="1"/><line nr="28" mi="0" ci="6" mb="0" cb="0"/><line nr="29" mi="0" ci="6" mb="0" cb="0"/><line nr="32" mi="0" ci="9" mb="0" cb="0"/><line nr="36" mi="0" ci="2" mb="0" cb="0"/><line nr="37" mi="0" ci="4" mb="0" cb="0"/><line nr="38" mi="0" ci="19" mb="0" cb="4"/><line nr="39" mi="0" ci="3" mb="0" cb="0"/><line nr="40" mi="0" ci="5" mb="0" cb="0"/><line nr="43" mi="0" ci="4" mb="0" cb="0"/><line nr="47" mi="0" ci="4" mb="0" cb="0"/><line nr="48" mi="0" ci="3" mb="0" cb="0"/><line nr="49" mi="0" ci="17" mb="0" cb="0"/><line nr="50" mi="0" ci="2" mb="0" cb="0"/><line nr="51" mi="0" ci="7" mb="0" cb="0"/><line nr="52" mi="0" ci="1" mb="0" cb="0"/><line nr="55" mi="0" ci="1" mb="0" cb="0"/><counter type="INSTRUCTION" missed="2" covered="135"/><counter type="BRANCH" missed="1" covered="5"/><counter type="LINE" missed="0" covered="26"/><counter type="COMPLEXITY" missed="1" covered="14"/><counter type="METHOD" missed="0" covered="12"/><counter type="CLASS" missed="0" covered="1"/></sourcefile><sourcefile name="TypeEffectivenessEntryRepository.kt"/><sourcefile name="EncounterConditionRepository.kt"/><sourcefile name="MoveTargetRepository.kt"/><sourcefile name="EncounterMethodRepository.kt"/><sourcefile name="MachineRepository.kt"/><counter type="INSTRUCTION" missed="52" covered="1347"/><counter type="BRANCH" missed="16" covered="46"/><counter type="LINE" missed="0" covered="230"/><counter type="COMPLEXITY" missed="16" covered="114"/><counter type="METHOD" missed="0" covered="99"/><counter type="CLASS" missed="0" covered="10"/></package><package name="io/github/lishangbu/avalon/game/calculator"><class name="io/github/lishangbu/avalon/game/calculator/GameCalculatorAutoConfiguration" sourcefilename="GameCalculatorAutoConfiguration.kt"><method name="&lt;init&gt;" desc="()V" line="11"><counter type="INSTRUCTION" missed="0" covered="3"/><counter type="LINE" missed="0" covered="1"/><counter type="COMPLEXITY" missed="0" covered="1"/><counter type="METHOD" missed="0" covered="1"/></method><counter type="INSTRUCTION" missed="0" covered="3"/><counter type="LINE" missed="0" covered="1"/><counter type="COMPLEXITY" missed="0" covered="1"/><counter type="METHOD" missed="0" covered="1"/><counter type="CLASS" missed="0" covered="1"/></class><sourcefile name="GameCalculatorAutoConfiguration.kt"><line nr="11" mi="0" ci="3" mb="0" cb="0"/><counter type="INSTRUCTION" missed="0" covered="3"/><counter type="LINE" missed="0" covered="1"/><counter type="COMPLEXITY" missed="0" covered="1"/><counter type="METHOD" missed="0" covered="1"/><counter type="CLASS" missed="0" covered="1"/></sourcefile><counter type="INSTRUCTION" missed="0" covered="3"/><counter type="LINE" missed="0" covered="1"/><counter type="COMPLEXITY" missed="0" covered="1"/><counter type="METHOD" missed="0" covered="1"/><counter type="CLASS" missed="0" covered="1"/></package><package name="org/springframework/security/oauth2/server/authorization/web/authentication"><class name="org/springframework/security/oauth2/server/authorization/web/authentication/OAuth2SmsAuthenticationConverterKt" sourcefilename="OAuth2SmsAuthenticationConverter.kt"/><class name="org/springframework/security/oauth2/server/authorization/web/authentication/OAuth2PasswordAuthenticationConverterKt" sourcefilename="OAuth2PasswordAuthenticationConverter.kt"/><class name="org/springframework/security/oauth2/server/authorization/web/authentication/OAuth2PasswordAuthenticationConverter" sourcefilename="OAuth2PasswordAuthenticationConverter.kt"><method name="&lt;init&gt;" desc="(Lio/github/lishangbu/avalon/oauth2/common/properties/Oauth2Properties;)V" line="23"><counter type="INSTRUCTION" missed="0" covered="6"/><counter type="LINE" missed="0" covered="2"/><counter type="COMPLEXITY" missed="0" covered="1"/><counter type="METHOD" missed="0" covered="1"/></method><method name="convert" desc="(Ljakarta/servlet/http/HttpServletRequest;)Lorg/springframework/security/core/Authentication;" line="29"><counter type="INSTRUCTION" missed="6" covered="66"/><counter type="BRANCH" missed="1" covered="3"/><counter type="LINE" missed="0" covered="22"/><counter type="COMPLEXITY" missed="1" covered="2"/><counter type="METHOD" missed="0" covered="1"/></method><method name="convert$lambda$0" desc="(Ljava/lang/String;Ljava/lang/String;Ljava/util/LinkedHashMap;Ljava/lang/String;Ljava/util/List;)Lkotlin/Unit;" line="48"><counter type="INSTRUCTION" missed="0" covered="51"/><counter type="BRANCH" missed="2" covered="12"/><counter type="LINE" missed="0" covered="11"/><counter type="COMPLEXITY" missed="2" covered="6"/><counter type="METHOD" missed="0" covered="1"/></method><method name="convert$lambda$1" desc="(Lkotlin/jvm/functions/Function2;Ljava/lang/Object;Ljava/lang/Object;)V" line="46"><counter type="INSTRUCTION" missed="0" covered="6"/><counter type="LINE" missed="0" covered="1"/><counter type="COMPLEXITY" missed="0" covered="1"/><counter type="METHOD" missed="0" covered="1"/></method><counter type="INSTRUCTION" missed="6" covered="129"/><counter type="BRANCH" missed="3" covered="15"/><counter type="LINE" missed="0" covered="35"/><counter type="COMPLEXITY" missed="3" covered="10"/><counter type="METHOD" missed="0" covered="4"/><counter type="CLASS" missed="0" covered="1"/></class><class name="org/springframework/security/oauth2/server/authorization/web/authentication/OAuth2EmailAuthenticationConverter" sourcefilename="OAuth2EmailAuthenticationConverter.kt"><method name="&lt;init&gt;" desc="(Lio/github/lishangbu/avalon/oauth2/common/properties/Oauth2Properties;)V" line="23"><counter type="INSTRUCTION" missed="0" covered="6"/><counter type="LINE" missed="0" covered="2"/><counter type="COMPLEXITY" missed="0" covered="1"/><counter type="METHOD" missed="0" covered="1"/></method><method name="convert" desc="(Ljakarta/servlet/http/HttpServletRequest;)Lorg/springframework/security/core/Authentication;" line="29"><counter type="INSTRUCTION" missed="6" covered="66"/><counter type="BRANCH" missed="1" covered="3"/><counter type="LINE" missed="0" covered="21"/><counter type="COMPLEXITY" missed="1" covered="2"/><counter type="METHOD" missed="0" covered="1"/></method><method name="convert$lambda$0" desc="(Ljava/lang/String;Ljava/lang/String;Ljava/util/LinkedHashMap;Ljava/lang/String;Ljava/util/List;)Lkotlin/Unit;" line="47"><counter type="INSTRUCTION" missed="0" covered="51"/><counter type="BRANCH" missed="2" covered="12"/><counter type="LINE" missed="0" covered="11"/><counter type="COMPLEXITY" missed="2" covered="6"/><counter type="METHOD" missed="0" covered="1"/></method><method name="convert$lambda$1" desc="(Lkotlin/jvm/functions/Function2;Ljava/lang/Object;Ljava/lang/Object;)V" line="45"><counter type="INSTRUCTION" missed="0" covered="6"/><counter type="LINE" missed="0" covered="1"/><counter type="COMPLEXITY" missed="0" covered="1"/><counter type="METHOD" missed="0" covered="1"/></method><counter type="INSTRUCTION" missed="6" covered="129"/><counter type="BRANCH" missed="3" covered="15"/><counter type="LINE" missed="0" covered="34"/><counter type="COMPLEXITY" missed="3" covered="10"/><counter type="METHOD" missed="0" covered="4"/><counter type="CLASS" missed="0" covered="1"/></class><class name="org/springframework/security/oauth2/server/authorization/web/authentication/OAuth2RequestParameterSupportKt" sourcefilename="OAuth2RequestParameterSupport.kt"><method name="requireSingleTextParameter" desc="(Lorg/springframework/util/MultiValueMap;Ljava/lang/String;Ljava/lang/String;)Ljava/lang/String;" line="13"><counter type="INSTRUCTION" missed="8" covered="30"/><counter type="BRANCH" missed="2" covered="8"/><counter type="LINE" missed="1" covered="5"/><counter type="COMPLEXITY" missed="2" covered="4"/><counter type="METHOD" missed="0" covered="1"/></method><method name="readRequestedScopes" desc="(Lorg/springframework/util/MultiValueMap;Ljava/lang/String;)Ljava/util/Set;" line="22"><counter type="INSTRUCTION" missed="13" covered="94"/><counter type="BRANCH" missed="11" covered="15"/><counter type="LINE" missed="1" covered="11"/><counter type="COMPLEXITY" missed="11" covered="3"/><counter type="METHOD" missed="0" covered="1"/></method><counter type="INSTRUCTION" missed="21" covered="124"/><counter type="BRANCH" missed="13" covered="23"/><counter type="LINE" missed="2" covered="16"/><counter type="COMPLEXITY" missed="13" covered="7"/><counter type="METHOD" missed="0" covered="2"/><counter type="CLASS" missed="0" covered="1"/></class><class name="org/springframework/security/oauth2/server/authorization/web/authentication/OAuth2EmailAuthenticationConverterKt" sourcefilename="OAuth2EmailAuthenticationConverter.kt"/><class name="org/springframework/security/oauth2/server/authorization/web/authentication/OAuth2SmsAuthenticationConverter" sourcefilename="OAuth2SmsAuthenticationConverter.kt"><method name="&lt;init&gt;" desc="(Lio/github/lishangbu/avalon/oauth2/common/properties/Oauth2Properties;)V" line="23"><counter type="INSTRUCTION" missed="0" covered="6"/><counter type="LINE" missed="0" covered="2"/><counter type="COMPLEXITY" missed="0" covered="1"/><counter type="METHOD" missed="0" covered="1"/></method><method name="convert" desc="(Ljakarta/servlet/http/HttpServletRequest;)Lorg/springframework/security/core/Authentication;" line="29"><counter type="INSTRUCTION" missed="6" covered="66"/><counter type="BRANCH" missed="1" covered="3"/><counter type="LINE" missed="0" covered="21"/><counter type="COMPLEXITY" missed="1" covered="2"/><counter type="METHOD" missed="0" covered="1"/></method><method name="convert$lambda$0" desc="(Ljava/lang/String;Ljava/lang/String;Ljava/util/LinkedHashMap;Ljava/lang/String;Ljava/util/List;)Lkotlin/Unit;" line="47"><counter type="INSTRUCTION" missed="0" covered="51"/><counter type="BRANCH" missed="2" covered="12"/><counter type="LINE" missed="0" covered="11"/><counter type="COMPLEXITY" missed="2" covered="6"/><counter type="METHOD" missed="0" covered="1"/></method><method name="convert$lambda$1" desc="(Lkotlin/jvm/functions/Function2;Ljava/lang/Object;Ljava/lang/Object;)V" line="45"><counter type="INSTRUCTION" missed="0" covered="6"/><counter type="LINE" missed="0" covered="1"/><counter type="COMPLEXITY" missed="0" covered="1"/><counter type="METHOD" missed="0" covered="1"/></method><counter type="INSTRUCTION" missed="6" covered="129"/><counter type="BRANCH" missed="3" covered="15"/><counter type="LINE" missed="0" covered="34"/><counter type="COMPLEXITY" missed="3" covered="10"/><counter type="METHOD" missed="0" covered="4"/><counter type="CLASS" missed="0" covered="1"/></class><sourcefile name="OAuth2EmailAuthenticationConverter.kt"><line nr="23" mi="0" ci="3" mb="0" cb="0"/><line nr="25" mi="0" ci="3" mb="0" cb="0"/><line nr="29" mi="0" ci="3" mb="0" cb="0"/><line nr="30" mi="0" ci="5" mb="0" cb="0"/><line nr="31" mi="0" ci="5" mb="0" cb="2"/><line nr="32" mi="0" ci="2" mb="0" cb="0"/><line nr="35" mi="0" ci="3" mb="0" cb="0"/><line nr="37" mi="0" ci="4" mb="0" cb="0"/><line nr="38" mi="0" ci="5" mb="0" cb="0"/><line nr="40" mi="0" ci="4" mb="0" cb="0"/><line nr="41" mi="0" ci="1" mb="0" cb="0"/><line nr="42" mi="0" ci="4" mb="0" cb="0"/><line nr="43" mi="0" ci="4" mb="0" cb="0"/><line nr="44" mi="0" ci="4" mb="0" cb="0"/><line nr="45" mi="0" ci="13" mb="0" cb="0"/><line nr="47" mi="0" ci="4" mb="0" cb="2"/><line nr="48" mi="0" ci="4" mb="0" cb="2"/><line nr="49" mi="0" ci="4" mb="1" cb="1"/><line nr="50" mi="0" ci="4" mb="1" cb="1"/><line nr="51" mi="0" ci="4" mb="0" cb="2"/><line nr="52" mi="0" ci="4" mb="0" cb="2"/><line nr="54" mi="0" ci="8" mb="0" cb="0"/><line nr="55" mi="0" ci="5" mb="0" cb="2"/><line nr="56" mi="0" ci="7" mb="0" cb="0"/><line nr="58" mi="0" ci="5" mb="0" cb="0"/><line nr="61" mi="0" ci="2" mb="0" cb="0"/><line nr="63" mi="0" ci="1" mb="0" cb="0"/><line nr="64" mi="6" ci="3" mb="1" cb="1"/><line nr="66" mi="0" ci="5" mb="0" cb="0"/><line nr="67" mi="0" ci="1" mb="0" cb="0"/><line nr="68" mi="0" ci="1" mb="0" cb="0"/><line nr="69" mi="0" ci="1" mb="0" cb="0"/><line nr="70" mi="0" ci="1" mb="0" cb="0"/><line nr="71" mi="0" ci="2" mb="0" cb="0"/><counter type="INSTRUCTION" missed="6" covered="129"/><counter type="BRANCH" missed="3" covered="15"/><counter type="LINE" missed="0" covered="34"/><counter type="COMPLEXITY" missed="3" covered="10"/><counter type="METHOD" missed="0" covered="4"/><counter type="CLASS" missed="0" covered="1"/></sourcefile><sourcefile name="OAuth2SmsAuthenticationConverter.kt"><line nr="23" mi="0" ci="3" mb="0" cb="0"/><line nr="25" mi="0" ci="3" mb="0" cb="0"/><line nr="29" mi="0" ci="3" mb="0" cb="0"/><line nr="30" mi="0" ci="5" mb="0" cb="0"/><line nr="31" mi="0" ci="5" mb="0" cb="2"/><line nr="32" mi="0" ci="2" mb="0" cb="0"/><line nr="35" mi="0" ci="3" mb="0" cb="0"/><line nr="37" mi="0" ci="4" mb="0" cb="0"/><line nr="38" mi="0" ci="5" mb="0" cb="0"/><line nr="40" mi="0" ci="4" mb="0" cb="0"/><line nr="41" mi="0" ci="1" mb="0" cb="0"/><line nr="42" mi="0" ci="4" mb="0" cb="0"/><line nr="43" mi="0" ci="4" mb="0" cb="0"/><line nr="44" mi="0" ci="4" mb="0" cb="0"/><line nr="45" mi="0" ci="13" mb="0" cb="0"/><line nr="47" mi="0" ci="4" mb="0" cb="2"/><line nr="48" mi="0" ci="4" mb="0" cb="2"/><line nr="49" mi="0" ci="4" mb="1" cb="1"/><line nr="50" mi="0" ci="4" mb="1" cb="1"/><line nr="51" mi="0" ci="4" mb="0" cb="2"/><line nr="52" mi="0" ci="4" mb="0" cb="2"/><line nr="54" mi="0" ci="8" mb="0" cb="0"/><line nr="55" mi="0" ci="5" mb="0" cb="2"/><line nr="56" mi="0" ci="7" mb="0" cb="0"/><line nr="58" mi="0" ci="5" mb="0" cb="0"/><line nr="61" mi="0" ci="2" mb="0" cb="0"/><line nr="63" mi="0" ci="1" mb="0" cb="0"/><line nr="64" mi="6" ci="3" mb="1" cb="1"/><line nr="66" mi="0" ci="5" mb="0" cb="0"/><line nr="67" mi="0" ci="1" mb="0" cb="0"/><line nr="68" mi="0" ci="1" mb="0" cb="0"/><line nr="69" mi="0" ci="1" mb="0" cb="0"/><line nr="70" mi="0" ci="1" mb="0" cb="0"/><line nr="71" mi="0" ci="2" mb="0" cb="0"/><counter type="INSTRUCTION" missed="6" covered="129"/><counter type="BRANCH" missed="3" covered="15"/><counter type="LINE" missed="0" covered="34"/><counter type="COMPLEXITY" missed="3" covered="10"/><counter type="METHOD" missed="0" covered="4"/><counter type="CLASS" missed="0" covered="1"/></sourcefile><sourcefile name="OAuth2RequestParameterSupport.kt"><line nr="13" mi="2" ci="26" mb="2" cb="8"/><line nr="14" mi="6" ci="0" mb="0" cb="0"/><line nr="15" mi="0" ci="1" mb="0" cb="0"/><line nr="16" mi="0" ci="1" mb="0" cb="0"/><line nr="17" mi="0"
[...]
"/></method><method name="save" desc="(Lio/github/lishangbu/avalon/dataset/entity/Type;)Lio/github/lishangbu/avalon/dataset/entity/Type;" line="19"><counter type="INSTRUCTION" missed="0" covered="5"/><counter type="LINE" missed="0" covered="1"/><counter type="COMPLEXITY" missed="0" covered="1"/><counter type="METHOD" missed="0" covered="1"/></method><method name="update" desc="(Lio/github/lishangbu/avalon/dataset/entity/Type;)Lio/github/lishangbu/avalon/dataset/entity/Type;" line="25"><counter type="INSTRUCTION" missed="0" covered="5"/><counter type="LINE" missed="0" covered="1"/><counter type="COMPLEXITY" missed="0" covered="1"/><counter type="METHOD" missed="0" covered="1"/></method><method name="deleteById" desc="(J)V" line="32"><counter type="INSTRUCTION" missed="0" covered="5"/><counter type="LINE" missed="0" covered="2"/><counter type="COMPLEXITY" missed="0" covered="1"/><counter type="METHOD" missed="0" covered="1"/></method><method name="listTypes" desc="(Lio/github/lishangbu/avalon/dataset/entity/dto/TypeSpecification;)Ljava/util/List;" line="39"><counter type="INSTRUCTION" missed="0" covered="5"/><counter type="LINE" missed="0" covered="1"/><counter type="COMPLEXITY" missed="0" covered="1"/><counter type="METHOD" missed="0" covered="1"/></method><counter type="INSTRUCTION" missed="0" covered="26"/><counter type="LINE" missed="0" covered="8"/><counter type="COMPLEXITY" missed="0" covered="5"/><counter type="METHOD" missed="0" covered="5"/><counter type="CLASS" missed="0" covered="1"/></class><class name="io/github/lishangbu/avalon/dataset/controller/GrowthRateController" sourcefilename="GrowthRateController.kt"><method name="&lt;init&gt;" desc="(Lio/github/lishangbu/avalon/dataset/service/GrowthRateService;)V" line="9"><counter type="INSTRUCTION" missed="0" covered="6"/><counter type="LINE" missed="0" covered="3"/><counter type="COMPLEXITY" missed="0" covered="1"/><counter type="METHOD" missed="0" covered="1"/></method><method name="save" desc="(Lio/github/lishangbu/avalon/dataset/entity/GrowthRate;)Lio/github/lishangbu/avalon/dataset/entity/GrowthRate;" line="19"><counter type="INSTRUCTION" missed="0" covered="5"/><counter type="LINE" missed="0" covered="1"/><counter type="COMPLEXITY" missed="0" covered="1"/><counter type="METHOD" missed="0" covered="1"/></method><method name="update" desc="(Lio/github/lishangbu/avalon/dataset/entity/GrowthRate;)Lio/github/lishangbu/avalon/dataset/entity/GrowthRate;" line="25"><counter type="INSTRUCTION" missed="0" covered="5"/><counter type="LINE" missed="0" covered="1"/><counter type="COMPLEXITY" missed="0" covered="1"/><counter type="METHOD" missed="0" covered="1"/></method><method name="deleteById" desc="(J)V" line="32"><counter type="INSTRUCTION" missed="0" covered="5"/><counter type="LINE" missed="0" covered="2"/><counter type="COMPLEXITY" missed="0" covered="1"/><counter type="METHOD" missed="0" covered="1"/></method><method name="listGrowthRates" desc="(Lio/github/lishangbu/avalon/dataset/entity/dto/GrowthRateSpecification;)Ljava/util/List;" line="39"><counter type="INSTRUCTION" missed="0" covered="5"/><counter type="LINE" missed="0" covered="1"/><counter type="COMPLEXITY" missed="0" covered="1"/><counter type="METHOD" missed="0" covered="1"/></method><counter type="INSTRUCTION" missed="0" covered="26"/><counter type="LINE" missed="0" covered="8"/><counter type="COMPLEXITY" missed="0" covered="5"/><counter type="METHOD" missed="0" covered="5"/><counter type="CLASS" missed="0" covered="1"/></class><class name="io/github/lishangbu/avalon/dataset/controller/StatController" sourcefilename="StatController.kt"><method name="&lt;init&gt;" desc="(Lio/github/lishangbu/avalon/dataset/service/StatService;)V" line="11"><counter type="INSTRUCTION" missed="0" covered="6"/><counter type="LINE" missed="0" covered="3"/><counter type="COMPLEXITY" missed="0" covered="1"/><counter type="METHOD" missed="0" covered="1"/></method><method name="save" desc="(Lio/github/lishangbu/avalon/dataset/entity/dto/SaveStatInput;)Lio/github/lishangbu/avalon/dataset/entity/dto/StatView;" line="21"><counter type="INSTRUCTION" missed="0" covered="5"/><counter type="LINE" missed="0" covered="1"/><counter type="COMPLEXITY" missed="0" covered="1"/><counter type="METHOD" missed="0" covered="1"/></method><method name="update" desc="(Lio/github/lishangbu/avalon/dataset/entity/dto/UpdateStatInput;)Lio/github/lishangbu/avalon/dataset/entity/dto/StatView;" line="27"><counter type="INSTRUCTION" missed="0" covered="5"/><counter type="LINE" missed="0" covered="1"/><counter type="COMPLEXITY" missed="0" covered="1"/><counter type="METHOD" missed="0" covered="1"/></method><method name="deleteById" desc="(J)V" line="34"><counter type="INSTRUCTION" missed="0" covered="5"/><counter type="LINE" missed="0" covered="2"/><counter type="COMPLEXITY" missed="0" covered="1"/><counter type="METHOD" missed="0" covered="1"/></method><method name="listStats" desc="(Lio/github/lishangbu/avalon/dataset/entity/dto/StatSpecification;)Ljava/util/List;" line="41"><counter type="INSTRUCTION" missed="0" covered="5"/><counter type="LINE" missed="0" covered="1"/><counter type="COMPLEXITY" missed="0" covered="1"/><counter type="METHOD" missed="0" covered="1"/></method><counter type="INSTRUCTION" missed="0" covered="26"/><counter type="LINE" missed="0" covered="8"/><counter type="COMPLEXITY" missed="0" covered="5"/><counter type="METHOD" missed="0" covered="5"/><counter type="CLASS" missed="0" covered="1"/></class><class name="io/github/lishangbu/avalon/dataset/controller/GenderController" sourcefilename="GenderController.kt"><method name="&lt;init&gt;" desc="(Lio/github/lishangbu/avalon/dataset/service/GenderService;)V" line="17"><counter type="INSTRUCTION" missed="0" covered="6"/><counter type="LINE" missed="0" covered="3"/><counter type="COMPLEXITY" missed="0" covered="1"/><counter type="METHOD" missed="0" covered="1"/></method><method name="save" desc="(Lio/github/lishangbu/avalon/dataset/entity/Gender;)Lio/github/lishangbu/avalon/dataset/entity/Gender;" line="27"><counter type="INSTRUCTION" missed="0" covered="5"/><counter type="LINE" missed="0" covered="1"/><counter type="COMPLEXITY" missed="0" covered="1"/><counter type="METHOD" missed="0" covered="1"/></method><method name="update" desc="(Lio/github/lishangbu/avalon/dataset/entity/Gender;)Lio/github/lishangbu/avalon/dataset/entity/Gender;" line="33"><counter type="INSTRUCTION" missed="0" covered="5"/><counter type="LINE" missed="0" covered="1"/><counter type="COMPLEXITY" missed="0" covered="1"/><counter type="METHOD" missed="0" covered="1"/></method><method name="deleteById" desc="(J)V" line="40"><counter type="INSTRUCTION" missed="0" covered="5"/><counter type="LINE" missed="0" covered="2"/><counter type="COMPLEXITY" missed="0" covered="1"/><counter type="METHOD" missed="0" covered="1"/></method><method name="listGenders" desc="(Lio/github/lishangbu/avalon/dataset/entity/dto/GenderSpecification;)Ljava/util/List;" line="47"><counter type="INSTRUCTION" missed="0" covered="5"/><counter type="LINE" missed="0" covered="1"/><counter type="COMPLEXITY" missed="0" covered="1"/><counter type="METHOD" missed="0" covered="1"/></method><counter type="INSTRUCTION" missed="0" covered="26"/><counter type="LINE" missed="0" covered="8"/><counter type="COMPLEXITY" missed="0" covered="5"/><counter type="METHOD" missed="0" covered="5"/><counter type="CLASS" missed="0" covered="1"/></class><class name="io/github/lishangbu/avalon/dataset/controller/TypeEffectivenessController" sourcefilename="TypeEffectivenessController.kt"><method name="&lt;init&gt;" desc="(Lio/github/lishangbu/avalon/dataset/service/TypeEffectivenessService;)V" line="15"><counter type="INSTRUCTION" missed="0" covered="6"/><counter type="LINE" missed="0" covered="3"/><counter type="COMPLEXITY" missed="0" covered="1"/><counter type="METHOD" missed="0" covered="1"/></method><method name="calculate" desc="(Ljava/lang/String;Ljava/util/List;)Lio/github/lishangbu/avalon/dataset/service/TypeEffectivenessResult;" line="25"><counter type="INSTRUCTION" missed="0" covered="6"/><counter type="LINE" missed="0" covered="1"/><counter type="COMPLEXITY" missed="0" covered="1"/><counter type="METHOD" missed="0" covered="1"/></method><method name="getChart" desc="()Lio/github/lishangbu/avalon/dataset/service/TypeEffectivenessChart;" line="29"><counter type="INSTRUCTION" missed="0" covered="4"/><counter type="LINE" missed="0" covered="1"/><counter type="COMPLEXITY" missed="0" covered="1"/><counter type="METHOD" missed="0" covered="1"/></method><method name="upsertMatrix" desc="(Lio/github/lishangbu/avalon/dataset/service/UpsertTypeEffectivenessMatrixCommand;)Lio/github/lishangbu/avalon/dataset/service/TypeEffectivenessChart;" line="35"><counter type="INSTRUCTION" missed="0" covered="5"/><counter type="LINE" missed="0" covered="1"/><counter type="COMPLEXITY" missed="0" covered="1"/><counter type="METHOD" missed="0" covered="1"/></method><counter type="INSTRUCTION" missed="0" covered="21"/><counter type="LINE" missed="0" covered="6"/><counter type="COMPLEXITY" missed="0" covered="4"/><counter type="METHOD" missed="0" covered="4"/><counter type="CLASS" missed="0" covered="1"/></class><class name="io/github/lishangbu/avalon/dataset/controller/MoveDamageClassController" sourcefilename="MoveDamageClassController.kt"><method name="&lt;init&gt;" desc="(Lio/github/lishangbu/avalon/dataset/service/MoveDamageClassService;)V" line="11"><counter type="INSTRUCTION" missed="0" covered="6"/><counter type="LINE" missed="0" covered="3"/><counter type="COMPLEXITY" missed="0" covered="1"/><counter type="METHOD" missed="0" covered="1"/></method><method name="getMoveDamageClassPage" desc="(Lorg/springframework/data/domain/Pageable;Lio/github/lishangbu/avalon/dataset/entity/dto/MoveDamageClassSpecification;)Lorg/babyfish/jimmer/Page;" line="22"><counter type="INSTRUCTION" missed="0" covered="6"/><counter type="LINE" missed="0" covered="1"/><counter type="COMPLEXITY" missed="0" covered="1"/><counter type="METHOD" missed="0" covered="1"/></method><method name="save" desc="(Lio/github/lishangbu/avalon/dataset/entity/MoveDamageClass;)Lio/github/lishangbu/avalon/dataset/entity/MoveDamageClass;" line="28"><counter type="INSTRUCTION" missed="0" covered="5"/><counter type="LINE" missed="0" covered="1"/><counter type="COMPLEXITY" missed="0" covered="1"/><counter type="METHOD" missed="0" covered="1"/></method><method name="update" desc="(Lio/github/lishangbu/avalon/dataset/entity/MoveDamageClass;)Lio/github/lishangbu/avalon/dataset/entity/MoveDamageClass;" line="34"><counter type="INSTRUCTION" missed="0" covered="5"/><counter type="LINE" missed="0" covered="1"/><counter type="COMPLEXITY" missed="0" covered="1"/><counter type="METHOD" missed="0" covered="1"/></method><method name="deleteById" desc="(J)V" line="41"><counter type="INSTRUCTION" missed="0" covered="5"/><counter type="LINE" missed="0" covered="2"/><counter type="COMPLEXITY" missed="0" covered="1"/><counter type="METHOD" missed="0" covered="1"/></method><method name="listMoveDamageClasses" desc="(Lio/github/lishangbu/avalon/dataset/entity/dto/MoveDamageClassSpecification;)Ljava/util/List;" line="48"><counter type="INSTRUCTION" missed="0" covered="5"/><counter type="LINE" missed="0" covered="1"/><counter type="COMPLEXITY" missed="0" covered="1"/><counter type="METHOD" missed="0" covered="1"/></method><counter type="INSTRUCTION" missed="0" covered="32"/><counter type="LINE" missed="0" covered="9"/><counter type="COMPLEXITY" missed="0" covered="6"/><counter type="METHOD" missed="0" covered="6"/><counter type="CLASS" missed="0" covered="1"/></class><class name="io/github/lishangbu/avalon/dataset/controller/BerryController" sourcefilename="BerryController.kt"><method name="&lt;init&gt;" desc="(Lio/github/lishangbu/avalon/dataset/service/BerryService;)V" line="14"><counter type="INSTRUCTION" missed="0" covered="6"/><counter type="LINE" missed="0" covered="3"/><counter type="COMPLEXITY" missed="0" covered="1"/><counter type="METHOD" missed="0" covered="1"/></method><method name="getBerryPage" desc="(Lorg/springframework/data/domain/Pageable;Lio/github/lishangbu/avalon/dataset/entity/dto/BerrySpecification;)Lorg/babyfish/jimmer/Page;" line="25"><counter type="INSTRUCTION" missed="0" covered="6"/><counter type="LINE" missed="0" covered="1"/><counter type="COMPLEXITY" missed="0" covered="1"/><counter type="METHOD" missed="0" covered="1"/></method><method name="save" desc="(Lio/github/lishangbu/avalon/dataset/entity/Berry;)Lio/github/lishangbu/avalon/dataset/entity/Berry;" line="31"><counter type="INSTRUCTION" missed="0" covered="5"/><counter type="LINE" missed="0" covered="1"/><counter type="COMPLEXITY" missed="0" covered="1"/><counter type="METHOD" missed="0" covered="1"/></method><method name="update" desc="(Lio/github/lishangbu/avalon/dataset/entity/Berry;)Lio/github/lishangbu/avalon/dataset/entity/Berry;" line="37"><counter type="INSTRUCTION" missed="0" covered="5"/><counter type="LINE" missed="0" covered="1"/><counter type="COMPLEXITY" missed="0" covered="1"/><counter type="METHOD" missed="0" covered="1"/></method><method name="deleteById" desc="(J)V" line="44"><counter type="INSTRUCTION" missed="0" covered="5"/><counter type="LINE" missed="0" covered="2"/><counter type="COMPLEXITY" missed="0" covered="1"/><counter type="METHOD" missed="0" covered="1"/></method><counter type="INSTRUCTION" missed="0" covered="27"/><counter type="LINE" missed="0" covered="8"/><counter type="COMPLEXITY" missed="0" covered="5"/><counter type="METHOD" missed="0" covered="5"/><counter type="CLASS" missed="0" covered="1"/></class><sourcefile name="GrowthRateController.kt"><line nr="9" mi="0" ci="2" mb="0" cb="0"/><line nr="11" mi="0" ci="1" mb="0" cb="0"/><line nr="13" mi="0" ci="3" mb="0" cb="0"/><line nr="19" mi="0" ci="5" mb="0" cb="0"/><line nr="25" mi="0" ci="5" mb="0" cb="0"/><line nr="32" mi="0" ci="4" mb="0" cb="0"/><line nr="33" mi="0" ci="1" mb="0" cb="0"/><line nr="39" mi="0" ci="5" mb="0" cb="0"/><counter type="INSTRUCTION" missed="0" covered="26"/><counter type="LINE" missed="0" covered="8"/><counter type="COMPLEXITY" missed="0" covered="5"/><counter type="METHOD" missed="0" covered="5"/><counter type="CLASS" missed="0" covered="1"/></sourcefile><sourcefile name="BerryFirmnessController.kt"><line nr="11" mi="0" ci="2" mb="0" cb="0"/><line nr="13" mi="0" ci="1" mb="0" cb="0"/><line nr="15" mi="0" ci="3" mb="0" cb="0"/><line nr="22" mi="0" ci="6" mb="0" cb="0"/><line nr="28" mi="0" ci="5" mb="0" cb="0"/><line nr="34" mi="0" ci="5" mb="0" cb="0"/><line nr="41" mi="0" ci="4" mb="0" cb="0"/><line nr="42" mi="0" ci="1" mb="0" cb="0"/><line nr="48" mi="0" ci="5" mb="0" cb="0"/><counter type="INSTRUCTION" missed="0" covered="32"/><counter type="LINE" missed="0" covered="9"/><counter type="COMPLEXITY" missed="0" covered="6"/><counter type="METHOD" missed="0" covered="6"/><counter type="CLASS" missed="0" covered="1"/></sourcefile><sourcefile name="TypeController.kt"><line nr="9" mi="0" ci="2" mb="0" cb="0"/><line nr="11" mi="0" ci="1" mb="0" cb="0"/><line nr="13" mi="0" ci="3" mb="0" cb="0"/><line nr="19" mi="0" ci="5" mb="0" cb="0"/><line nr="25" mi="0" ci="5" mb="0" cb="0"/><line nr="32" mi="0" ci="4" mb="0" cb="0"/><line nr="33" mi="0" ci="1" mb="0" cb="0"/><line nr="39" mi="0" ci="5" mb="0" cb="0"/><counter type="INSTRUCTION" missed="0" covered="26"/><counter type="LINE" missed="0" covered="8"/><counter type="COMPLEXITY" missed="0" covered="5"/><counter type="METHOD" missed="0" covered="5"/><counter type="CLASS" missed="0" covered="1"/></sourcefile><sourcefile name="TypeEffectivenessController.kt"><line nr="15" mi="0" ci="2" mb="0" cb="0"/><line nr="17" mi="0" ci="1" mb="0" cb="0"/><line nr="18" mi="0" ci="3" mb="0" cb="0"/><line nr="25" mi="0" ci="6" mb="0" cb="0"/><line nr="29" mi="0" ci="4" mb="0" cb="0"/><line nr="35" mi="0" ci="5" mb="0" cb="0"/><counter type="INSTRUCTION" missed="0" covered="21"/><counter type="LINE" missed="0" covered="6"/><counter type="COMPLEXITY" missed="0" covered="4"/><counter type="METHOD" missed="0" covered="4"/><counter type="CLASS" missed="0" covered="1"/></sourcefile><sourcefile name="BerryFlavorController.kt"><line nr="9" mi="0" ci="2" mb="0" cb="0"/><line nr="11" mi="0" ci="1" mb="0" cb="0"/><line nr="13" mi="0" ci="3" mb="0" cb="0"/><line nr="19" mi="0" ci="5" mb="0" cb="0"/><line nr="25" mi="0" ci="5" mb="0" cb="0"/><line nr="31" mi="0" ci="5" mb="0" cb="0"/><line nr="38" mi="0" ci="4" mb="0" cb="0"/><line nr="39" mi="0" ci="1" mb="0" cb="0"/><counter type="INSTRUCTION" missed="0" covered="26"/><counter type="LINE" missed="0" covered="8"/><counter type="COMPLEXITY" missed="0" covered="5"/><counter type="METHOD" missed="0" covered="5"/><counter type="CLASS" missed="0" covered="1"/></sourcefile><sourcefile name="GenderController.kt"><line nr="17" mi="0" ci="2" mb="0" cb="0"/><line nr="19" mi="0" ci="1" mb="0" cb="0"/><line nr="21" mi="0" ci="3" mb="0" cb="0"/><line nr="27" mi="0" ci="5" mb="0" cb="0"/><line nr="33" mi="0" ci="5" mb="0" cb="0"/><line nr="40" mi="0" ci="4" mb="0" cb="0"/><line nr="41" mi="0" ci="1" mb="0" cb="0"/><line nr="47" mi="0" ci="5" mb="0" cb="0"/><counter type="INSTRUCTION" missed="0" covered="26"/><counter type="LINE" missed="0" covered="8"/><counter type="COMPLEXITY" missed="0" covered="5"/><counter type="METHOD" missed="0" covered="5"/><counter type="CLASS" missed="0" covered="1"/></sourcefile><sourcefile name="BerryController.kt"><line nr="14" mi="0" ci="2" mb="0" cb="0"/><line nr="16" mi="0" ci="1" mb="0" cb="0"/><line nr="18" mi="0" ci="3" mb="0" cb="0"/><line nr="25" mi="0" ci="6" mb="0" cb="0"/><line nr="31" mi="0" ci="5" mb="0" cb="0"/><line nr="37" mi="0" ci="5" mb="0" cb="0"/><line nr="44" mi="0" ci="4" mb="0" cb="0"/><line nr="45" mi="0" ci="1" mb="0" cb="0"/><counter type="INSTRUCTION" missed="0" covered="27"/><counter type="LINE" missed="0" covered="8"/><counter type="COMPLEXITY" missed="0" covered="5"/><counter type="METHOD" missed="0" covered="5"/><counter type="CLASS" missed="0" covered="1"/></sourcefile><sourcefile name="MoveDamageClassController.kt"><line nr="11" mi="0" ci="2" mb="0" cb="0"/><line nr="13" mi="0" ci="1" mb="0" cb="0"/><line nr="15" mi="0" ci="3" mb="0" cb="0"/><line nr="22" mi="0" ci="6" mb="0" cb="0"/><line nr="28" mi="0" ci="5" mb="0" cb="0"/><line nr="34" mi="0" ci="5" mb="0" cb="0"/><line nr="41" mi="0" ci="4" mb="0" cb="0"/><line nr="42" mi="0" ci="1" mb="0" cb="0"/><line nr="48" mi="0" ci="5" mb="0" cb="0"/><counter type="INSTRUCTION" missed="0" covered="32"/><counter type="LINE" missed="0" covered="9"/><counter type="COMPLEXITY" missed="0" covered="6"/><counter type="METHOD" missed="0" covered="6"/><counter type="CLASS" missed="0" covered="1"/></sourcefile><sourcefile name="StatController.kt"><line nr="11" mi="0" ci="2" mb="0" cb="0"/><line nr="13" mi="0" ci="1" mb="0" cb="0"/><line nr="15" mi="0" ci="3" mb="0" cb="0"/><line nr="21" mi="0" ci="5" mb="0" cb="0"/><line nr="27" mi="0" ci="5" mb="0" cb="0"/><line nr="34" mi="0" ci="4" mb="0" cb="0"/><line nr="35" mi="0" ci="1" mb="0" cb="0"/><line nr="41" mi="0" ci="5" mb="0" cb="0"/><counter type="INSTRUCTION" missed="0" covered="26"/><counter type="LINE" missed="0" covered="8"/><counter type="COMPLEXITY" missed="0" covered="5"/><counter type="METHOD" missed="0" covered="5"/><counter type="CLASS" missed="0" covered="1"/></sourcefile><counter type="INSTRUCTION" missed="0" covered="242"/><counter type="LINE" missed="0" covered="72"/><counter type="COMPLEXITY" missed="0" covered="46"/><counter type="METHOD" missed="0" covered="46"/><counter type="CLASS" missed="0" covered="9"/></package><counter type="INSTRUCTION" missed="2061" covered="16609"/><counter type="BRANCH" missed="332" covered="1217"/><counter type="LINE" missed="309" covered="3550"/><counter type="COMPLEXITY" missed="446" covered="1358"/><counter type="METHOD" missed="137" covered="890"/><counter type="CLASS" missed="2" covered="168"/></report>