<?xml version="1.0" encoding="UTF-8" standalone="yes"?><!DOCTYPE report PUBLIC "-//JACOCO//DTD Report 1.1//EN" "report.dtd"><report name="avalon"><sessioninfo id="runnervmrg6be-428bb373" start="1774664637922" dump="1774664650219"/><sessioninfo id="runnervmrg6be-65cac383" start="1774664664941" dump="1774664678639"/><sessioninfo id="runnervmrg6be-b47ba53e" start="1774664683291" dump="1774664690592"/><sessioninfo id="runnervmrg6be-dfeaa86d" start="1774664679274" dump="1774664706815"/><sessioninfo id="runnervmrg6be-628a007b" start="1774664710374" dump="1774664721401"/><sessioninfo id="runnervmrg6be-f2b39bcb" start="1774664698746" dump="1774664728873"/><sessioninfo id="runnervmrg6be-3e984dfd" start="1774664724108" dump="1774664734616"/><sessioninfo id="runnervmrg6be-5814741d" start="1774714931290" dump="1774714939412"/><sessioninfo id="runnervmrg6be-1a7ccda2" start="1774745237560" dump="1774745254247"/><sessioninfo id="runnervmrg6be-8d0f68a0" start="1774766961371" dump="1774767015135"/><sessioninfo id="runnervmrg6be-643eb6c2" start="1774767049783" dump="1774767061700"/><sessioninfo id="runnervmrg6be-17a70d31" start="1774767050061" dump="1774767066856"/><sessioninfo id="runnervmrg6be-4591cc93" start="1774767044744" dump="1774767076241"/><package name="io/github/lishangbu/avalon/web/exception"><class name="io/github/lishangbu/avalon/web/exception/GlobalExceptionHandler$Companion" sourcefilename="GlobalExceptionHandler.kt"/><class name="io/github/lishangbu/avalon/web/exception/GlobalExceptionHandler" sourcefilename="GlobalExceptionHandler.kt"><method name="&lt;init&gt;" desc="()V" line="27"><counter type="INSTRUCTION" missed="0" covered="3"/><counter type="LINE" missed="0" covered="1"/><counter type="COMPLEXITY" missed="0" covered="1"/><counter type="METHOD" missed="0" covered="1"/></method><method name="handleGlobalException" desc="(Ljava/lang/Exception;)Lio/github/lishangbu/avalon/web/result/ApiResult;" line="34"><counter type="INSTRUCTION" missed="0" covered="24"/><counter type="BRANCH" missed="0" covered="2"/><counter type="LINE" missed="0" covered="2"/><counter type="COMPLEXITY" missed="0" covered="2"/><counter type="METHOD" missed="0" covered="1"/></method><method name="handleRuntimeException" desc="(Ljava/lang/RuntimeException;)Lio/github/lishangbu/avalon/web/result/ApiResult;" line="42"><counter type="INSTRUCTION" missed="0" covered="24"/><counter type="BRANCH" missed="0" covered="2"/><counter type="LINE" missed="0" covered="2"/><counter type="COMPLEXITY" missed="0" covered="2"/><counter type="METHOD" missed="0" covered="1"/></method><method name="handleHttpMessageNotWritableException" desc="(Lorg/springframework/http/converter/HttpMessageNotWritableException;)Lio/github/lishangbu/avalon/web/result/ApiResult;" line="52"><counter type="INSTRUCTION" missed="0" covered="24"/><counter type="BRANCH" missed="0" covered="2"/><counter type="LINE" missed="0" covered="2"/><counter type="COMPLEXITY" missed="0" covered="2"/><counter type="METHOD" missed="0" covered="1"/></method><method name="handleBodyValidException" desc="(Ljava/lang/Exception;)Lio/github/lishangbu/avalon/web/result/ApiResult;" line="60"><counter type="INSTRUCTION" missed="0" covered="56"/><counter type="BRANCH" missed="0" covered="4"/><counter type="LINE" missed="0" covered="8"/><counter type="COMPLEXITY" missed="0" covered="3"/><counter type="METHOD" missed="0" covered="1"/></method><method name="handleIllegalArgumentException" desc="(Ljava/lang/IllegalArgumentException;)Lio/github/lishangbu/avalon/web/result/ApiResult;" line="75"><counter type="INSTRUCTION" missed="0" covered="23"/><counter type="BRANCH" missed="0" covered="2"/><counter type="LINE" missed="0" covered="2"/><counter type="COMPLEXITY" missed="0" covered="2"/><counter type="METHOD" missed="0" covered="1"/></method><method name="handleIllegalStateException" desc="(Ljava/lang/IllegalStateException;)Lio/github/lishangbu/avalon/web/result/ApiResult;" line="83"><counter type="INSTRUCTION" missed="0" covered="23"/><counter type="BRANCH" missed="0" covered="2"/><counter type="LINE" missed="0" covered="2"/><counter type="COMPLEXITY" missed="0" covered="2"/><counter type="METHOD" missed="0" covered="1"/></method><method name="handleSQLException" desc="(Ljava/sql/SQLException;)Lio/github/lishangbu/avalon/web/result/ApiResult;" line="91"><counter type="INSTRUCTION" missed="0" covered="19"/><counter type="LINE" missed="0" covered="2"/><counter type="COMPLEXITY" missed="0" covered="1"/><counter type="METHOD" missed="0" covered="1"/></method><method name="handleUnsupportedOperationException" desc="(Ljava/lang/UnsupportedOperationException;)Lio/github/lishangbu/avalon/web/result/ApiResult;" line="101"><counter type="INSTRUCTION" missed="0" covered="23"/><counter type="BRANCH" missed="0" covered="2"/><counter type="LINE" missed="0" covered="2"/><counter type="COMPLEXITY" missed="0" covered="2"/><counter type="METHOD" missed="0" covered="1"/></method><method name="handleNoResourceFoundException" desc="(Lorg/springframework/web/servlet/resource/NoResourceFoundException;)Lio/github/lishangbu/avalon/web/result/ApiResult;" line="109"><counter type="INSTRUCTION" missed="0" covered="22"/><counter type="LINE" missed="0" covered="4"/><counter type="COMPLEXITY" missed="0" covered="1"/><counter type="METHOD" missed="0" covered="1"/></method><method name="handleHttpRequestMethodNotSupportedException" desc="(Lorg/springframework/web/HttpRequestMethodNotSupportedException;)Lio/github/lishangbu/avalon/web/result/ApiResult;" line="122"><counter type="INSTRUCTION" missed="0" covered="15"/><counter type="LINE" missed="0" covered="4"/><counter type="COMPLEXITY" missed="0" covered="1"/><counter type="METHOD" missed="0" covered="1"/></method><method name="handleBodyValidException$lambda$0" desc="(Lorg/springframework/validation/FieldError;)Ljava/lang/CharSequence;" line="66"><counter type="INSTRUCTION" missed="0" covered="8"/><counter type="BRANCH" missed="0" covered="2"/><counter type="LINE" missed="0" covered="1"/><counter type="COMPLEXITY" missed="0" covered="2"/><counter type="METHOD" missed="0" covered="1"/></method><method name="&lt;clinit&gt;" desc="()V" line="129"><counter type="INSTRUCTION" missed="0" covered="4"/><counter type="LINE" missed="0" covered="1"/><counter type="COMPLEXITY" missed="0" covered="1"/><counter type="METHOD" missed="0" covered="1"/></method><counter type="INSTRUCTION" missed="0" covered="268"/><counter type="BRANCH" missed="0" covered="18"/><counter type="LINE" missed="0" covered="32"/><counter type="COMPLEXITY" missed="0" covered="22"/><counter type="METHOD" missed="0" covered="13"/><counter type="CLASS" missed="0" covered="1"/></class><sourcefile name="GlobalExceptionHandler.kt"><line nr="27" mi="0" ci="3" mb="0" cb="0"/><line nr="34" mi="0" ci="6" mb="0" cb="0"/><line nr="35" mi="0" ci="18" mb="0" cb="2"/><line nr="42" mi="0" ci="6" mb="0" cb="0"/><line nr="43" mi="0" ci="18" mb="0" cb="2"/><line nr="52" mi="0" ci="6" mb="0" cb="0"/><line nr="53" mi="0" ci="18" mb="0" cb="2"/><line nr="60" mi="0" ci="1" mb="0" cb="0"/><line nr="61" mi="0" ci="2" mb="0" cb="0"/><line nr="62" mi="0" ci="11" mb="0" cb="2"/><line nr="63" mi="0" ci="11" mb="0" cb="2"/><line nr="64" mi="0" ci="1" mb="0" cb="0"/><line nr="66" mi="0" ci="21" mb="0" cb="2"/><line nr="67" mi="0" ci="4" mb="0" cb="0"/><line nr="68" mi="0" ci="13" mb="0" cb="0"/><line nr="75" mi="0" ci="5" mb="0" cb="0"/><line nr="76" mi="0" ci="18" mb="0" cb="2"/><line nr="83" mi="0" ci="5" mb="0" cb="0"/><line nr="84" mi="0" ci="18" mb="0" cb="2"/><line nr="91" mi="0" ci="6" mb="0" cb="0"/><line nr="92" mi="0" ci="13" mb="0" cb="0"/><line nr="101" mi="0" ci="5" mb="0" cb="0"/><line nr="102" mi="0" ci="18" mb="0" cb="2"/><line nr="109" mi="0" ci="7" mb="0" cb="0"/><line nr="110" mi="0" ci="3" mb="0" cb="0"/><line nr="111" mi="0" ci="2" mb="0" cb="0"/><line nr="112" mi="0" ci="10" mb="0" cb="0"/><line nr="122" mi="0" ci="2" mb="0" cb="0"/><line nr="123" mi="0" ci="2" mb="0" cb="0"/><line nr="124" mi="0" ci="10" mb="0" cb="0"/><line nr="125" mi="0" ci="1" mb="0" cb="0"/><line nr="129" mi="0" ci="4" mb="0" cb="0"/><counter type="INSTRUCTION" missed="0" covered="268"/><counter type="BRANCH" missed="0" covered="18"/><counter type="LINE" missed="0" covered="32"/><counter type="COMPLEXITY" missed="0" covered="22"/><counter type="METHOD" missed="0" covered="13"/><counter type="CLASS" missed="0" covered="1"/></sourcefile><counter type="INSTRUCTION" missed="0" covered="268"/><counter type="BRANCH" missed="0" covered="18"/><counter type="LINE" missed="0" covered="32"/><counter type="COMPLEXITY" missed="0" covered="22"/><counter type="METHOD" missed="0" covered="13"/><counter type="CLASS" missed="0" covered="1"/></package><package name="io/github/lishangbu/avalon/s3/client"><class name="io/github/lishangbu/avalon/s3/client/AvalonS3ClientBundle" sourcefilename="AvalonS3ClientBundle.kt"><method name="&lt;init&gt;" desc="(Ljava/lang/String;Lio/github/lishangbu/avalon/s3/properties/S3Provider;Ljava/util/Map;Lsoftware/amazon/awssdk/services/s3/S3Client;Lsoftware/amazon/awssdk/services/s3/S3AsyncClient;Lsoftware/amazon/awssdk/services/s3/waiters/S3Waiter;Lsoftware/amazon/awssdk/services/s3/presigner/S3Presigner;Lsoftware/amazon/awssdk/services/s3control/S3ControlClient;Lsoftware/amazon/awssdk/services/s3control/S3ControlAsyncClient;Lsoftware/amazon/awssdk/transfer/s3/S3TransferManager;)V" line="14"><counter type="INSTRUCTION" missed="0" covered="58"/><counter type="LINE" missed="0" covered="22"/><counter type="COMPLEXITY" missed="0" covered="1"/><counter type="METHOD" missed="0" covered="1"/></method><method name="getName" desc="()Ljava/lang/String;" line="15"><counter type="INSTRUCTION" missed="3" covered="0"/><counter type="LINE" missed="1" covered="0"/><counter type="COMPLEXITY" missed="1" covered="0"/><counter type="METHOD" missed="1" covered="0"/></method><method name="getProvider" desc="()Lio/github/lishangbu/avalon/s3/properties/S3Provider;" line="16"><counter type="INSTRUCTION" missed="3" covered="0"/><counter type="LINE" missed="1" covered="0"/><counter type="COMPLEXITY" missed="1" covered="0"/><counter type="METHOD" missed="1" covered="0"/></method><method name="getBucketAliases" desc="()Ljava/util/Map;" line="17"><counter type="INSTRUCTION" missed="3" covered="0"/><counter type="LINE" missed="1" covered="0"/><counter type="COMPLEXITY" missed="1" covered="0"/><counter type="METHOD" missed="1" covered="0"/></method><method name="getS3Client" desc="()Lsoftware/amazon/awssdk/services/s3/S3Client;" line="18"><counter type="INSTRUCTION" missed="0" covered="3"/><counter type="LINE" missed="0" covered="1"/><counter type="COMPLEXITY" missed="0" covered="1"/><counter type="METHOD" missed="0" covered="1"/></method><method name="getS3AsyncClient" desc="()Lsoftware/amazon/awssdk/services/s3/S3AsyncClient;" line="19"><counter type="INSTRUCTION" missed="0" covered="3"/><counter type="LINE" missed="0" covered="1"/><counter type="COMPLEXITY" missed="0" covered="1"/><counter type="METHOD" missed="0" covered="1"/></method><method name="getS3Waiter" desc="()Lsoftware/amazon/awssdk/services/s3/waiters/S3Waiter;" line="20"><counter type="INSTRUCTION" missed="3" covered="0"/><counter type="LINE" missed="1" covered="0"/><counter type="COMPLEXITY" missed="1" covered="0"/><counter type="METHOD" missed="1" covered="0"/></method><method name="getS3Presigner" desc="()Lsoftware/amazon/awssdk/services/s3/presigner/S3Presigner;" line="21"><counter type="INSTRUCTION" missed="0" covered="3"/><counter type="LINE" missed="0" covered="1"/><counter type="COMPLEXITY" missed="0" covered="1"/><counter type="METHOD" missed="0" covered="1"/></method><method name="getS3ControlClient" desc="()Lsoftware/amazon/awssdk/services/s3control/S3ControlClient;" line="22"><counter type="INSTRUCTION" missed="0" covered="3"/><counter type="LINE" missed="0" covered="1"/><counter type="COMPLEXITY" missed="0" covered="1"/><counter type="METHOD" missed="0" covered="1"/></method><method name="getS3ControlAsyncClient" desc="()Lsoftware/amazon/awssdk/services/s3control/S3ControlAsyncClient;" line="23"><counter type="INSTRUCTION" missed="0" covered="3"/><counter type="LINE" missed="0" covered="1"/><counter type="COMPLEXITY" missed="0" covered="1"/><counter type="METHOD" missed="0" covered="1"/></method><method name="getS3TransferManager" desc="()Lsoftware/amazon/awssdk/transfer/s3/S3TransferManager;" line="24"><counter type="INSTRUCTION" missed="0" covered="3"/><counter type="LINE" missed="0" covered="1"/><counter type="COMPLEXITY" missed="0" covered="1"/><counter type="METHOD" missed="0" covered="1"/></method><method name="getFacade" desc="()Lio/github/lishangbu/avalon/s3/facade/S3Facade;" line="27"><counter type="INSTRUCTION" missed="0" covered="3"/><counter type="LINE" missed="0" covered="1"/><counter type="COMPLEXITY" missed="0" covered="1"/><counter type="METHOD" missed="0" covered="1"/></method><counter type="INSTRUCTION" missed="12" covered="79"/><counter type="LINE" missed="0" covered="23"/><counter type="COMPLEXITY" missed="4" covered="8"/><counter type="METHOD" missed="4" covered="8"/><counter type="CLASS" missed="0" covered="1"/></class><class name="io/github/lishangbu/avalon/s3/client/AvalonS3ClientRegistry" sourcefilename="AvalonS3ClientRegistry.kt"><method name="&lt;init&gt;" desc="(Ljava/lang/String;Ljava/util/Map;)V" line="7"><counter type="INSTRUCTION" missed="26" covered="24"/><counter type="BRANCH" missed="3" covered="3"/><counter type="LINE" missed="2" covered="7"/><counter type="COMPLEXITY" missed="3" covered="1"/><counter type="METHOD" missed="0" covered="1"/></method><method name="defaultFacade" desc="()Lio/github/lishangbu/avalon/s3/facade/S3Facade;" line="21"><counter type="INSTRUCTION" missed="0" covered="5"/><counter type="LINE" missed="0" covered="1"/><counter type="COMPLEXITY" missed="0" covered="1"/><counter type="METHOD" missed="0" covered="1"/></method><method name="facade" desc="(Ljava/lang/String;)Lio/github/lishangbu/avalon/s3/facade/S3Facade;" line="24"><counter type="INSTRUCTION" missed="0" covered="5"/><counter type="LINE" missed="0" covered="1"/><counter type="COMPLEXITY" missed="0" covered="1"/><counter type="METHOD" missed="0" covered="1"/></method><method name="bundle" desc="(Ljava/lang/String;)Lio/github/lishangbu/avalon/s3/client/AvalonS3ClientBundle;" line="28"><counter type="INSTRUCTION" missed="10" covered="8"/><counter type="BRANCH" missed="1" covered="1"/><counter type="LINE" missed="0" covered="2"/><counter type="COMPLEXITY" missed="1" covered="1"/><counter type="METHOD" missed="0" covered="1"/></method><method name="clientNames" desc="()Ljava/util/Set;" line="32"><counter type="INSTRUCTION" missed="0" covered="4"/><counter type="LINE" missed="0" covered="1"/><counter type="COMPLEXITY" missed="0" covered="1"/><counter type="METHOD" missed="0" covered="1"/></method><method name="facades" desc="()Ljava/util/Map;" line="35"><counter type="INSTRUCTION" missed="12" covered="0"/><counter type="LINE" missed="1" covered="0"/><counter type="COMPLEXITY" missed="1" covered="0"/><counter type="METHOD" missed="1" covered="0"/></method><method name="close" desc="()V" line="38"><counter type="INSTRUCTION" missed="0" covered="56"/><counter type="LINE" missed="0" covered="11"/><counter type="COMPLEXITY" missed="0" covered="1"/><counter type="METHOD" missed="0" covered="1"/></method><counter type="INSTRUCTION" missed="48" covered="102"/><counter type="BRANCH" missed="4" covered="4"/><counter type="LINE" missed="3" covered="23"/><counter type="COMPLEXITY" missed="5" covered="6"/><counter type="METHOD" missed="1" covered="6"/><counter type="CLASS" missed="0" covered="1"/></class><class name="io/github/lishangbu/avalon/s3/client/AvalonS3ClientFactory" sourcefilename="AvalonS3ClientFactory.kt"><method name="&lt;init&gt;" desc="(Ljava/util/List;Ljava/util/List;Ljava/util/List;Ljava/util/List;Ljava/util/List;Ljava/util/List;)V" line="36"><counter type="INSTRUCTION" missed="0" covered="21"/><counter type="LINE" missed="0" covered="7"/><counter type="COMPLEXITY" missed="0" covered="1"/><counter type="METHOD" missed="0" covered="1"/></method><method name="create" desc="(Ljava/lang/String;Lio/github/lishangbu/avalon/s3/properties/S3ClientProperties;)Lio/github/lishangbu/avalon/s3/client/AvalonS3ClientBundle;" line="49"><counter type="INSTRUCTION" missed="45" covered="286"/><counter type="BRANCH" missed="15" covered="15"/><counter type="LINE" missed="0" covered="75"/><counter type="COMPLEXITY" missed="15" covered="1"/><counter type="METHOD" missed="0" covered="1"/></method><method name="syncHttpClient" desc="(Lio/github/lishangbu/avalon/s3/properties/S3HttpClientProperties;)Lsoftware/amazon/awssdk/http/SdkHttpClient;" line="151"><counter type="INSTRUCTION" missed="36" covered="26"/><counter type="BRANCH" missed="3" covered="3"/><counter type="LINE" missed="0" covered="5"/><counter type="COMPLEXITY" missed="3" covered="1"/><counter type="METHOD" missed="0" covered="1"/></method><method name="asyncHttpClient" desc="(Lio/github/lishangbu/avalon/s3/properties/S3HttpClientProperties;)Lsoftware/amazon/awssdk/http/async/SdkAsyncHttpClient;" line="159"><counter type="INSTRUCTION" missed="48" covered="32"/><counter type="BRANCH" missed="4" covered="4"/><counter type="LINE" missed="0" covered="6"/><counter type="COMPLEXITY" missed="4" covered="1"/><counter type="METHOD" missed="0" covered="1"/></method><method name="serviceConfiguration" desc="(Lio/github/lishangbu/avalon/s3/properties/S3ClientProperties;)Lsoftware/amazon/awssdk/services/s3/S3Configuration;" line="169"><counter type="INSTRUCTION" missed="24" covered="46"/><counter type="BRANCH" missed="2" covered="2"/><counter type="LINE" missed="0" covered="8"/><counter type="COMPLEXITY" missed="2" covered="1"/><counter type="METHOD" missed="0" covered="1"/></method><method name="resolvePathStyleAccess" desc="(Lio/github/lishangbu/avalon/s3/properties/S3ClientProperties;)Z" line="180"><counter type="INSTRUCTION" missed="2" covered="19"/><counter type="BRANCH" missed="1" covered="4"/><counter type="LINE" missed="1" covered="4"/><counter type="COMPLEXITY" missed="1" covered="3"/><counter type="METHOD" missed="0" covered="1"/></method><method name="overrideConfiguration" desc="(Lio/github/lishangbu/avalon/s3/properties/S3ClientOverrideProperties;)Lsoftware/amazon/awssdk/core/client/config/ClientOverrideConfiguration;" line="187"><counter type="INSTRUCTION" missed="24" covered="21"/><counter type="BRANCH" missed="2" covered="2"/><counter type="LINE" missed="0" covered="4"/><counter type="COMPLEXITY" missed="2" covered="1"/><counter type="METHOD" missed="0" covered="1"/></method><method name="resolveRegion" desc="(Lio/github/lishangbu/avalon/s3/properties/S3ClientProperties;)Lsoftware/amazon/awssdk/regions/Region;" line="194"><counter type="INSTRUCTION" missed="6" covered="30"/><counter type="BRANCH" missed="3" covered="6"/><counter type="LINE" missed="2" covered="5"/><counter type="COMPLEXITY" missed="3" covered="3"/><counter type="METHOD" missed="0" covered="1"/></method><method name="validateProperties" desc="(Ljava/lang/String;Lio/github/lishangbu/avalon/s3/properties/S3ClientProperties;)V" line="209"><counter type="INSTRUCTION" missed="2" covered="51"/><counter type="BRANCH" missed="2" covered="10"/><counter type="LINE" missed="1" covered="14"/><counter type="COMPLEXITY" missed="2" covered="5"/><counter type="METHOD" missed="0" covered="1"/></method><method name="credentialsProvider" desc="(Lio/github/lishangbu/avalon/s3/properties/S3CredentialsProperties;)Lsoftware/amazon/awssdk/auth/credentials/AwsCredentialsProvider;" line="239"><counter type="INSTRUCTION" missed="37" covered="56"/><counter type="BRANCH" missed="12" covered="10"/><counter type="LINE" missed="4" covered="8"/><counter type="COMPLEXITY" missed="11" covered="1"/><counter type="METHOD" missed="0" covered="1"/></method><counter type="INSTRUCTION" missed="224" covered="588"/><counter type="BRANCH" missed="44" covered="56"/><counter type="LINE" missed="8" covered="136"/><counter type="COMPLEXITY" missed="43" covered="18"/><counter type="METHOD" missed="0" covered="10"/><counter type="CLASS" missed="0" covered="1"/></class><sourcefile name="AvalonS3ClientRegistry.kt"><line nr="7" mi="0" ci="3" mb="0" cb="0"/><line nr="8" mi="0" ci="3" mb="0" cb="0"/><line nr="9" mi="0" ci="3" mb="0" cb="0"/><line nr="11" mi="0" ci="1" mb="0" cb="0"/><line nr="12" mi="10" ci="7" mb="2" cb="2"/><line nr="13" mi="1" ci="0" mb="0" cb="0"/><line nr="15" mi="9" ci="6" mb="1" cb="1"/><line nr="16" mi="6" ci="0" mb="0" cb="0"/><line nr="18" mi="0" ci="1" mb="0" cb="0"/><line nr="21" mi="0" ci="5" mb="0" cb="0"/><line nr="24" mi="0" ci="5" mb="0" cb="0"/><line nr="28" mi="1" ci="7" mb="1" cb="1"/><line nr="29" mi="9" ci="1" mb="0" cb="0"/><line nr="32" mi="0" ci="4" mb="0" cb="0"/><line nr="35" mi="12" ci="0" mb="0" cb="0"/><line nr="38" mi="0" ci="4" mb="0" cb="0"/><line nr="39" mi="0" ci="7" mb="0" cb="0"/><line nr="40" mi="0" ci="6" mb="0" cb="0"/><line nr="41" mi="0" ci="6" mb="0" cb="0"/><line nr="42" mi="0" ci="6" mb="0" cb="0"/><line nr="43" mi="0" ci="6" mb="0" cb="0"/><line nr="44" mi="0" ci="6" mb="0" cb="0"/><line nr="45" mi="0" ci="6" mb="0" cb="0"/><line nr="46" mi="0" ci="1" mb="0" cb="0"/><line nr="47" mi="0" ci="7" mb="0" cb="0"/><line nr="48" mi="0" ci="1" mb="0" cb="0"/><counter type="INSTRUCTION" missed="48" covered="102"/><counter type="BRANCH" missed="4" covered="4"/><counter type="LINE" missed="3" covered="23"/><counter type="COMPLEXITY" missed="5" covered="6"/><counter type="METHOD" missed="1" covered="6"/><counter type="CLASS" missed="0" covered="1"/></sourcefile><sourcefile name="AvalonS3ClientBundle.kt"><line nr="14" mi="0" ci="3" mb="0" cb="0"/><line nr="15" mi="3" ci="3" mb="0" cb="0"/><line nr="16" mi="3" ci="3" mb="0" cb="0"/><line nr="17" mi="3" ci="3" mb="0" cb="0"/><line nr="18" mi="0" ci="6" mb="0" cb="0"/><line nr="19" mi="0" ci="6" mb="0" cb="0"/><line nr="20" mi="3" ci="3" mb="0" cb="0"/><line nr="21" mi="0" ci="6" mb="0" cb="0"/><line nr="22" mi="0" ci="6" mb="0" cb="0"/><line nr="23" mi="0" ci="6" mb="0" cb="0"/><line nr="24" mi="0" ci="6" mb="0" cb="0"/><line nr="27" mi="0" ci="3" mb="0" cb="0"/><line nr="28" mi="0" ci="5" mb="0" cb="0"/><line nr="29" mi="0" ci="2" mb="0" cb="0"/><line nr="30" mi="0" ci="2" mb="0" cb="0"/><line nr="31" mi="0" ci="2" mb="0" cb="0"/><line nr="32" mi="0" ci="2" mb="0" cb="0"/><line nr="33" mi="0" ci="2" mb="0" cb="0"/><line nr="34" mi="0" ci="2" mb="0" cb="0"/><line nr="35" mi="0" ci="2" mb="0" cb="0"/><line nr="36" mi="0" ci="2" mb="0" cb="0"/><line nr="37" mi="0" ci="2" mb="0" cb="0"/><line nr="38" mi="0" ci="2" mb="0" cb="0"/><counter type="INSTRUCTION" missed="12" covered="79"/><counter type="LINE" missed="0" covered="23"/><counter type="COMPLEXITY" missed="4" covered="8"/><counter type="METHOD" missed="4" covered="8"/><counter type="CLASS" missed="0" covered="1"/></sourcefile><sourcefile name="AvalonS3ClientFactory.kt"><line nr="36" mi="0" ci="3" mb="0" cb="0"/><line nr="37" mi="0" ci="3" mb="0" cb="0"/><line nr="38" mi="0" ci="3" mb="0" cb="0"/><line nr="39" mi="0" ci="3" mb="0" cb="0"/><line nr="40" mi="0" ci="3" mb="0" cb="0"/><line nr="41" mi="0" ci="3" mb="0" cb="0"/><line nr="42" mi="0" ci="3" mb="0" cb="0"/><line nr="49" mi="0" ci="4" mb="0" cb="0"/><line nr="51" mi="0" ci="5" mb="0" cb="0"/><line nr="52" mi="0" ci="4" mb="0" cb="0"/><line nr="53" mi="3" ci="19" mb="3" cb="3"/><line nr="55" mi="0" ci="1" mb="0" cb="0"/><line nr="57" mi="0" ci="1" mb="0" cb="0"/><line nr="58" mi="0" ci="3" mb="0" cb="0"/><line nr="59" mi="0" ci="5" mb="0" cb="0"/><line nr="60" mi="0" ci="6" mb="0" cb="0"/><line nr="61" mi="0" ci="6" mb="0" cb="0"/><line nr="62" mi="0" ci="2" mb="1" cb="1"/><line nr="63" mi="0" ci="4" mb="0" cb="0"/><line nr="65" mi="0" ci="2" mb="1" cb="1"/><line nr="66" mi="0" ci="4" mb="0" cb="0"/><line nr="68" mi="7" ci="6" mb="0" cb="0"/><line nr="69" mi="0" ci="4" mb="0" cb="0"/><line nr="71" mi="0" ci="1" mb="0" cb="0"/><line nr="73" mi="0" ci="1" mb="0" cb="0"/><line nr="74" mi="0" ci="3" mb="0" cb="0"/><line nr="75" mi="0" ci="5" mb="0" cb="0"/><line nr="76" mi="0" ci="6" mb="0" cb="0"/><line nr="77" mi="0" ci="5" mb="0" cb="0"/><line nr="78" mi="0" ci="6" mb="0" cb="0"/><line nr="79" mi="0" ci="2" mb="1" cb="1"/><line nr="80" mi="0" ci="4" mb="0" cb="0"/><line nr="82" mi="0" ci="2" mb="1" cb="1"/><line nr="83" mi="0" ci="4" mb="0" cb="0"/><line nr="85" mi="7" ci="6" mb="0" cb="0"/><line nr="86" mi="0" ci="4" mb="0" cb="0"/><line nr="88" mi="0" ci="1" mb="0" cb="0"/><line nr="90" mi="0" ci="1" mb="0" cb="0"/><line nr="91" mi="0" ci="2" mb="0" cb="0"/><line nr="92" mi="0" ci="4" mb="0" cb="0"/><line nr="93" mi="0" ci="2" mb="1" cb="1"/><line nr="94" mi="0" ci="4" mb="0" cb="0"/><line nr="96" mi="0" ci="2" mb="1" cb="1"/><line nr="97" mi="0" ci="4" mb="0" cb="0"/><line nr="99" mi="7" ci="6" mb="0" cb="0"/><line nr="100" mi="0" ci="3" mb="0" cb="0"/><line nr="102" mi="0" ci="1" mb="0" cb="0"/><line nr="104" mi="0" ci="1" mb="0" cb="0"/><line nr="105" mi="0" ci="3" mb="0" cb="0"/><line nr="106" mi="0" ci="6" mb="0" cb="0"/><line nr="107" mi="0" ci="6" mb="0" cb="0"/><line nr="108" mi="0" ci="2" mb="1" cb="1"/><line nr="109" mi="0" ci="4" mb="0" cb="0"/><line nr="111" mi="0" ci="6" mb="2" cb="2"/><line nr="112" mi="0" ci="4" mb="0" cb="0"/><line nr="114" mi="7" ci="6" mb="0" cb="0"/><line nr="115" mi="0" ci="4" mb="0" cb="0"/><line nr="117" mi="0" ci="1" mb="0" cb="0"/><line nr="119" mi="0" ci="1" mb="0" cb="0"/><line nr="120" mi="0" ci="3" mb="0" cb="0"/><line nr="121" mi="0" ci="6" mb="0" cb="0"/><line nr="122" mi="0" ci="6" mb="0" cb="0"/><line nr="123" mi="0" ci="2" mb="1" cb="1"/><line nr="124" mi="0" ci="4" mb="0" cb="0"/><line nr="126" mi="0" ci="6" mb="2" cb="2"/><line nr="127" mi="0" ci="4" mb="0" cb="0"/><line nr="129" mi="7" ci="6" mb="0" cb="0"/><line nr="130" mi="0" ci="4" mb="0" cb="0"/><line nr="132" mi="0" ci="4" mb="0" cb="0"/><line nr="133" mi="7" ci="6" mb="0" cb="0"/><line nr="134" mi="0" ci="3" mb="0" cb="0"/><line nr="136" mi="0" ci="4" mb="0" cb="0"/><line nr="137" mi="0" ci="1" mb="0" cb="0"/><line nr="138" mi="0" ci="2" mb="0" cb="0"/><line nr="139" mi="0" ci="3" mb="0" cb="0"/><line nr="140" mi="0" ci="3" mb="0" cb="0"/><line nr="141" mi="0" ci="3" mb="0" cb="0"/><line nr="142" mi="0" ci="5" mb="0" cb="0"/><line nr="143" mi="0" ci="3" mb="0" cb="0"/><line nr="144" mi="0" ci="3" mb="0" cb="0"/><line nr="145" mi="0" ci="3" mb="0" cb="0"/><line nr="146" mi="0" ci="3" mb="0" cb="0"/><line nr="151" mi="0" ci="2" mb="0" cb="0"/><line nr="152" mi="12" ci="6" mb="1" cb="1"/><line nr="153" mi="12" ci="6" mb="1" cb="1"/><line nr="154" mi="12" ci="6" mb="1" cb="1"/><line nr="155" mi="0" ci="6" mb="0" cb="0"/><line nr="159" mi="0" ci="2" mb="0" cb="0"/><line nr="160" mi="12" ci="6" mb="1" cb="1"/><line nr="161" mi="12" ci="6" mb="1" cb="1"/><line nr="162" mi="12" ci="6" mb="1" cb="1"/><line nr="163" mi="12" ci="6" mb="1" cb="1"/><line nr="164" mi="0" ci="6" mb="0" cb="0"/><line nr="169" mi="0" ci="2" mb="0" cb="0"/><line nr="170" mi="0" ci="7" mb="0" cb="0"/><line nr="171" mi="0" ci="6" mb="0" cb="0"/><line nr="172" mi="0" ci="6" mb="0" cb="0"/><line nr="173" mi="0" ci="6" mb="0" cb="0"/><line nr="174" mi="12" ci="6" mb="1" cb="1"/><line nr="175" mi="12" ci="6" mb="1" cb="1"/><line nr="176" mi="0" ci="7" mb="0" cb="0"/><line nr="180" mi="0" ci="14" mb="1" cb="4"/><line nr="181" mi="2" ci="0" mb="0" cb="0"/><line nr="182" mi="0" ci="2" mb="0" cb="0"/><line nr="183" mi="0" ci="2" mb="0" cb="0"/><line nr="184" mi="0" ci="1" mb="0" cb="0"/><line nr="187" mi="0" ci="2" mb="0" cb="0"/><line nr="188" mi="12" ci="6" mb="1" cb="1"/><line nr="189" mi="12" ci="6" mb="1" cb="1"/><line nr="190" mi="0" ci="7" mb="0" cb="0"/><line nr="194" mi="2" ci="15" mb="1" cb="3"/><line nr="195" mi="0" ci="2" mb="0" cb="2"/><line nr="196" mi="0" ci="3" mb="0" cb="0"/><line nr="198" mi="0" ci="8" mb="2" cb="1"/><line nr="199" mi="2" ci="0" mb="0" cb="0"/><line nr="200" mi="0" ci="2" mb="0" cb="0"/><line nr="201" mi="2" ci="0" mb="0" cb="0"/><line nr="209" mi="0" ci="1" mb="0" cb="0"/><line nr="210" mi="0" ci="7" mb="1" cb="1"/><line nr="211" mi="2" ci="0" mb="0" cb="0"/><line nr="218" mi="0" ci="2" mb="0" cb="0"/><line nr="220" mi="0" ci="6" mb="1" cb="3"/><line nr="221" mi="0" ci="4" mb="0" cb="0"/><line nr="222" mi="0" ci="4" mb="0" cb="0"/><line nr="226" mi="0" ci="1" mb="0" cb="0"/><line nr="227" mi="0" ci="7" mb="0" cb="2"/><line nr="228" mi="0" ci="2" mb="0" cb="0"/><line nr="229" mi="0" ci="2" mb="0" cb="0"/><line nr="231" mi="0" ci="6" mb="0" cb="4"/><line nr="232" mi="0" ci="4" mb="0" cb="0"/><line nr="233" mi="0" ci="4" mb="0" cb="0"/><line nr="236" mi="0" ci="1" mb="0" cb="0"/><line nr="239" mi="4" ci="13" mb="2" cb="2"/><line nr="240" mi="4" ci="13" mb="2" cb="2"/><line nr="241" mi="10" ci="7" mb="3" cb="1"/><line nr="243" mi="0" ci="2" mb="0" cb="0"/><line nr="244" mi="1" ci="6" mb="3" cb="3"/><line nr="245" mi="1" ci="0" mb="0" cb="0"/><line nr="246" mi="10" ci="0" mb="0" cb="0"/><line nr="250" mi="0" ci="5" mb="2" cb="2"/><line nr="251" mi="0" ci="1" mb="0" cb="0"/><line nr="252" mi="0" ci="9" mb="0" cb="0"/><line nr="256" mi="5" ci="0" mb="0" cb="0"/><line nr="257" mi="2" ci="0" mb="0" cb="0"/><counter type="INSTRUCTION" missed="224" covered="588"/><counter type="BRANCH" missed="44" covered="56"/><counter type="LINE" missed="8" covered="136"/><counter type="COMPLEXITY" missed="43" covered="18"/><counter type="METHOD" missed="0" covered="10"/><counter type="CLASS" missed="0" covered="1"/></sourcefile><counter type="INSTRUCTION" missed="284" covered="769"/><counter type="BRANCH" missed="48" covered="60"/><counter type="LINE" missed="11" covered="182"/><counter type="COMPLEXITY" missed="52" covered="32"/><counter type="METHOD" missed="5" covered="24"/><counter type="CLASS" missed="0" covered="3"/></package><package name="io/github/lishangbu/avalon/dataset/repository"><class name="io/github/lishangbu/avalon/dataset/repository/BerryRepository" sourcefilename="BerryRepository.kt"><method name="listViews" desc="(Lio/github/lishangbu/avalon/dataset/entity/dto/BerrySpecification;)Ljava/util/List;" line="22"><counter type="INSTRUCTION" missed="0" covered="14"/><counter type="LINE" missed="0" covered="3"/><counter type="COMPLEXITY" missed="0" covered="1"/><counter type="METHOD" missed="0" covered="1"/></method><method name="pageViews" desc="(Lio/github/lishangbu/avalon/dataset/entity/dto/BerrySpecification;Lorg/springframework/data/domain/Pageable;)Lorg/babyfish/jimmer/Page;" line="33"><counter type="INSTRUCTION" missed="0" covered="16"/><counter type="LINE" missed="0" covered="3"/><counter type="COMPLEXITY" missed="0" covered="1"/><counter type="METHOD" missed="0" covered="1"/></method><method name="loadViewById" desc="(J)Lio/github/lishangbu/avalon/dataset/entity/dto/BerryView;" line="41"><counter type="INSTRUCTION" missed="0" covered="16"/><counter type="LINE" missed="0" covered="4"/><counter type="COMPLEXITY" missed="0" covered="1"/><counter type="METHOD" missed="0" covered="1"/></method><method name="listViews$lambda$0" desc="(Lio/github/lishangbu/avalon/dataset/entity/dto/BerrySpecification;Lorg/babyfish/jimmer/sql/kt/ast/query/KMutableRootQuery$ForEntity;)Lorg/babyfish/jimmer/sql/kt/ast/query/KConfigurableRootQuery;" line="24"><counter type="INSTRUCTION" missed="2" covered="18"/><counter type="BRANCH" missed="1" covered="1"/><counter type="LINE" missed="0" covered="2"/><counter type="COMPLEXITY" missed="1" covered="1"/><counter type="METHOD" missed="0" covered="1"/></method><method name="pageViews$lambda$0" desc="(Lio/github/lishangbu/avalon/dataset/entity/dto/BerrySpecification;Lorg/babyfish/jimmer/sql/kt/ast/query/KMutableRootQuery$ForEntity;)Lorg/babyfish/jimmer/sql/kt/ast/query/KConfigurableRootQuery;" line="35"><counter type="INSTRUCTION" missed="2" covered="18"/><counter type="BRANCH" missed="1" covered="1"/><counter type="LINE" missed="0" covered="2"/><counter type="COMPLEXITY" missed="1" covered="1"/><counter type="METHOD" missed="0" covered="1"/></method><method name="loadViewById$lambda$0" desc="(JLorg/babyfish/jimmer/sql/kt/ast/query/KMutableRootQuery$ForEntity;)Lorg/babyfish/jimmer/sql/kt/ast/query/KConfigurableRootQuery;" line="43"><counter type="INSTRUCTION" missed="0" covered="26"/><counter type="LINE" missed="0" covered="2"/><counter type="COMPLEXITY" missed="0" covered="1"/><counter type="METHOD" missed="0" covered="1"/></method><counter type="INSTRUCTION" missed="4" covered="108"/><counter type="BRANCH" missed="2" covered="2"/><counter type="LINE" missed="0" covered="16"/><counter type="COMPLEXITY" missed="2" covered="6"/><counter type="METHOD" missed="0" covered="6"/><counter type="CLASS" missed="0" covered="1"/></class><class name="io/github/lishangbu/avalon/dataset/repository/PokemonRepository" sourcefilename="PokemonRepository.kt"/><class name="io/github/lishangbu/avalon/dataset/repository/ItemPocketRepository" sourcefilename="ItemPocketRepository.kt"><method name="listViews" desc="(Lio/github/lishangbu/avalon/dataset/entity/dto/ItemPocketSpecification;)Ljava/util/List;" line="14"><counter type="INSTRUCTION" missed="0" covered="14"/><counter type="LINE" missed="0" covered="3"/><counter type="COMPLEXITY" missed="0" covered="1"/><counter type="METHOD" missed="0" covered="1"/></method><method name="loadViewById" desc="(J)Lio/github/lishangbu/avalon/dataset/entity/dto/ItemPocketView;" line="21"><counter type="INSTRUCTION" missed="0" covered="16"/><counter type="LINE" missed="0" covered="4"/><counter type="COMPLEXITY" missed="0" covered="1"/><counter type="METHOD" missed="0" covered="1"/></method><method name="listViews$lambda$0" desc="(Lio/github/lishangbu/avalon/dataset/entity/dto/ItemPocketSpecification;Lorg/babyfish/jimmer/sql/kt/ast/query/KMutableRootQuery$ForEntity;)Lorg/babyfish/jimmer/sql/kt/ast/query/KConfigurableRootQuery;" line="16"><counter type="INSTRUCTION" missed="0" covered="20"/><counter type="BRANCH" missed="0" covered="2"/><counter type="LINE" missed="0" covered="2"/><counter type="COMPLEXITY" missed="0" covered="2"/><counter type="METHOD" missed="0" covered="1"/></method><method name="loadViewById$lambda$0" desc="(JLorg/babyfish/jimmer/sql/kt/ast/query/KMutableRootQuery$ForEntity;)Lorg/babyfish/jimmer/sql/kt/ast/query/KConfigurableRootQuery;" line="23"><counter type="INSTRUCTION" missed="0" covered="26"/><counter type="LINE" missed="0" covered="2"/><counter type="COMPLEXITY" missed="0" covered="1"/><counter type="METHOD" missed="0" covered="1"/></method><counter type="INSTRUCTION" missed="0" covered="76"/><counter type="BRANCH" missed="0" covered="2"/><counter type="LINE" missed="0" covered="11"/><counter type="COMPLEXITY" missed="0" covered="5"/><counter type="METHOD" missed="0" covered="4"/><counter type="CLASS" missed="0" covered="1"/></class><class name="io/github/lishangbu/avalon/dataset/repository/PokemonShapeRepository" sourcefilename="PokemonShapeRepository.kt"><method name="listViews" desc="(Lio/github/lishangbu/avalon/dataset/entity/dto/PokemonShapeSpecification;)Ljava/util/List;" line="15"><counter type="INSTRUCTION" missed="0" covered="14"/><counter type="LINE" missed="0" covered="3"/><counter type="COMPLEXITY" missed="0" covered="1"/><counter type="METHOD" missed="0" covered="1"/></method><method name="loadViewById" desc="(J)Lio/github/lishangbu/avalon/dataset/entity/dto/PokemonShapeView;" line="23"><counter type="INSTRUCTION" missed="0" covered="16"/><counter type="LINE" missed="0" covered="4"/><counter type="COMPLEXITY" missed="0" covered="1"/><counter type="METHOD" missed="0" covered="1"/></method><method name="listViews$lambda$0" desc="(Lio/github/lishangbu/avalon/dataset/entity/dto/PokemonShapeSpecification;Lorg/babyfish/jimmer/sql/kt/ast/query/KMutableRootQuery$ForEntity;)Lorg/babyfish/jimmer/sql/kt/ast/query/KConfigurableRootQuery;" line="17"><counter type="INSTRUCTION" missed="0" covered="20"/><counter type="BRANCH" missed="0" covered="2"/><counter type="LINE" missed="0" covered="2"/><counter type="COMPLEXITY" missed="0" covered="2"/><counter type="METHOD" missed="0" covered="1"/></method><method name="loadViewById$lambda$0" desc="(JLorg/babyfish/jimmer/sql/kt/ast/query/KMutableRootQuery$ForEntity;)Lorg/babyfish/jimmer/sql/kt/ast/query/KConfigurableRootQuery;" line="25"><counter type="INSTRUCTION" missed="0" covered="26"/><counter type="LINE" missed="0" covered="2"/><counter type="COMPLEXITY" missed="0" covered="1"/><counter type="METHOD" missed="0" covered="1"/></method><counter type="INSTRUCTION" missed="0" covered="76"/><counter type="BRANCH" missed="0" covered="2"/><counter type="LINE" missed="0" covered="11"/><counter type="COMPLEXITY" missed="0" covered="5"/><counter type="METHOD" missed="0" covered="4"/><counter type="CLASS" missed="0" covered="1"/></class><class name="io/github/lishangbu/avalon/dataset/repository/MoveRepository" sourcefilename="MoveRepository.kt"/><class name="io/github/lishangbu/avalon/dataset/repository/BerryFirmnessRepository" sourcefilename="BerryFirmnessRepository.kt"><method name="listViews" desc="(Lio/github/lishangbu/avalon/dataset/entity/dto/BerryFirmnessSpecification;)Ljava/util/List;" line="22"><counter type="INSTRUCTION" missed="0" covered="14"/><counter type="LINE" missed="0" covered="3"/><counter type="COMPLEXITY" missed="0" covered="1"/><counter type="METHOD" missed="0" covered="1"/></method><method name="pageViews" desc="(Lio/github/lishangbu/avalon/dataset/entity/dto/BerryFirmnessSpecification;Lorg/springframework/data/domain/Pageable;)Lorg/babyfish/jimmer/Page;" line="33"><counter type="INSTRUCTION" missed="0" covered="16"/><counter type="LINE" missed="0" covered="3"/><counter type="COMPLEXITY" missed="0" covered="1"/><counter type="METHOD" missed="0" covered="1"/></method><method name="loadViewById" desc="(J)Lio/github/lishangbu/avalon/dataset/entity/dto/BerryFirmnessView;" line="41"><counter type="INSTRUCTION" missed="0" covered="16"/><counter type="LINE" missed="0" covered="4"/><counter type="COMPLEXITY" missed="0" covered="1"/><counter type="METHOD" missed="0" covered="1"/></method><method name="listViews$lambda$0" desc="(Lio/github/lishangbu/avalon/dataset/entity/dto/BerryFirmnessSpecification;Lorg/babyfish/jimmer/sql/kt/ast/query/KMutableRootQuery$ForEntity;)Lorg/babyfish/jimmer/sql/kt/ast/query/KConfigurableRootQuery;" line="24"><counter type="INSTRUCTION" missed="0" covered="20"/><counter type="BRANCH" missed="0" covered="2"/><counter type="LINE" missed="0" covered="2"/><counter type="COMPLEXITY" missed="0" covered="2"/><counter type="METHOD" missed="0" covered="1"/></method><method name="pageViews$lambda$0" desc="(Lio/github/lishangbu/avalon/dataset/entity/dto/BerryFirmnessSpecification;Lorg/babyfish/jimmer/sql/kt/ast/query/KMutableRootQuery$ForEntity;)Lorg/babyfish/jimmer/sql/kt/ast/query/KConfigurableRootQuery;" line="35"><counter type="INSTRUCTION" missed="2" covered="18"/><counter type="BRANCH" missed="1" covered="1"/><counter type="LINE" missed="0" covered="2"/><counter type="COMPLEXITY" missed="1" covered="1"/><counter type="METHOD" missed="0" covered="1"/></method><method name="loadViewById$lambda$0" desc="(JLorg/babyfish/jimmer/sql/kt/ast/query/KMutableRootQuery$ForEntity;)Lorg/babyfish/jimmer/sql/kt/ast/query/KConfigurableRootQuery;" line="43"><counter type="INSTRUCTION" missed="0" covered="26"/><counter type="LINE" missed="0" covered="2"/><counter type="COMPLEXITY" missed="0" covered="1"/><counter type="METHOD" missed="0" covered="1"/></method><counter type="INSTRUCTION" missed="2" covered="110"/><counter type="BRANCH" missed="1" covered="3"/><counter type="LINE" missed="0" covered="16"/><counter type="COMPLEXITY" missed="1" covered="7"/><counter type="METHOD" missed="0" covered="6"/><counter type="CLASS" missed="0" covered="1"/></class><class name="io/github/lishangbu/avalon/dataset/repository/MoveLearnMethodRepository" sourcefilename="MoveLearnMethodRepository.kt"><method name="listViews" desc="(Lio/github/lishangbu/avalon/dataset/entity/dto/MoveLearnMethodSpecification;)Ljava/util/List;" line="14"><counter type="INSTRUCTION" missed="0" covered="14"/><counter type="LINE" missed="0" covered="3"/><counter type="COMPLEXITY" missed="0" covered="1"/><counter type="METHOD" missed="0" covered="1"/></method><method name="loadViewById" desc="(J)Lio/github/lishangbu/avalon/dataset/entity/dto/MoveLearnMethodView;" line="21"><counter type="INSTRUCTION" missed="0" covered="16"/><counter type="LINE" missed="0" covered="4"/><counter type="COMPLEXITY" missed="0" covered="1"/><counter type="METHOD" missed="0" covered="1"/></method><method name="listViews$lambda$0" desc="(Lio/github/lishangbu/avalon/dataset/entity/dto/MoveLearnMethodSpecification;Lorg/babyfish/jimmer/sql/kt/ast/query/KMutableRootQuery$ForEntity;)Lorg/babyfish/jimmer/sql/kt/ast/query/KConfigurableRootQuery;" line="16"><counter type="INSTRUCTION" missed="0" covered="20"/><counter type="BRANCH" missed="0" covered="2"/><counter type="LINE" missed="0" covered="2"/><counter type="COMPLEXITY" missed="0" covered="2"/><counter type="METHOD" missed="0" covered="1"/></method><method name="loadViewById$lambda$0" desc="(JLorg/babyfish/jimmer/sql/kt/ast/query/KMutableRootQuery$ForEntity;)Lorg/babyfish/jimmer/sql/kt/ast/query/KConfigurableRootQuery;" line="23"><counter type="INSTRUCTION" missed="0" covered="26"/><counter type="LINE" missed="0" covered="2"/><counter type="COMPLEXITY" missed="0" covered="1"/><counter type="METHOD" missed="0" covered="1"/></method><counter type="INSTRUCTION" missed="0" covered="76"/><counter type="BRANCH" missed="0" covered="2"/><counter type="LINE" missed="0" covered="11"/><counter type="COMPLEXITY" missed="0" covered="5"/><counter type="METHOD" missed="0" covered="4"/><counter type="CLASS" missed="0" covered="1"/></class><class name="io/github/lishangbu/avalon/dataset/repository/PokemonStatRepository" sourcefilename="PokemonStatRepository.kt"/><class name="io/github/lishangbu/avalon/dataset/repository/StatRepository" sourcefilename="StatRepository.kt"><method name="listViews" desc="(Lio/github/lishangbu/avalon/dataset/entity/dto/StatSpecification;)Ljava/util/List;" line="20"><counter type="INSTRUCTION" missed="0" covered="14"/><counter type="LINE" missed="0" covered="3"/><counter type="COMPLEXITY" missed="0" covered="1"/><counter type="METHOD" missed="0" covered="1"/></method><method name="loadViewById" desc="(J)Lio/github/lishangbu/avalon/dataset/entity/dto/StatView;" line="28"><counter type="INSTRUCTION" missed="0" covered="16"/><counter type="LINE" missed="0" covered="4"/><counter type="COMPLEXITY" missed="0" covered="1"/><counter type="METHOD" missed="0" covered="1"/></method><method name="listViews$lambda$0" desc="(Lio/github/lishangbu/avalon/dataset/entity/dto/StatSpecification;Lorg/babyfish/jimmer/sql/kt/ast/query/KMutableRootQuery$ForEntity;)Lorg/babyfish/jimmer/sql/kt/ast/query/KConfigurableRootQuery;" line="22"><counter type="INSTRUCTION" missed="2" covered="18"/><counter type="BRANCH" missed="1" covered="1"/><counter type="LINE" missed="0" covered="2"/><counter type="COMPLEXITY" missed="1" covered="1"/><counter type="METHOD" missed="0" covered="1"/></method><method name="loadViewById$lambda$0" desc="(JLorg/babyfish/jimmer/sql/kt/ast/query/KMutableRootQuery$ForEntity;)Lorg/babyfish/jimmer/sql/kt/ast/query/KConfigurableRootQuery;" line="30"><counter type="INSTRUCTION" missed="0" covered="26"/><counter type="LINE" missed="0" covered="2"/><counter type="COMPLEXITY" missed="0" covered="1"/><counter type="METHOD" missed="0" covered="1"/></method><counter type="INSTRUCTION" missed="2" covered="74"/><counter type="BRANCH" missed="1" covered="1"/><counter type="LINE" missed="0" covered="11"/><counter type="COMPLEXITY" missed="1" covered="4"/><counter type="METHOD" missed="0" covered="4"/><counter type="CLASS" missed="0" covered="1"/></class><class name="io/github/lishangbu/avalon/dataset/repository/BerryFlavorRepository" sourcefilename="BerryFlavorRepository.kt"><method name="listViews" desc="(Lio/github/lishangbu/avalon/dataset/entity/dto/BerryFlavorSpecification;)Ljava/util/List;" line="20"><counter type="INSTRUCTION" missed="0" covered="14"/><counter type="LINE" missed="0" covered="3"/><counter type="COMPLEXITY" missed="0" covered="1"/><counter type="METHOD" missed="0" covered="1"/></method><method name="loadViewById" desc="(J)Lio/github/lishangbu/avalon/dataset/entity/dto/BerryFlavorView;" line="28"><counter type="INSTRUCTION" missed="0" covered="16"/><counter type="LINE" missed="0" covered="4"/><counter type="COMPLEXITY" missed="0" covered="1"/><counter type="METHOD" missed="0" covered="1"/></method><method name="listViews$lambda$0" desc="(Lio/github/lishangbu/avalon/dataset/entity/dto/BerryFlavorSpecification;Lorg/babyfish/jimmer/sql/kt/ast/query/KMutableRootQuery$ForEntity;)Lorg/babyfish/jimmer/sql/kt/ast/query/KConfigurableRootQuery;" line="22"><counter type="INSTRUCTION" missed="0" covered="20"/><counter type="BRANCH" missed="0" covered="2"/><counter type="LINE" missed="0" covered="2"/><counter type="COMPLEXITY" missed="0" covered="2"/><counter type="METHOD" missed="0" covered="1"/></method><method name="loadViewById$lambda$0" desc="(JLorg/babyfish/jimmer/sql/kt/ast/query/KMutableRootQuery$ForEntity;)Lorg/babyfish/jimmer/sql/kt/ast/query/KConfigurableRootQuery;" line="30"><counter type="INSTRUCTION" missed="0" covered="26"/><counter type="LINE" missed="0" covered="2"/><counter type="COMPLEXITY" missed="0" covered="1"/><counter type="METHOD" missed="0" covered="1"/></method><counter type="INSTRUCTION" missed="0" covered="76"/><counter type="BRANCH" missed="0" covered="2"/><counter type="LINE" missed="0" covered="11"/><counter type="COMPLEXITY" missed="0" covered="5"/><counter type="METHOD" missed="0" covered="4"/><counter type="CLASS" missed="0" covered="1"/></class><class name="io/github/lishangbu/avalon/dataset/repository/PokemonSpeciesRepository" sourcefilename="PokemonSpeciesRepository.kt"/><class name="io/github/lishangbu/avalon/dataset/repository/MoveAilmentRepository" sourcefilename="MoveAilmentRepository.kt"><method name="listViews" desc="(Lio/github/lishangbu/avalon/dataset/entity/dto/MoveAilmentSpecification;)Ljava/util/List;" line="14"><counter type="INSTRUCTION" missed="0" covered="14"/><counter type="LINE" missed="0" covered="3"/><counter type="COMPLEXITY" missed="0" covered="1"/><counter type="METHOD" missed="0" covered="1"/></method><method name="loadViewById" desc="(J)Lio/github/lishangbu/avalon/dataset/entity/dto/MoveAilmentView;" line="21"><counter type="INSTRUCTION" missed="0" covered="16"/><counter type="LINE" missed="0" covered="4"/><counter type="COMPLEXITY" missed="0" covered="1"/><counter type="METHOD" missed="0" covered="1"/></method><method name="listViews$lambda$0" desc="(Lio/github/lishangbu/avalon/dataset/entity/dto/MoveAilmentSpecification;Lorg/babyfish/jimmer/sql/kt/ast/query/KMutableRootQuery$ForEntity;)Lorg/babyfish/jimmer/sql/kt/ast/query/KConfigurableRootQuery;" line="16"><counter type="INSTRUCTION" missed="0" covered="20"/><counter type="BRANCH" missed="0" covered="2"/><counter type="LINE" missed="0" covered="2"/><counter type="COMPLEXITY" missed="0" covered="2"/><counter type="METHOD" missed="0" covered="1"/></method><method name="loadViewById$lambda$0" desc="(JLorg/babyfish/jimmer/sql/kt/ast/query/KMutableRootQuery$ForEntity;)Lorg/babyfish/jimmer/sql/kt/ast/query/KConfigurableRootQuery;" line="23"><counter type="INSTRUCTION" missed="0" covered="26"/><counter type="LINE" missed="0" covered="2"/><counter type="COMPLEXITY" missed="0" covered="1"/><counter type="METHOD" missed="0" covered="1"/></method><counter type="INSTRUCTION" missed="0" covered="76"/><counter type="BRANCH" missed="0" covered="2"/><counter type="LINE" missed="0" covered="11"/><counter type="COMPLEXITY" missed="0" covered="5"/><counter type="METHOD" missed="0" covered="4"/><counter type="CLASS" missed="0" covered="1"/></class><class name="io/github/lishangbu/avalon/dataset/repository/GrowthRateRepository" sourcefilename="GrowthRateRepository.kt"><method name="listViews" desc="(Lio/github/lishangbu/avalon/dataset/entity/dto/GrowthRateSpecification;)Ljava/util/List;" line="20"><counter type="INSTRUCTION" missed="0" covered="14"/><counter type="LINE" missed="0" covered="3"/><counter type="COMPLEXITY" missed="0" covered="1"/><counter type="METHOD" missed="0" covered="1"/></method><method name="loadViewById" desc="(J)Lio/github/lishangbu/avalon/dataset/entity/dto/GrowthRateView;" line="28"><counter type="INSTRUCTION" missed="0" covered="16"/><counter type="LINE" missed="0" covered="4"/><counter type="COMPLEXITY" missed="0" covered="1"/><counter type="METHOD" missed="0" covered="1"/></method><method name="listViews$lambda$0" desc="(Lio/github/lishangbu/avalon/dataset/entity/dto/GrowthRateSpecification;Lorg/babyfish/jimmer/sql/kt/ast/query/KMutableRootQuery$ForEntity;)Lorg/babyfish/jimmer/sql/kt/ast/query/KConfigurableRootQuery;" line="22"><counter type="INSTRUCTION" missed="0" covered="20"/><counter type="BRANCH" missed="0" covered="2"/><counter type="LINE" missed="0" covered="2"/><counter type="COMPLEXITY" missed="0" covered="2"/><counter type="METHOD" missed="0" covered="1"/></method><method name="loadViewById$lambda$0" desc="(JLorg/babyfish/jimmer/sql/kt/ast/query/KMutableRootQuery$ForEntity;)Lorg/babyfish/jimmer/sql/kt/ast/query/KConfigurableRootQuery;" line="30"><counter type="INSTRUCTION" missed="0" covered="26"/><counter type="LINE" missed="0" covered="2"/><counter type="COMPLEXITY" missed="0" covered="1"/><counter type="METHOD" missed="0" covered="1"/></method><counter type="INSTRUCTION" missed="0" covered="76"/><counter type="BRANCH" missed="0" covered="2"/><counter type="LINE" missed="0" covered="11"/><counter type="COMPLEXITY" missed="0" covered="5"/><counter type="METHOD" missed="0" covered="4"/><counter type="CLASS" missed="0" covered="1"/></class><class name="io/github/lishangbu/avalon/dataset/repository/MoveTargetRepository" sourcefilename="MoveTargetRepository.kt"><method name="listViews" desc="(Lio/github/lishangbu/avalon/dataset/entity/dto/MoveTargetSpecification;)Ljava/util/List;" line="14"><counter type="INSTRUCTION" missed="0" covered="14"/><counter type="LINE" missed="0" covered="3"/><counter type="COMPLEXITY" missed="0" covered="1"/><counter type="METHOD" missed="0" covered="1"/></method><method name="loadViewById" desc="(J)Lio/github/lishangbu/avalon/dataset/entity/dto/MoveTargetView;" line="21"><counter type="INSTRUCTION" missed="0" covered="16"/><counter type="LINE" missed="0" covered="4"/><counter type="COMPLEXITY" missed="0" covered="1"/><counter type="METHOD" missed="0" covered="1"/></method><method name="listViews$lambda$0" desc="(Lio/github/lishangbu/avalon/dataset/entity/dto/MoveTargetSpecification;Lorg/babyfish/jimmer/sql/kt/ast/query/KMutableRootQuery$ForEntity;)Lorg/babyfish/jimmer/sql/kt/ast/query/KConfigurableRootQuery;" line="16"><counter type="INSTRUCTION" missed="0" covered="20"/><counter type="BRANCH" missed="0" covered="2"/><counter type="LINE" missed="0" covered="2"/><counter type="COMPLEXITY" missed="0" covered="2"/><counter type="METHOD" missed="0" covered="1"/></method><method name="loadViewById$lambda$0" desc="(JLorg/babyfish/jimmer/sql/kt/ast/query/KMutableRootQuery$ForEntity;)Lorg/babyfish/jimmer/sql/kt/ast/query/KConfigurableRootQuery;" line="23"><counter type="INSTRUCTION" missed="0" covered="26"/><counter type="LINE" missed="0" covered="2"/><counter type="COMPLEXITY" missed="0" covered="1"/><counter type="METHOD" missed="0" covered="1"/></method><counter type="INSTRUCTION" missed="0" covered="76"/><counter type="BRANCH" missed="0" covered="2"/><counter type="LINE" missed="0" covered="11"/><counter type="COMPLEXITY" missed="0" covered="5"/><counter type="METHOD" missed="0" covered="4"/><counter type="CLASS" missed="0" covered="1"/></class><class name="io/github/lishangbu/avalon/dataset/repository/EncounterConditionRepository" sourcefilename="EncounterConditionRepository.kt"><method name="listViews" desc="(Lio/github/lishangbu/avalon/dataset/entity/dto/EncounterConditionSpecification;)Ljava/util/List;" line="15"><counter type="INSTRUCTION" missed="0" covered="14"/><counter type="LINE" missed="0" covered="3"/><counter type="COMPLEXITY" missed="0" covered="1"/><counter type="METHOD" missed="0" covered="1"/></method><method name="loadViewById" desc="(J)Lio/github/lishangbu/avalon/dataset/entity/dto/EncounterConditionView;" line="23"><counter type="INSTRUCTION" missed="0" covered="16"/><counter type="LINE" missed="0" covered="4"/><counter type="COMPLEXITY" missed="0" covered="1"/><counter type="METHOD" missed="0" covered="1"/></method><method name="listViews$lambda$0" desc="(Lio/github/lishangbu/avalon/dataset/entity/dto/EncounterConditionSpecification;Lorg/babyfish/jimmer/sql/kt/ast/query/KMutableRootQuery$ForEntity;)Lorg/babyfish/jimmer/sql/kt/ast/query/KConfigurableRootQuery;" line="17"><counter type="INSTRUCTION" missed="0" covered="20"/><counter type="BRANCH" missed="0" covered="2"/><counter type="LINE" missed="0" covered="2"/><counter type="COMPLEXITY" missed="0" covered="2"/><counter type="METHOD" missed="0" covered="1"/></method><method name="loadViewById$lambda$0" desc="(JLorg/babyfish/jimmer/sql/kt/ast/query/KMutableRootQuery$ForEntity;)Lorg/babyfish/jimmer/sql/kt/ast/query/KConfigurableRootQuery;" line="25"><counter type="INSTRUCTION" missed="0" covered="26"/><counter type="LINE" missed="0" covered="2"/><counter type="COMPLEXITY" missed="0" covered="1"/><counter type="METHOD" missed="0" covered="1"/></method><counter type="INSTRUCTION" missed="0" covered="76"/><counter type="BRANCH" missed="0" covered="2"/><counter type="LINE" missed="0" covered="11"/><counter type="COMPLEXITY" missed="0" covered="5"/><counter type="METHOD" missed="0" covered="4"/><counter type="CLASS" missed="0" covered="1"/></class><class name="io/github/lishangbu/avalon/dataset/repository/EvolutionChainRepository" sourcefilename="EvolutionChainRepository.kt"/><class name="io/github/lishangbu/avalon/dataset/repository/AbilityRepository" sourcefilename="AbilityRepository.kt"><method name="listViews" desc="(Lio/github/lishangbu/avalon/dataset/entity/dto/AbilitySpecification;)Ljava/util/List;" line="13"><counter type="INSTRUCTION" missed="0" covered="14"/><counter type="LINE" missed="0" covered="3"/><counter type="COMPLEXITY" missed="0" covered="1"/><counter type="METHOD" missed="0" covered="1"/></method><method name="loadViewById" desc="(J)Lio/github/lishangbu/avalon/dataset/entity/dto/AbilityView;" line="21"><counter type="INSTRUCTION" missed="0" covered="16"/><counter type="LINE" missed="0" covered="4"/><counter type="COMPLEXITY" missed="0" covered="1"/><counter type="METHOD" missed="0" covered="1"/></method><method name="listViews$lambda$0" desc="(Lio/github/lishangbu/avalon/dataset/entity/dto/AbilitySpecification;Lorg/babyfish/jimmer/sql/kt/ast/query/KMutableRootQuery$ForEntity;)Lorg/babyfish/jimmer/sql/kt/ast/query/KConfigurableRootQuery;" line="15"><counter type="INSTRUCTION" missed="0" covered="20"/><counter type="BRANCH" missed="0" covered="2"/><counter type="LINE" missed="0" covered="2"/><counter type="COMPLEXITY" missed="0" covered="2"/><counter type="METHOD" missed="0" covered="1"/></method><method name="loadViewById$lambda$0" desc="(JLorg/babyfish/jimmer/sql/kt/ast/query/KMutableRootQuery$ForEntity;)Lorg/babyfish/jimmer/sql/kt/ast/query/KConfigurableRootQuery;" line="23"><counter type="INSTRUCTION" missed="0" covered="26"/><counter type="LINE" missed="0" covered="2"/><counter type="COMPLEXITY" missed="0" covered="1"/><counter type="METHOD" missed="0" covered="1"/></method><counter type="INSTRUCTION" missed="0" covered="76"/><counter type="BRANCH" missed="0" covered="2"/><counter type="LINE" missed="0" covered="11"/><counter type="COMPLEXITY" missed="0" covered="5"/><counter type="METHOD" missed="0" covered="4"/><counter type="CLASS" missed="0" covered="1"/></class><class name="io/github/lishangbu/avalon/dataset/repository/EncounterConditionValueRepository" sourcefilename="EncounterConditionValueRepository.kt"><method name="listViews" desc="(Lio/github/lishangbu/avalon/dataset/entity/dto/EncounterConditionValueSpecification;)Ljava/util/List;" line="15"><counter type="INSTRUCTION" missed="0" covered="14"/><counter type="LINE" missed="0" covered="3"/><counter type="COMPLEXITY" missed="0" covered="1"/><counter type="METHOD" missed="0" covered="1"/></method><method name="loadViewById" desc="(J)Lio/github/lishangbu/avalon/dataset/entity/dto/EncounterConditionValueView;" line="23"><counter type="INSTRUCTION" missed="0" covered="16"/><counter type="LINE" missed="0" covered="4"/><counter type="COMPLEXITY" missed="0" covered="1"/><counter type="METHOD" missed="0" covered="1"/></method><method name="listViews$lambda$0" desc="(Lio/github/lishangbu/avalon/dataset/entity/dto/EncounterConditionValueSpecification;Lorg/babyfish/jimmer/sql/kt/ast/query/KMutableRootQuery$ForEntity;)Lorg/babyfish/jimmer/sql/kt/ast/query/KConfigurableRootQuery;" line="17"><counter type="INSTRUCTION" missed="2" covered="18"/><counter type="BRANCH" missed="1" covered="1"/><counter type="LINE" missed="0" covered="2"/><counter type="COMPLEXITY" missed="1" covered="1"/><counter type="METHOD" missed="0" covered="1"/></method><method name="loadViewById$lambda$0" desc="(JLorg/babyfish/jimmer/sql/kt/ast/query/KMutableRootQuery$ForEntity;)Lorg/babyfish/jimmer/sql/kt/ast/query/KConfigurableRootQuery;" line="25"><counter type="INSTRUCTION" missed="0" covered="26"/><counter type="LINE" missed="0" covered="2"/><counter type="COMPLEXITY" missed="0" covered="1"/><counter type="METHOD" missed="0" covered="1"/></method><counter type="INSTRUCTION" missed="2" covered="74"/><counter type="BRANCH" missed="1" covered="1"/><counter type="LINE" missed="0" covered="11"/><counter type="COMPLEXITY" missed="1" covered="4"/><counter type="METHOD" missed="0" covered="4"/><counter type="CLASS" missed="0" covered="1"/></class><class name="io/github/lishangbu/avalon/dataset/repository/MoveDamageClassRepository" sourcefilename="MoveDamageClassRepository.kt"><method name="listViews" desc="(Lio/github/lishangbu/avalon/dataset/entity/dto/MoveDamageClassSpecification;)Ljava/util/List;" line="22"><counter type="INSTRUCTION" missed="0" covered="14"/><counter type="LINE" missed="0" covered="3"/><counter type="COMPLEXITY" missed="0" covered="1"/><counter type="METHOD" missed="0" covered="1"/></method><method name="pageViews" desc="(Lio/github/lishangbu/avalon/dataset/entity/dto/MoveDamageClassSpecification;Lorg/springframework/data/domain/Pageable;)Lorg/babyfish/jimmer/Page;" line="33"><counter type="INSTRUCTION" missed="0" covered="16"/><counter type="LINE" missed="0" covered="3"/><counter type="COMPLEXITY" missed="0" covered="1"/><counter type="METHOD" missed="0" covered="1"/></method><method name="loadViewById" desc="(J)Lio/github/lishangbu/avalon/dataset/entity/dto/MoveDamageClassView;" line="41"><counter type="INSTRUCTION" missed="0" covered="16"/><counter type="LINE" missed="0" covered="4"/><counter type="COMPLEXITY" missed="0" covered="1"/><counter type="METHOD" missed="0" covered="1"/></method><method name="listViews$lambda$0" desc="(Lio/github/lishangbu/avalon/dataset/entity/dto/MoveDamageClassSpecification;Lorg/babyfish/jimmer/sql/kt/ast/query/KMutableRootQuery$ForEntity;)Lorg/babyfish/jimmer/sql/kt/ast/query/KConfigurableRootQuery;" line="24"><counter type="INSTRUCTION" missed="2" covered="18"/><counter type="BRANCH" missed="1" covered="1"/><counter type="LINE" missed="0" covered="2"/><counter type="COMPLEXITY" missed="1" covered="1"/><counter type="METHOD" missed="0" covered="1"/></method><method name="pageViews$lambda$0" desc="(Lio/github/lishangbu/avalon/dataset/entity/dto/MoveDamageClassSpecification;Lorg/babyfish/jimmer/sql/kt/ast/query/KMutableRootQuery$ForEntity;)Lorg/babyfish/jimmer/sql/kt/ast/query/KConfigurableRootQuery;" line="35"><counter type="INSTRUCTION" missed="2" covered="18"/><counter type="BRANCH" missed="1" covered="1"/><counter type="LINE" missed="0" covered="2"/><counter type="COMPLEXITY" missed="1" covered="1"/><counter type="METHOD" missed="0" covered="1"/></method><method name="loadViewById$lambda$0" desc="(JLorg/babyfish/jimmer/sql/kt/ast/query/KMutableRootQuery$ForEntity;)Lorg/babyfish/jimmer/sql/kt/ast/query/KConfigurableRootQuery;" line="43"><counter type="INSTRUCTION" missed="0" covered="26"/><counter type="LINE" missed="0" covered="2"/><counter type="COMPLEXITY" missed="0" covered="1"/><counter type="METHOD" missed="0" covered="1"/></method><counter type="INSTRUCTION" missed="4" covered="108"/><counter type="BRANCH" missed="2" covered="2"/><counter type="LINE" missed="0" covered="16"/><counter type="COMPLEXITY" missed="2" covered="6"/><counter type="METHOD" missed="0" covered="6"/><counter type="CLASS" missed="0" covered="1"/></class><class name="io/github/lishangbu/avalon/dataset/repository/ItemAttributeRepository" sourcefilename="ItemAttributeRepository.kt"><method name="listViews" desc="(Lio/github/lishangbu/avalon/dataset/entity/dto/ItemAttributeSpecification;)Ljava/util/List;" line="14"><counter type="INSTRUCTION" missed="0" covered="14"/><counter type="LINE" missed="0" covered="3"/><counter type="COMPLEXITY" missed="0" covered="1"/><counter type="METHOD" missed="0" covered="1"/></method><method name="loadViewById" desc="(J)Lio/github/lishangbu/avalon/dataset/entity/dto/ItemAttributeView;" line="21"><counter type="INSTRUCTION" missed="0" covered="16"/><counter type="LINE" missed="0" covered="4"/><counter type="COMPLEXITY" missed="0" covered="1"/><counter type="METHOD" missed="0" covered="1"/></method><method name="listViews$lambda$0" desc="(Lio/github/lishangbu/avalon/dataset/entity/dto/ItemAttributeSpecification;Lorg/babyfish/jimmer/sql/kt/ast/query/KMutableRootQuery$ForEntity;)Lorg/babyfish/jimmer/sql/kt/ast/query/KConfigurableRootQuery;" line="16"><counter type="INSTRUCTION" missed="0" covered="20"/><counter type="BRANCH" missed="0" covered="2"/><counter type="LINE" missed="0" covered="2"/><counter type="COMPLEXITY" missed="0" covered="2"/><counter type="METHOD" missed="0" covered="1"/></method><method name="loadViewById$lambda$0" desc="(JLorg/babyfish/jimmer/sql/kt/ast/query/KMutableRootQuery$ForEntity;)Lorg/babyfish/jimmer/sql/kt/ast/query/KConfigurableRootQuery;" line="23"><counter type="INSTRUCTION" missed="0" covered="26"/><counter type="LINE" missed="0" covered="2"/><counter type="COMPLEXITY" missed="0" covered="1"/><counter type="METHOD" missed="0" covered="1"/></method><counter type="INSTRUCTION" missed="0" covered="76"/><counter type="BRANCH" missed="0" covered="2"/><counter type="LINE" missed="0" covered="11"/><counter type="COMPLEXITY" missed="0" covered="5"/><counter type="METHOD" missed="0" covered="4"/><counter type="CLASS" missed="0" covered="1"/></class><class name="io/github/lishangbu/avalon/dataset/repository/EggGroupRepository" sourcefilename="EggGroupRepository.kt"><method name="listViews" desc="(Lio/github/lishangbu/avalon/dataset/entity/dto/EggGroupSpecification;)Ljava/util/List;" line="13"><counter type="INSTRUCTION" missed="0" covered="14"/><counter type="LINE" missed="0" covered="3"/><counter type="COMPLEXITY" missed="0" covered="1"/><counter type="METHOD" missed="0" covered="1"/></method><method name="loadViewById" desc="(J)Lio/github/lishangbu/avalon/dataset/entity/dto/EggGroupView;" line="21"><counter type="INSTRUCTION" missed="0" covered="16"/><counter type="LINE" missed="0" covered="4"/><counter type="COMPLEXITY" missed="0" covered="1"/><counter type="METHOD" missed="0" covered="1"/></method><method name="listViews$lambda$0" desc="(Lio/github/lishangbu/avalon/dataset/entity/dto/EggGroupSpecification;Lorg/babyfish/jimmer/sql/kt/ast/query/KMutableRootQuery$ForEntity;)Lorg/babyfish/jimmer/sql/kt/ast/query/KConfigurableRootQuery;" line="15"><counter type="INSTRUCTION" missed="0" covered="20"/><counter type="BRANCH" missed="0" covered="2"/><counter type="LINE" missed="0" covered="2"/><counter type="COMPLEXITY" missed="0" covered="2"/><counter type="METHOD" missed="0" covered="1"/></method><method name="loadViewById$lambda$0" desc="(JLorg/babyfish/jimmer/sql/kt/ast/query/KMutableRootQuery$ForEntity;)Lorg/babyfish/jimmer/sql/kt/ast/query/KConfigurableRootQuery;" line="23"><counter type="INSTRUCTION" missed="0" covered="26"/><counter type="LINE" missed="0" covered="2"/><counter type="COMPLEXITY" missed="0" covered="1"/><counter type="METHOD" missed="0" covered="1"/></method><counter type="INSTRUCTION" missed="0" covered="76"/><counter type="BRANCH" missed="0" covered="2"/><counter type="LINE" missed="0" covered="11"/><counter type="COMPLEXITY" missed="0" covered="5"/><counter type="METHOD" missed="0" covered="4"/><counter type="CLASS" missed="0" covered="1"/></class><class name="io/github/lishangbu/avalon/dataset/repository/NatureRepository" sourcefilename="NatureRepository.kt"><method name="listViews" desc="(Lio/github/lishangbu/avalon/dataset/entity/dto/NatureSpecification;)Ljava/util/List;" line="13"><counter type="INSTRUCTION" missed="0" covered="14"/><counter type="LINE" missed="0" covered="3"/><counter type="COMPLEXITY" missed="0" covered="1"/><counter type="METHOD" missed="0" covered="1"/></method><method name="loadViewById" desc="(J)Lio/github/lishangbu/avalon/dataset/entity/dto/NatureView;" line="21"><counter type="INSTRUCTION" missed="0" covered="16"/><counter type="LINE" missed="0" covered="4"/><counter type="COMPLEXITY" missed="0" covered="1"/><counter type="METHOD" missed="0" covered="1"/></method><method name="listViews$lambda$0" desc="(Lio/github/lishangbu/avalon/dataset/entity/dto/NatureSpecification;Lorg/babyfish/jimmer/sql/kt/ast/query/KMutableRootQuery$ForEntity;)Lorg/babyfish/jimmer/sql/kt/ast/query/KConfigurableRootQuery;" line="15"><counter type="INSTRUCTION" missed="2" covered="18"/><counter type="BRANCH" missed="1" covered="1"/><counter type="LINE" missed="0" covered="2"/><counter type="COMPLEXITY" missed="1" covered="1"/><counter type="METHOD" missed="0" covered="1"/></method><method name="loadViewById$lambda$0" desc="(JLorg/babyfish/jimmer/sql/kt/ast/query/KMutableRootQuery$ForEntity;)Lorg/babyfish/jimmer/sql/kt/ast/query/KConfigurableRootQuery;" line="23"><counter type="INSTRUCTION" missed="0" covered="26"/><counter type="LINE" missed="0" covered="2"/><counter type="COMPLEXITY" missed="0" covered="1"/><counter type="METHOD" missed="0" covered="1"/></method><counter type="INSTRUCTION" missed="2" covered="74"/><counter type="BRANCH" missed="1" covered="1"/><counter type="LINE" missed="0" covered="11"/><counter type="COMPLEXITY" missed="1" covered="4"/><counter type="METHOD" missed="0" covered="4"/><counter type="CLASS" missed="0" covered="1"/></class><class name="io/github/lishangbu/avalon/dataset/repository/ItemFlingEffectRepository" sourcefilename="ItemFlingEffectRepository.kt"><method name="listViews" desc="(Lio/github/lishangbu/avalon/dataset/entity/dto/ItemFlingEffectSpecification;)Ljava/util/List;" line="14"><counter type="INSTRUCTION" missed="0" covered="14"/><counter type="LINE" missed="0" covered="3"/><counter type="COMPLEXITY" missed="0" covered="1"/><counter type="METHOD" missed="0" covered="1"/></method><method name="loadViewById" desc="(J)Lio/github/lishangbu/avalon/dataset/entity/dto/ItemFlingEffectView;" line="21"><counter type="INSTRUCTION" missed="0" covered="16"/><counter type="LINE" missed="0" covered="4"/><counter type="COMPLEXITY" missed="0" covered="1"/><counter type="METHOD" missed="0" covered="1"/></method><method name="listViews$lambda$0" desc="(Lio/github/lishangbu/avalon/dataset/entity/dto/ItemFlingEffectSpecification;Lorg/babyfish/jimmer/sql/kt/ast/query/KMutableRootQuery$ForEntity;)Lorg/babyfish/jimmer/sql/kt/ast/query/KConfigurableRootQuery;" line="16"><counter type="INSTRUCTION" missed="0" covered="20"/><counter type="BRANCH" missed="0" covered="2"/><counter type="LINE" missed="0" covered="2"/><counter type="COMPLEXITY" missed="0" covered="2"/><counter type="METHOD" missed="0" covered="1"/></method><method name="loadViewById$lambda$0" desc="(JLorg/babyfish/jimmer/sql/kt/ast/query/KMutableRootQuery$ForEntity;)Lorg/babyfish/jimmer/sql/kt/ast/query/KConfigurableRootQuery;" line="23"><counter type="INSTRUCTION" missed="0" covered="26"/><counter type="LINE" missed="0" covered="2"/><counter type="COMPLEXITY" missed="0" covered="1"/><counter type="METHOD" missed="0" covered="1"/></method><counter type="INSTRUCTION" missed="0" covered="76"/><counter type="BRANCH" missed="0" covered="2"/><counter type="LINE" missed="0" covered="11"/><counter type="COMPLEXITY" missed="0" covered="5"/><counter type="METHOD" missed="0" covered="4"/><counter type="CLASS" missed="0" covered="1"/></class><class name="io/github/lishangbu/avalon/dataset/repository/GenderRepository" sourcefilename="GenderRepository.kt"><method name="listViews" desc="(Lio/github/lishangbu/avalon/dataset/entity/dto/GenderSpecification;)Ljava/util/List;" line="20"><counter type="INSTRUCTION" missed="0" covered="14"/><counter type="LINE" missed="0" covered="3"/><counter type="COMPLEXITY" missed="0" covered="1"/><counter type="METHOD" missed="0" covered="1"/></method><method name="loadViewById" desc="(J)Lio/github/lishangbu/avalon/dataset/entity/dto/GenderView;" line="28"><counter type="INSTRUCTION" missed="0" covered="16"/><counter type="LINE" missed="0" covered="4"/><counter type="COMPLEXITY" missed="0" covered="1"/><counter type="METHOD" missed="0" covered="1"/></method><method name="listViews$lambda$0" desc="(Lio/github/lishangbu/avalon/dataset/entity/dto/GenderSpecification;Lorg/babyfish/jimmer/sql/kt/ast/query/KMutableRootQuery$ForEntity;)Lorg/babyfish/jimmer/sql/kt/ast/query/KConfigurableRootQuery;" line="22"><counter type="INSTRUCTION" missed="0" covered="20"/><counter type="BRANCH" missed="0" covered="2"/><counter type="LINE" missed="0" covered="2"/><counter type="COMPLEXITY" missed="0" covered="2"/><counter type="METHOD" missed="0" covered="1"/></method><method name="loadViewById$lambda$0" desc="(JLorg/babyfish/jimmer/sql/kt/ast/query/KMutableRootQuery$ForEntity;)Lorg/babyfish/jimmer/sql/kt/ast/query/KConfigurableRootQuery;" line="30"><counter type="INSTRUCTION" missed="0" covered="26"/><counter type="LINE" missed="0" covered="2"/><counter type="COMPLEXITY" missed="0" covered="1"/><counter type="METHOD" missed="0" covered="1"/></method><counter type="INSTRUCTION" missed="0" covered="76"/><counter type="BRANCH" missed="0" covered="2"/><counter type="LINE" missed="0" covered="11"/><counter type="COMPLEXITY" missed="0" covered="5"/><counter type="METHOD" missed="0" covered="4"/><counter type="CLASS" missed="0" covered="1"/></class><class name="io/github/lishangbu/avalon/dataset/repository/TypeRepository" sourcefilename="TypeRepository.kt"><method name="listViews" desc="(Lio/github/lishangbu/avalon/dataset/entity/dto/TypeSpecification;)Ljava/util/List;" line="20"><counter type="INSTRUCTION" missed="0" covered="14"/><counter type="LINE" missed="0" covered="3"/><counter type="COMPLEXITY" missed="0" covered="1"/><counter type="METHOD" missed="0" covered="1"/></method><method name="loadViewById" desc="(J)Lio/github/lishangbu/avalon/dataset/entity/dto/TypeView;" line="28"><counter type="INSTRUCTION" missed="0" covered="16"/><counter type="LINE" missed="0" covered="4"/><counter type="COMPLEXITY" missed="0" covered="1"/><counter type="METHOD" missed="0" covered="1"/></method><method name="listViews$lambda$0" desc="(Lio/github/lishangbu/avalon/dataset/entity/dto/TypeSpecification;Lorg/babyfish/jimmer/sql/kt/ast/query/KMutableRootQuery$ForEntity;)Lorg/babyfish/jimmer/sql/kt/ast/query/KConfigurableRootQuery;" line="22"><counter type="INSTRUCTION" missed="0" covered="20"/><counter type="BRANCH" missed="0" covered="2"/><counter type="LINE" missed="0" covered="2"/><counter type="COMPLEXITY" missed="0" covered="2"/><counter type="METHOD" missed="0" covered="1"/></method><method name="loadViewById$lambda$0" desc="(JLorg/babyfish/jimmer/sql/kt/ast/query/KMutableRootQuery$ForEntity;)Lorg/babyfish/jimmer/sql/kt/ast/query/KConfigurableRootQuery;" line="30"><counter type="INSTRUCTION" missed="0" covered="26"/><counter type="LINE" missed="0" covered="2"/><counter type="COMPLEXITY" missed="0" covered="1"/><counter type="METHOD" missed="0" covered="1"/></method><counter type="INSTRUCTION" missed="0" covered="76"/><counter type="BRANCH" missed="0" covered="2"/><counter type="LINE" missed="0" covered="11"/><counter type="COMPLEXITY" missed="0" covered="5"/><counter type="METHOD" missed="0" covered="4"/><counter type="CLASS" missed="0" covered="1"/></class><class name="io/github/lishangbu/avalon/dataset/repository/ItemCategoryRepository" sourcefilename="ItemCategoryRepository.kt"><method name="listViews" desc="(Lio/github/lishangbu/avalon/dataset/entity/dto/ItemCategorySpecification;)Ljava/util/List;" line="14"><counter type="INSTRUCTION" missed="0" covered="14"/><counter type="LINE" missed="0" covered="3"/><counter type="COMPLEXITY" missed="0" covered="1"/><counter type="METHOD" missed="0" covered="1"/></method><method name="loadViewById" desc="(J)Lio/github/lishangbu/avalon/dataset/entity/dto/ItemCategoryView;" line="21"><counter type="INSTRUCTION" missed="0" covered="16"/><counter type="LINE" missed="0" covered="4"/><counter type="COMPLEXITY" missed="0" covered="1"/><counter type="METHOD" missed="0" covered="1"/></method><method name="listViews$lambda$0" desc="(Lio/github/lishangbu/avalon/dataset/entity/dto/ItemCategorySpecification;Lorg/babyfish/jimmer/sql/kt/ast/query/KMutableRootQuery$ForEntity;)Lorg/babyfish/jimmer/sql/kt/ast/query/KConfigurableRootQuery;" line="16"><counter type="INSTRUCTION" missed="0" covered="20"/><counter type="BRANCH" missed="0" covered="2"/><counter type="LINE" missed="0" covered="2"/><counter type="COMPLEXITY" missed="0" covered="2"/><counter type="METHOD" missed="0" covered="1"/></method><method name="loadViewById$lambda$0" desc="(JLorg/babyfish/jimmer/sql/kt/ast/query/KMutableRootQuery$ForEntity;)Lorg/babyfish/jimmer/sql/kt/ast/query/KConfigurableRootQuery;" line="23"><counter type="INSTRUCTION" missed="0" covered="26"/><counter type="LINE" missed="0" covered="2"/><counter type="COMPLEXITY" missed="0" covered="1"/><counter type="METHOD" missed="0" covered="1"/></method><counter type="INSTRUCTION" missed="0" covered="76"/><counter type="BRANCH" missed="0" covered="2"/><counter type="LINE" missed="0" covered="11"/><counter type="COMPLEXITY" missed="0" covered="5"/><counter type="METHOD" missed="0" covered="4"/><counter type="CLASS" missed="0" covered="1"/></class><class name="io/github/lishangbu/avalon/dataset/repository/MoveCategoryRepository" sourcefilename="MoveCategoryRepository.kt"><method name="listViews" desc="(Lio/github/lishangbu/avalon/dataset/entity/dto/MoveCategorySpecification;)Ljava/util/List;" line="14"><counter type="INSTRUCTION" missed="0" covered="14"/><counter type="LINE" missed="0" covered="3"/><counter type="COMPLEXITY" missed="0" covered="1"/><counter type="METHOD" missed="0" covered="1"/></method><method name="loadViewById" desc="(J)Lio/github/lishangbu/avalon/dataset/entity/dto/MoveCategoryView;" line="21"><counter type="INSTRUCTION" missed="0" covered="16"/><counter type="LINE" missed="0" covered="4"/><counter type="COMPLEXITY" missed="0" covered="1"/><counter type="METHOD" missed="0" covered="1"/></method><method name="listViews$lambda$0" desc="(Lio/github/lishangbu/avalon/dataset/entity/dto/MoveCategorySpecification;Lorg/babyfish/jimmer/sql/kt/ast/query/KMutableRootQuery$ForEntity;)Lorg/babyfish/jimmer/sql/kt/ast/query/KConfigurableRootQuery;" line="16"><counter type="INSTRUCTION" missed="0" covered="20"/><counter type="BRANCH" missed="0" covered="2"/><counter type="LINE" missed="0" covered="2"/><counter type="COMPLEXITY" missed="0" covered="2"/><counter type="METHOD" missed="0" covered="1"/></method><method name="loadViewById$lambda$0" desc="(JLorg/babyfish/jimmer/sql/kt/ast/query/KMutableRootQuery$ForEntity;)Lorg/babyfish/jimmer/sql/kt/ast/query/KConfigurableRootQuery;" line="23"><counter type="INSTRUCTION" missed="0" covered="26"/><counter type="LINE" missed="0" covered="2"/><counter type="COMPLEXITY" missed="0" covered="1"/><counter type="METHOD" missed="0" covered="1"/></method><counter type="INSTRUCTION" missed="0" covered="76"/><counter type="BRANCH" missed="0" covered="2"/><counter type="LINE" missed="0" covered="11"/><counter type="COMPLEXITY" missed="0" covered="5"/><counter type="METHOD" missed="0" covered="4"/><counter type="CLASS" missed="0" covered="1"/></class><class name="io/github/lishangbu/avalon/dataset/repository/MachineRepository" sourcefilename="MachineRepository.kt"/><class name="io/github/lishangbu/avalon/dataset/repository/PokemonColorRepository" sourcefilename="PokemonColorRepository.kt"><method name="listViews" desc="(Lio/github/lishangbu/avalon/dataset/entity/dto/PokemonColorSpecification;)Ljava/util/List;" line="15"><counter type="INSTRUCTION" missed="0" covered="14"/><counter type="LINE" missed="0" covered="3"/><counter type="COMPLEXITY" missed="0" covered="1"/><counter type="METHOD" missed="0" covered="1"/></method><method name="loadViewById" desc="(J)Lio/github/lishangbu/avalon/dataset/entity/dto/PokemonColorView;" line="23"><counter type="INSTRUCTION" missed="0" covered="16"/><counter type="LINE" missed="0" covered="4"/><counter type="COMPLEXITY" missed="0" covered="1"/><counter type="METHOD" missed="0" covered="1"/></method><method name="listViews$lambda$0" desc="(Lio/github/lishangbu/avalon/dataset/entity/dto/PokemonColorSpecification;Lorg/babyfish/jimmer/sql/kt/ast/query/KMutableRootQuery$ForEntity;)Lorg/babyfish/jimmer/sql/kt/ast/query/KConfigurableRootQuery;" line="17"><counter type="INSTRUCTION" missed="0" covered="20"/><counter type="BRANCH" missed="0" covered="2"/><counter type="LINE" missed="0" covered="2"/><counter type="COMPLEXITY" missed="0" covered="2"/><counter type="METHOD" missed="0" covered="1"/></method><method name="loadViewById$lambda$0" desc="(JLorg/babyfish/jimmer/sql/kt/ast/query/KMutableRootQuery$ForEntity;)Lorg/babyfish/jimmer/sql/kt/ast/query/KConfigurableRootQuery;" line="25"><counter type="INSTRUCTION" missed="0" covered="26"/><counter type="LINE" missed="0" covered="2"/><counter type="COMPLEXITY" missed="0" covered="1"/><counter type="METHOD" missed="0" covered="1"/></method><counter type="INSTRUCTION" missed="0" covered="76"/><counter type="BRANCH" missed="0" covered="2"/><counter type="LINE" missed="0" covered="11"/><counter type="COMPLEXITY" missed="0" covered="5"/><counter type="METHOD" missed="0" covered="4"/><counter type="CLASS" missed="0" covered="1"/></class><class name="io/github/lishangbu/avalon/dataset/repository/TypeEffectivenessEntryRepository" sourcefilename="TypeEffectivenessEntryRepository.kt"><method name="listByFilter" desc="(Ljava/lang/Long;Ljava/lang/Long;Ljava/lang/Integer;)Ljava/util/List;" line="24"><counter type="INSTRUCTION" missed="0" covered="16"/><counter type="LINE" missed="0" covered="3"/><counter type="COMPLEXITY" missed="0" covered="1"/><counter type="METHOD" missed="0" covered="1"/></method><method name="pageByFilter" desc="(Ljava/lang/Long;Ljava/lang/Long;Ljava/lang/Integer;Lorg/springframework/data/domain/Pageable;)Lorg/babyfish/jimmer/Page;" line="39"><counter type="INSTRUCTION" missed="0" covered="18"/><counter type="LINE" missed="0" covered="3"/><counter type="COMPLEXITY" missed="0" covered="1"/><counter type="METHOD" missed="0" covered="1"/></method><method name="listByFilter$lambda$0" desc="(Ljava/lang/Long;Ljava/lang/Long;Ljava/lang/Integer;Lorg/babyfish/jimmer/sql/kt/ast/query/KMutableRootQuery$ForEntity;)Lorg/babyfish/jimmer/sql/kt/ast/query/KConfigurableRootQuery;" line="26"><counter type="INSTRUCTION" missed="4" covered="82"/><counter type="BRANCH" missed="2" covered="4"/><counter type="LINE" missed="0" cove
[...]
ss name="io/github/lishangbu/avalon/dataset/controller/BerryController" sourcefilename="BerryController.kt"><method name="&lt;init&gt;" desc="(Lio/github/lishangbu/avalon/dataset/service/BerryService;)V" line="16"><counter type="INSTRUCTION" missed="0" covered="6"/><counter type="LINE" missed="0" covered="3"/><counter type="COMPLEXITY" missed="0" covered="1"/><counter type="METHOD" missed="0" covered="1"/></method><method name="getBerryPage" desc="(Lorg/springframework/data/domain/Pageable;Lio/github/lishangbu/avalon/dataset/entity/dto/BerrySpecification;)Lorg/babyfish/jimmer/Page;" line="27"><counter type="INSTRUCTION" missed="0" covered="6"/><counter type="LINE" missed="0" covered="1"/><counter type="COMPLEXITY" missed="0" covered="1"/><counter type="METHOD" missed="0" covered="1"/></method><method name="save" desc="(Lio/github/lishangbu/avalon/dataset/entity/dto/SaveBerryInput;)Lio/github/lishangbu/avalon/dataset/entity/dto/BerryView;" line="33"><counter type="INSTRUCTION" missed="0" covered="5"/><counter type="LINE" missed="0" covered="1"/><counter type="COMPLEXITY" missed="0" covered="1"/><counter type="METHOD" missed="0" covered="1"/></method><method name="update" desc="(Lio/github/lishangbu/avalon/dataset/entity/dto/UpdateBerryInput;)Lio/github/lishangbu/avalon/dataset/entity/dto/BerryView;" line="39"><counter type="INSTRUCTION" missed="0" covered="5"/><counter type="LINE" missed="0" covered="1"/><counter type="COMPLEXITY" missed="0" covered="1"/><counter type="METHOD" missed="0" covered="1"/></method><method name="deleteById" desc="(J)V" line="46"><counter type="INSTRUCTION" missed="0" covered="5"/><counter type="LINE" missed="0" covered="2"/><counter type="COMPLEXITY" missed="0" covered="1"/><counter type="METHOD" missed="0" covered="1"/></method><counter type="INSTRUCTION" missed="0" covered="27"/><counter type="LINE" missed="0" covered="8"/><counter type="COMPLEXITY" missed="0" covered="5"/><counter type="METHOD" missed="0" covered="5"/><counter type="CLASS" missed="0" covered="1"/></class><sourcefile name="MoveTargetController.kt"><line nr="19" mi="0" ci="2" mb="0" cb="0"/><line nr="21" mi="0" ci="1" mb="0" cb="0"/><line nr="22" mi="0" ci="3" mb="0" cb="0"/><line nr="27" mi="0" ci="5" mb="0" cb="0"/><line nr="32" mi="0" ci="5" mb="0" cb="0"/><line nr="38" mi="0" ci="4" mb="0" cb="0"/><line nr="39" mi="0" ci="1" mb="0" cb="0"/><line nr="44" mi="0" ci="5" mb="0" cb="0"/><counter type="INSTRUCTION" missed="0" covered="26"/><counter type="LINE" missed="0" covered="8"/><counter type="COMPLEXITY" missed="0" covered="5"/><counter type="METHOD" missed="0" covered="5"/><counter type="CLASS" missed="0" covered="1"/></sourcefile><sourcefile name="GrowthRateController.kt"><line nr="11" mi="0" ci="2" mb="0" cb="0"/><line nr="13" mi="0" ci="1" mb="0" cb="0"/><line nr="15" mi="0" ci="3" mb="0" cb="0"/><line nr="21" mi="0" ci="5" mb="0" cb="0"/><line nr="27" mi="0" ci="5" mb="0" cb="0"/><line nr="34" mi="0" ci="4" mb="0" cb="0"/><line nr="35" mi="0" ci="1" mb="0" cb="0"/><line nr="41" mi="0" ci="5" mb="0" cb="0"/><counter type="INSTRUCTION" missed="0" covered="26"/><counter type="LINE" missed="0" covered="8"/><counter type="COMPLEXITY" missed="0" covered="5"/><counter type="METHOD" missed="0" covered="5"/><counter type="CLASS" missed="0" covered="1"/></sourcefile><sourcefile name="BerryFirmnessController.kt"><line nr="13" mi="0" ci="2" mb="0" cb="0"/><line nr="15" mi="0" ci="1" mb="0" cb="0"/><line nr="17" mi="0" ci="3" mb="0" cb="0"/><line nr="24" mi="0" ci="6" mb="0" cb="0"/><line nr="30" mi="0" ci="5" mb="0" cb="0"/><line nr="36" mi="0" ci="5" mb="0" cb="0"/><line nr="43" mi="0" ci="4" mb="0" cb="0"/><line nr="44" mi="0" ci="1" mb="0" cb="0"/><line nr="50" mi="0" ci="5" mb="0" cb="0"/><counter type="INSTRUCTION" missed="0" covered="32"/><counter type="LINE" missed="0" covered="9"/><counter type="COMPLEXITY" missed="0" covered="6"/><counter type="METHOD" missed="0" covered="6"/><counter type="CLASS" missed="0" covered="1"/></sourcefile><sourcefile name="EncounterConditionValueController.kt"><line nr="19" mi="0" ci="2" mb="0" cb="0"/><line nr="21" mi="0" ci="1" mb="0" cb="0"/><line nr="22" mi="0" ci="3" mb="0" cb="0"/><line nr="27" mi="0" ci="5" mb="0" cb="0"/><line nr="32" mi="0" ci="5" mb="0" cb="0"/><line nr="38" mi="0" ci="4" mb="0" cb="0"/><line nr="39" mi="0" ci="1" mb="0" cb="0"/><line nr="44" mi="0" ci="5" mb="0" cb="0"/><counter type="INSTRUCTION" missed="0" covered="26"/><counter type="LINE" missed="0" covered="8"/><counter type="COMPLEXITY" missed="0" covered="5"/><counter type="METHOD" missed="0" covered="5"/><counter type="CLASS" missed="0" covered="1"/></sourcefile><sourcefile name="TypeController.kt"><line nr="11" mi="0" ci="2" mb="0" cb="0"/><line nr="13" mi="0" ci="1" mb="0" cb="0"/><line nr="15" mi="0" ci="3" mb="0" cb="0"/><line nr="21" mi="0" ci="5" mb="0" cb="0"/><line nr="27" mi="0" ci="5" mb="0" cb="0"/><line nr="34" mi="0" ci="4" mb="0" cb="0"/><line nr="35" mi="0" ci="1" mb="0" cb="0"/><line nr="41" mi="0" ci="5" mb="0" cb="0"/><counter type="INSTRUCTION" missed="0" covered="26"/><counter type="LINE" missed="0" covered="8"/><counter type="COMPLEXITY" missed="0" covered="5"/><counter type="METHOD" missed="0" covered="5"/><counter type="CLASS" missed="0" covered="1"/></sourcefile><sourcefile name="ItemFlingEffectController.kt"><line nr="19" mi="0" ci="2" mb="0" cb="0"/><line nr="21" mi="0" ci="1" mb="0" cb="0"/><line nr="22" mi="0" ci="3" mb="0" cb="0"/><line nr="27" mi="0" ci="5" mb="0" cb="0"/><line nr="32" mi="0" ci="5" mb="0" cb="0"/><line nr="38" mi="0" ci="4" mb="0" cb="0"/><line nr="39" mi="0" ci="1" mb="0" cb="0"/><line nr="44" mi="0" ci="5" mb="0" cb="0"/><counter type="INSTRUCTION" missed="0" covered="26"/><counter type="LINE" missed="0" covered="8"/><counter type="COMPLEXITY" missed="0" covered="5"/><counter type="METHOD" missed="0" covered="5"/><counter type="CLASS" missed="0" covered="1"/></sourcefile><sourcefile name="GenderController.kt"><line nr="19" mi="0" ci="2" mb="0" cb="0"/><line nr="21" mi="0" ci="1" mb="0" cb="0"/><line nr="23" mi="0" ci="3" mb="0" cb="0"/><line nr="29" mi="0" ci="5" mb="0" cb="0"/><line nr="35" mi="0" ci="5" mb="0" cb="0"/><line nr="42" mi="0" ci="4" mb="0" cb="0"/><line nr="43" mi="0" ci="1" mb="0" cb="0"/><line nr="49" mi="0" ci="5" mb="0" cb="0"/><counter type="INSTRUCTION" missed="0" covered="26"/><counter type="LINE" missed="0" covered="8"/><counter type="COMPLEXITY" missed="0" covered="5"/><counter type="METHOD" missed="0" covered="5"/><counter type="CLASS" missed="0" covered="1"/></sourcefile><sourcefile name="EggGroupController.kt"><line nr="19" mi="0" ci="2" mb="0" cb="0"/><line nr="21" mi="0" ci="1" mb="0" cb="0"/><line nr="22" mi="0" ci="3" mb="0" cb="0"/><line nr="27" mi="0" ci="5" mb="0" cb="0"/><line nr="32" mi="0" ci="5" mb="0" cb="0"/><line nr="38" mi="0" ci="4" mb="0" cb="0"/><line nr="39" mi="0" ci="1" mb="0" cb="0"/><line nr="44" mi="0" ci="5" mb="0" cb="0"/><counter type="INSTRUCTION" missed="0" covered="26"/><counter type="LINE" missed="0" covered="8"/><counter type="COMPLEXITY" missed="0" covered="5"/><counter type="METHOD" missed="0" covered="5"/><counter type="CLASS" missed="0" covered="1"/></sourcefile><sourcefile name="EncounterConditionController.kt"><line nr="19" mi="0" ci="2" mb="0" cb="0"/><line nr="21" mi="0" ci="1" mb="0" cb="0"/><line nr="22" mi="0" ci="3" mb="0" cb="0"/><line nr="27" mi="0" ci="5" mb="0" cb="0"/><line nr="32" mi="0" ci="5" mb="0" cb="0"/><line nr="38" mi="0" ci="4" mb="0" cb="0"/><line nr="39" mi="0" ci="1" mb="0" cb="0"/><line nr="44" mi="0" ci="5" mb="0" cb="0"/><counter type="INSTRUCTION" missed="0" covered="26"/><counter type="LINE" missed="0" covered="8"/><counter type="COMPLEXITY" missed="0" covered="5"/><counter type="METHOD" missed="0" covered="5"/><counter type="CLASS" missed="0" covered="1"/></sourcefile><sourcefile name="EvolutionTriggerController.kt"><line nr="19" mi="0" ci="2" mb="0" cb="0"/><line nr="21" mi="0" ci="1" mb="0" cb="0"/><line nr="22" mi="0" ci="3" mb="0" cb="0"/><line nr="27" mi="0" ci="5" mb="0" cb="0"/><line nr="32" mi="0" ci="5" mb="0" cb="0"/><line nr="38" mi="0" ci="4" mb="0" cb="0"/><line nr="39" mi="0" ci="1" mb="0" cb="0"/><line nr="44" mi="0" ci="5" mb="0" cb="0"/><counter type="INSTRUCTION" missed="0" covered="26"/><counter type="LINE" missed="0" covered="8"/><counter type="COMPLEXITY" missed="0" covered="5"/><counter type="METHOD" missed="0" covered="5"/><counter type="CLASS" missed="0" covered="1"/></sourcefile><sourcefile name="AbilityController.kt"><line nr="19" mi="0" ci="2" mb="0" cb="0"/><line nr="21" mi="0" ci="1" mb="0" cb="0"/><line nr="22" mi="0" ci="3" mb="0" cb="0"/><line nr="27" mi="0" ci="5" mb="0" cb="0"/><line nr="32" mi="0" ci="5" mb="0" cb="0"/><line nr="38" mi="0" ci="4" mb="0" cb="0"/><line nr="39" mi="0" ci="1" mb="0" cb="0"/><line nr="44" mi="0" ci="5" mb="0" cb="0"/><counter type="INSTRUCTION" missed="0" covered="26"/><counter type="LINE" missed="0" covered="8"/><counter type="COMPLEXITY" missed="0" covered="5"/><counter type="METHOD" missed="0" covered="5"/><counter type="CLASS" missed="0" covered="1"/></sourcefile><sourcefile name="ItemPocketController.kt"><line nr="19" mi="0" ci="2" mb="0" cb="0"/><line nr="21" mi="0" ci="1" mb="0" cb="0"/><line nr="22" mi="0" ci="3" mb="0" cb="0"/><line nr="27" mi="0" ci="5" mb="0" cb="0"/><line nr="32" mi="0" ci="5" mb="0" cb="0"/><line nr="38" mi="0" ci="4" mb="0" cb="0"/><line nr="39" mi="0" ci="1" mb="0" cb="0"/><line nr="44" mi="0" ci="5" mb="0" cb="0"/><counter type="INSTRUCTION" missed="0" covered="26"/><counter type="LINE" missed="0" covered="8"/><counter type="COMPLEXITY" missed="0" covered="5"/><counter type="METHOD" missed="0" covered="5"/><counter type="CLASS" missed="0" covered="1"/></sourcefile><sourcefile name="NatureController.kt"><line nr="19" mi="0" ci="2" mb="0" cb="0"/><line nr="21" mi="0" ci="1" mb="0" cb="0"/><line nr="22" mi="0" ci="3" mb="0" cb="0"/><line nr="27" mi="0" ci="5" mb="0" cb="0"/><line nr="32" mi="0" ci="5" mb="0" cb="0"/><line nr="38" mi="0" ci="4" mb="0" cb="0"/><line nr="39" mi="0" ci="1" mb="0" cb="0"/><line nr="44" mi="0" ci="5" mb="0" cb="0"/><counter type="INSTRUCTION" missed="0" covered="26"/><counter type="LINE" missed="0" covered="8"/><counter type="COMPLEXITY" missed="0" covered="5"/><counter type="METHOD" missed="0" covered="5"/><counter type="CLASS" missed="0" covered="1"/></sourcefile><sourcefile name="MoveLearnMethodController.kt"><line nr="19" mi="0" ci="2" mb="0" cb="0"/><line nr="21" mi="0" ci="1" mb="0" cb="0"/><line nr="22" mi="0" ci="3" mb="0" cb="0"/><line nr="27" mi="0" ci="5" mb="0" cb="0"/><line nr="32" mi="0" ci="5" mb="0" cb="0"/><line nr="38" mi="0" ci="4" mb="0" cb="0"/><line nr="39" mi="0" ci="1" mb="0" cb="0"/><line nr="44" mi="0" ci="5" mb="0" cb="0"/><counter type="INSTRUCTION" missed="0" covered="26"/><counter type="LINE" missed="0" covered="8"/><counter type="COMPLEXITY" missed="0" covered="5"/><counter type="METHOD" missed="0" covered="5"/><counter type="CLASS" missed="0" covered="1"/></sourcefile><sourcefile name="PokemonShapeController.kt"><line nr="19" mi="0" ci="2" mb="0" cb="0"/><line nr="21" mi="0" ci="1" mb="0" cb="0"/><line nr="22" mi="0" ci="3" mb="0" cb="0"/><line nr="27" mi="0" ci="5" mb="0" cb="0"/><line nr="32" mi="0" ci="5" mb="0" cb="0"/><line nr="38" mi="0" ci="4" mb="0" cb="0"/><line nr="39" mi="0" ci="1" mb="0" cb="0"/><line nr="44" mi="0" ci="5" mb="0" cb="0"/><counter type="INSTRUCTION" missed="0" covered="26"/><counter type="LINE" missed="0" covered="8"/><counter type="COMPLEXITY" missed="0" covered="5"/><counter type="METHOD" missed="0" covered="5"/><counter type="CLASS" missed="0" covered="1"/></sourcefile><sourcefile name="MoveCategoryController.kt"><line nr="19" mi="0" ci="2" mb="0" cb="0"/><line nr="21" mi="0" ci="1" mb="0" cb="0"/><line nr="22" mi="0" ci="3" mb="0" cb="0"/><line nr="27" mi="0" ci="5" mb="0" cb="0"/><line nr="32" mi="0" ci="5" mb="0" cb="0"/><line nr="38" mi="0" ci="4" mb="0" cb="0"/><line nr="39" mi="0" ci="1" mb="0" cb="0"/><line nr="44" mi="0" ci="5" mb="0" cb="0"/><counter type="INSTRUCTION" missed="0" covered="26"/><counter type="LINE" missed="0" covered="8"/><counter type="COMPLEXITY" missed="0" covered="5"/><counter type="METHOD" missed="0" covered="5"/><counter type="CLASS" missed="0" covered="1"/></sourcefile><sourcefile name="TypeEffectivenessController.kt"><line nr="15" mi="0" ci="2" mb="0" cb="0"/><line nr="17" mi="0" ci="1" mb="0" cb="0"/><line nr="18" mi="0" ci="3" mb="0" cb="0"/><line nr="25" mi="0" ci="6" mb="0" cb="0"/><line nr="29" mi="0" ci="4" mb="0" cb="0"/><line nr="35" mi="0" ci="5" mb="0" cb="0"/><counter type="INSTRUCTION" missed="0" covered="21"/><counter type="LINE" missed="0" covered="6"/><counter type="COMPLEXITY" missed="0" covered="4"/><counter type="METHOD" missed="0" covered="4"/><counter type="CLASS" missed="0" covered="1"/></sourcefile><sourcefile name="ItemAttributeController.kt"><line nr="19" mi="0" ci="2" mb="0" cb="0"/><line nr="21" mi="0" ci="1" mb="0" cb="0"/><line nr="22" mi="0" ci="3" mb="0" cb="0"/><line nr="27" mi="0" ci="5" mb="0" cb="0"/><line nr="32" mi="0" ci="5" mb="0" cb="0"/><line nr="38" mi="0" ci="4" mb="0" cb="0"/><line nr="39" mi="0" ci="1" mb="0" cb="0"/><line nr="44" mi="0" ci="5" mb="0" cb="0"/><counter type="INSTRUCTION" missed="0" covered="26"/><counter type="LINE" missed="0" covered="8"/><counter type="COMPLEXITY" missed="0" covered="5"/><counter type="METHOD" missed="0" covered="5"/><counter type="CLASS" missed="0" covered="1"/></sourcefile><sourcefile name="PokemonColorController.kt"><line nr="19" mi="0" ci="2" mb="0" cb="0"/><line nr="21" mi="0" ci="1" mb="0" cb="0"/><line nr="22" mi="0" ci="3" mb="0" cb="0"/><line nr="27" mi="0" ci="5" mb="0" cb="0"/><line nr="32" mi="0" ci="5" mb="0" cb="0"/><line nr="38" mi="0" ci="4" mb="0" cb="0"/><line nr="39" mi="0" ci="1" mb="0" cb="0"/><line nr="44" mi="0" ci="5" mb="0" cb="0"/><counter type="INSTRUCTION" missed="0" covered="26"/><counter type="LINE" missed="0" covered="8"/><counter type="COMPLEXITY" missed="0" covered="5"/><counter type="METHOD" missed="0" covered="5"/><counter type="CLASS" missed="0" covered="1"/></sourcefile><sourcefile name="BerryFlavorController.kt"><line nr="11" mi="0" ci="2" mb="0" cb="0"/><line nr="13" mi="0" ci="1" mb="0" cb="0"/><line nr="15" mi="0" ci="3" mb="0" cb="0"/><line nr="21" mi="0" ci="5" mb="0" cb="0"/><line nr="27" mi="0" ci="5" mb="0" cb="0"/><line nr="33" mi="0" ci="5" mb="0" cb="0"/><line nr="40" mi="0" ci="4" mb="0" cb="0"/><line nr="41" mi="0" ci="1" mb="0" cb="0"/><counter type="INSTRUCTION" missed="0" covered="26"/><counter type="LINE" missed="0" covered="8"/><counter type="COMPLEXITY" missed="0" covered="5"/><counter type="METHOD" missed="0" covered="5"/><counter type="CLASS" missed="0" covered="1"/></sourcefile><sourcefile name="MoveAilmentController.kt"><line nr="19" mi="0" ci="2" mb="0" cb="0"/><line nr="21" mi="0" ci="1" mb="0" cb="0"/><line nr="22" mi="0" ci="3" mb="0" cb="0"/><line nr="27" mi="0" ci="5" mb="0" cb="0"/><line nr="32" mi="0" ci="5" mb="0" cb="0"/><line nr="38" mi="0" ci="4" mb="0" cb="0"/><line nr="39" mi="0" ci="1" mb="0" cb="0"/><line nr="44" mi="0" ci="5" mb="0" cb="0"/><counter type="INSTRUCTION" missed="0" covered="26"/><counter type="LINE" missed="0" covered="8"/><counter type="COMPLEXITY" missed="0" covered="5"/><counter type="METHOD" missed="0" covered="5"/><counter type="CLASS" missed="0" covered="1"/></sourcefile><sourcefile name="ItemCategoryController.kt"><line nr="19" mi="0" ci="2" mb="0" cb="0"/><line nr="21" mi="0" ci="1" mb="0" cb="0"/><line nr="22" mi="0" ci="3" mb="0" cb="0"/><line nr="27" mi="0" ci="5" mb="0" cb="0"/><line nr="32" mi="0" ci="5" mb="0" cb="0"/><line nr="38" mi="0" ci="4" mb="0" cb="0"/><line nr="39" mi="0" ci="1" mb="0" cb="0"/><line nr="44" mi="0" ci="5" mb="0" cb="0"/><counter type="INSTRUCTION" missed="0" covered="26"/><counter type="LINE" missed="0" covered="8"/><counter type="COMPLEXITY" missed="0" covered="5"/><counter type="METHOD" missed="0" covered="5"/><counter type="CLASS" missed="0" covered="1"/></sourcefile><sourcefile name="BerryController.kt"><line nr="16" mi="0" ci="2" mb="0" cb="0"/><line nr="18" mi="0" ci="1" mb="0" cb="0"/><line nr="20" mi="0" ci="3" mb="0" cb="0"/><line nr="27" mi="0" ci="6" mb="0" cb="0"/><line nr="33" mi="0" ci="5" mb="0" cb="0"/><line nr="39" mi="0" ci="5" mb="0" cb="0"/><line nr="46" mi="0" ci="4" mb="0" cb="0"/><line nr="47" mi="0" ci="1" mb="0" cb="0"/><counter type="INSTRUCTION" missed="0" covered="27"/><counter type="LINE" missed="0" covered="8"/><counter type="COMPLEXITY" missed="0" covered="5"/><counter type="METHOD" missed="0" covered="5"/><counter type="CLASS" missed="0" covered="1"/></sourcefile><sourcefile name="EncounterMethodController.kt"><line nr="19" mi="0" ci="2" mb="0" cb="0"/><line nr="21" mi="0" ci="1" mb="0" cb="0"/><line nr="22" mi="0" ci="3" mb="0" cb="0"/><line nr="27" mi="0" ci="5" mb="0" cb="0"/><line nr="32" mi="0" ci="5" mb="0" cb="0"/><line nr="38" mi="0" ci="4" mb="0" cb="0"/><line nr="39" mi="0" ci="1" mb="0" cb="0"/><line nr="44" mi="0" ci="5" mb="0" cb="0"/><counter type="INSTRUCTION" missed="0" covered="26"/><counter type="LINE" missed="0" covered="8"/><counter type="COMPLEXITY" missed="0" covered="5"/><counter type="METHOD" missed="0" covered="5"/><counter type="CLASS" missed="0" covered="1"/></sourcefile><sourcefile name="PokemonHabitatController.kt"><line nr="19" mi="0" ci="2" mb="0" cb="0"/><line nr="21" mi="0" ci="1" mb="0" cb="0"/><line nr="22" mi="0" ci="3" mb="0" cb="0"/><line nr="27" mi="0" ci="5" mb="0" cb="0"/><line nr="32" mi="0" ci="5" mb="0" cb="0"/><line nr="38" mi="0" ci="4" mb="0" cb="0"/><line nr="39" mi="0" ci="1" mb="0" cb="0"/><line nr="44" mi="0" ci="5" mb="0" cb="0"/><counter type="INSTRUCTION" missed="0" covered="26"/><counter type="LINE" missed="0" covered="8"/><counter type="COMPLEXITY" missed="0" covered="5"/><counter type="METHOD" missed="0" covered="5"/><counter type="CLASS" missed="0" covered="1"/></sourcefile><sourcefile name="MoveDamageClassController.kt"><line nr="13" mi="0" ci="2" mb="0" cb="0"/><line nr="15" mi="0" ci="1" mb="0" cb="0"/><line nr="17" mi="0" ci="3" mb="0" cb="0"/><line nr="24" mi="0" ci="6" mb="0" cb="0"/><line nr="30" mi="0" ci="5" mb="0" cb="0"/><line nr="36" mi="0" ci="5" mb="0" cb="0"/><line nr="43" mi="0" ci="4" mb="0" cb="0"/><line nr="44" mi="0" ci="1" mb="0" cb="0"/><line nr="50" mi="0" ci="5" mb="0" cb="0"/><counter type="INSTRUCTION" missed="0" covered="32"/><counter type="LINE" missed="0" covered="9"/><counter type="COMPLEXITY" missed="0" covered="6"/><counter type="METHOD" missed="0" covered="6"/><counter type="CLASS" missed="0" covered="1"/></sourcefile><sourcefile name="StatController.kt"><line nr="11" mi="0" ci="2" mb="0" cb="0"/><line nr="13" mi="0" ci="1" mb="0" cb="0"/><line nr="15" mi="0" ci="3" mb="0" cb="0"/><line nr="21" mi="0" ci="5" mb="0" cb="0"/><line nr="27" mi="0" ci="5" mb="0" cb="0"/><line nr="34" mi="0" ci="4" mb="0" cb="0"/><line nr="35" mi="0" ci="1" mb="0" cb="0"/><line nr="41" mi="0" ci="5" mb="0" cb="0"/><counter type="INSTRUCTION" missed="0" covered="26"/><counter type="LINE" missed="0" covered="8"/><counter type="COMPLEXITY" missed="0" covered="5"/><counter type="METHOD" missed="0" covered="5"/><counter type="CLASS" missed="0" covered="1"/></sourcefile><counter type="INSTRUCTION" missed="0" covered="710"/><counter type="LINE" missed="0" covered="216"/><counter type="COMPLEXITY" missed="0" covered="136"/><counter type="METHOD" missed="0" covered="136"/><counter type="CLASS" missed="0" covered="27"/></package><counter type="INSTRUCTION" missed="2691" covered="22000"/><counter type="BRANCH" missed="450" covered="1424"/><counter type="LINE" missed="445" covered="4481"/><counter type="COMPLEXITY" missed="579" covered="1756"/><counter type="METHOD" missed="154" covered="1242"/><counter type="CLASS" missed="8" covered="249"/></report>